#
# A fatal error has been detected by the Java Runtime Environment:
#
#  SIGSEGV (0xb) at pc=0x00007fff431538b0, pid=25151, tid=0x0000000000000307
#
# JRE version: Java(TM) SE Runtime Environment (8.0_202-b08) (build 1.8.0_202-b08)
# Java VM: Java HotSpot(TM) 64-Bit Server VM (25.202-b08 mixed mode bsd-amd64 compressed oops)
# Problematic frame:
# C  [GLEngine+0x1298b0]  gleRunVertexSubmitImmediate+0x9a0
#
# Failed to write core dump. Core dumps have been disabled. To enable core dumping, try "ulimit -c unlimited" before starting Java again
#
# If you would like to submit a bug report, please visit:
#   http://bugreport.java.com/bugreport/crash.jsp
# The crash happened outside the Java Virtual Machine in native code.
# See problematic frame for where to report the bug.
#

---------------  T H R E A D  ---------------

Current thread (0x00007fc1ec811000):  JavaThread "main" [_thread_in_native, id=775, stack(0x00007ffeea3cb000,0x00007ffeeabcb000)]

siginfo: si_signo: 11 (SIGSEGV), si_code: 1 (SEGV_MAPERR), si_addr: 0x0000000000000000

Registers:
RAX=0x0000000000000000, RBX=0x0000000000000006, RCX=0x00007fff431538b0, RDX=0x00007fff43155ef4
RSP=0x00007ffeeabc5060, RBP=0x00007ffeeabc5210, RSI=0x00007fc1ef072fc0, RDI=0x0000000000001c32
R8 =0x00007fc1ee60a700, R9 =0x0000000000000002, R10=0x0000000000000001, R11=0x0000000386401093
R12=0x0000000000000000, R13=0x000000010d051000, R14=0x0000000000000000, R15=0x00001c3200849800
RIP=0x00007fff431538b0, EFLAGS=0x0000000000010213, ERR=0x0000000000000004
  TRAPNO=0x000000000000000e

Top of Stack: (sp=0x00007ffeeabc5060)
0x00007ffeeabc5060:   cb000000cb000000 cb000000cb000000
0x00007ffeeabc5070:   43dce1c55f9800c2 000000010d051170
0x00007ffeeabc5080:   000000010d051140 000000010d0511a0
0x00007ffeeabc5090:   000000010d051160 000000010d051180
0x00007ffeeabc50a0:   000000010d051150 0000000000000003
0x00007ffeeabc50b0:   0000000000000000 0000000000000000
0x00007ffeeabc50c0:   0000000000001c32 000000010d051190
0x00007ffeeabc50d0:   fffffffffffffffe 010000010d051810
0x00007ffeeabc50e0:   000000003f000000 0000000000000000
0x00007ffeeabc50f0:   0000011c7f186060 000000000cfe31e0
0x00007ffeeabc5100:   00007fc1ee60a700 000000010d051140
0x00007ffeeabc5110:   000000107a000003 0000000000000000
0x00007ffeeabc5120:   7a00000300000000 000000010d051000
0x00007ffeeabc5130:   0000000000000000 0000000000000000
0x00007ffeeabc5140:   43dce1c55f9800c2 0000000000000006
0x00007ffeeabc5150:   0000000000001548 000000010cfe31e0
0x00007ffeeabc5160:   000000010cfe02b0 0000000000000020
0x00007ffeeabc5170:   0000000000000000 0000000000000000
0x00007ffeeabc5180:   0000000000000000 0000000000000718
0x00007ffeeabc5190:   000000010cfe02b0 00007ffeeabc51f4
0x00007ffeeabc51a0:   0000000000000000 000000010d7c90c0
0x00007ffeeabc51b0:   000000010d7cc000 0000000000000000
0x00007ffeeabc51c0:   000000010d054da0 000000010d054fb0
0x00007ffeeabc51d0:   00007fc1ef072fc0 0000000000000000
0x00007ffeeabc51e0:   43dce1c55f9800c2 0000000000000000
0x00007ffeeabc51f0:   00007fc1ef072c00 000000010d051000
0x00007ffeeabc5200:   00000000000000fc 00000000000000fc
0x00007ffeeabc5210:   00007ffeeabc5280 00007fff430e0b5a
0x00007ffeeabc5220:   000000010e48fe70 00007fc1ef073040
0x00007ffeeabc5230:   00000000000000fc 000000010d05b3d0
0x00007ffeeabc5240:   0000000000000004 0000000000000004
0x00007ffeeabc5250:   000000fc00000000 000000011fd93f50 

Instructions: (pc=0x00007fff431538b0)
0x00007fff43153890:   85 48 01 00 00 e9 f2 23 00 00 b8 06 00 00 00 48
0x00007fff431538a0:   89 85 38 ff ff ff bf 05 00 00 00 e9 f4 21 00 00
0x00007fff431538b0:   48 8b 00 48 89 85 00 ff ff ff 48 89 45 80 bf 05
0x00007fff431538c0:   00 00 00 e9 dc 21 00 00 48 8b 08 48 89 8d 00 ff 

Register to memory mapping:

RAX=0x0000000000000000 is an unknown value
RBX=0x0000000000000006 is an unknown value
RCX=0x00007fff431538b0: gleRunVertexSubmitImmediate+0x9a0 in /System/Library/Frameworks/OpenGL.framework/Versions/A/Resources/GLEngine.bundle/GLEngine at 0x00007fff4302a000
RDX=0x00007fff43155ef4: gleRunVertexSubmitImmediate+0x2fe4 in /System/Library/Frameworks/OpenGL.framework/Versions/A/Resources/GLEngine.bundle/GLEngine at 0x00007fff4302a000
RSP=0x00007ffeeabc5060 is pointing into the stack for thread: 0x00007fc1ec811000
RBP=0x00007ffeeabc5210 is pointing into the stack for thread: 0x00007fc1ec811000
RSI=0x00007fc1ef072fc0 is an unknown value
RDI=0x0000000000001c32 is an unknown value
R8 =0x00007fc1ee60a700 is an unknown value
R9 =0x0000000000000002 is an unknown value
R10=0x0000000000000001 is an unknown value
R11=0x0000000386401093 is an unknown value
R12=0x0000000000000000 is an unknown value
R13=0x000000010d051000 is an unknown value
R14=0x0000000000000000 is an unknown value
R15=0x00001c3200849800 is an unknown value


Stack: [0x00007ffeea3cb000,0x00007ffeeabcb000],  sp=0x00007ffeeabc5060,  free space=8168k
Native frames: (J=compiled Java code, j=interpreted, Vv=VM code, C=native code)
C  [GLEngine+0x1298b0]  gleRunVertexSubmitImmediate+0x9a0
C  [GLEngine+0xb6b5a]  glDrawArrays_ACC_GL3Exec+0x2dc
j  org.lwjgl.opengl.GL11C.glDrawArrays(III)V+0
j  org.lwjgl.opengl.GL11.glDrawArrays(III)V+3
j  render.FontRenderer.draw(Lorg/joml/Matrix4f;)V+112
j  Window.loop()V+1615
j  Window.access$loop(LWindow;)V+1
j  Window$run$1.invokeSuspend(Ljava/lang/Object;)Ljava/lang/Object;+41
j  kotlin.coroutines.jvm.internal.BaseContinuationImpl.resumeWith(Ljava/lang/Object;)V+48
j  kotlinx.coroutines.DispatchedTask.run()V+302
j  kotlinx.coroutines.EventLoopImplBase.processNextEvent()J+184
j  kotlinx.coroutines.BlockingCoroutine.joinBlocking()Ljava/lang/Object;+76
j  kotlinx.coroutines.BuildersKt__BuildersKt.runBlocking(Lkotlin/coroutines/CoroutineContext;Lkotlin/jvm/functions/Function2;)Ljava/lang/Object;+182
j  kotlinx.coroutines.BuildersKt.runBlocking(Lkotlin/coroutines/CoroutineContext;Lkotlin/jvm/functions/Function2;)Ljava/lang/Object;+2
j  kotlinx.coroutines.BuildersKt__BuildersKt.runBlocking$default(Lkotlin/coroutines/CoroutineContext;Lkotlin/jvm/functions/Function2;ILjava/lang/Object;)Ljava/lang/Object;+15
j  kotlinx.coroutines.BuildersKt.runBlocking$default(Lkotlin/coroutines/CoroutineContext;Lkotlin/jvm/functions/Function2;ILjava/lang/Object;)Ljava/lang/Object;+4
j  Window.run()V+32
j  StartKt.main()V+9
j  StartKt.main([Ljava/lang/String;)V+0
v  ~StubRoutines::call_stub
V  [libjvm.dylib+0x2f0d1e]
V  [libjvm.dylib+0x327cc5]
V  [libjvm.dylib+0x320a51]
C  [java+0x38c6]  JavaMain+0x9c4
C  [java+0x57ee]  __JVMInit_block_invoke_1+0x51
C  [Foundation+0x427bd]  __NSBLOCKOPERATION_IS_CALLING_OUT_TO_A_BLOCK__+0x7
C  [Foundation+0x426b5]  -[NSBlockOperation main]+0x62
C  [Foundation+0x42640]  __NSOPERATION_IS_INVOKING_MAIN__+0x11
C  [Foundation+0x41834]  -[NSOperation start]+0x2db
C  [Foundation+0x9c8ab]  __NSThreadPerformPerform+0xfe
C  [CoreFoundation+0x84b21]  __CFRUNLOOP_IS_CALLING_OUT_TO_A_SOURCE0_PERFORM_FUNCTION__+0x11
C  [CoreFoundation+0x84ac0]  __CFRunLoopDoSource0+0x67
C  [CoreFoundation+0x848d4]  __CFRunLoopDoSources0+0xd1
C  [CoreFoundation+0x83740]  __CFRunLoopRun+0x4f8
C  [CoreFoundation+0x82bd3]  CFRunLoopRunSpecific+0x1f3
C  [java+0x646e]  CreateExecutionEnvironment+0x367
C  [java+0x203c]  JLI_Launch+0x7a0
C  [java+0x84cb]  main+0x65
C  [java+0x1894]  start+0x34
C  0x000000000000000c

Java frames: (J=compiled Java code, j=interpreted, Vv=VM code)
j  org.lwjgl.opengl.GL11C.glDrawArrays(III)V+0
j  org.lwjgl.opengl.GL11.glDrawArrays(III)V+3
j  render.FontRenderer.draw(Lorg/joml/Matrix4f;)V+112
j  Window.loop()V+1615
j  Window.access$loop(LWindow;)V+1
j  Window$run$1.invokeSuspend(Ljava/lang/Object;)Ljava/lang/Object;+41
j  kotlin.coroutines.jvm.internal.BaseContinuationImpl.resumeWith(Ljava/lang/Object;)V+48
j  kotlinx.coroutines.DispatchedTask.run()V+302
j  kotlinx.coroutines.EventLoopImplBase.processNextEvent()J+184
j  kotlinx.coroutines.BlockingCoroutine.joinBlocking()Ljava/lang/Object;+76
j  kotlinx.coroutines.BuildersKt__BuildersKt.runBlocking(Lkotlin/coroutines/CoroutineContext;Lkotlin/jvm/functions/Function2;)Ljava/lang/Object;+182
j  kotlinx.coroutines.BuildersKt.runBlocking(Lkotlin/coroutines/CoroutineContext;Lkotlin/jvm/functions/Function2;)Ljava/lang/Object;+2
j  kotlinx.coroutines.BuildersKt__BuildersKt.runBlocking$default(Lkotlin/coroutines/CoroutineContext;Lkotlin/jvm/functions/Function2;ILjava/lang/Object;)Ljava/lang/Object;+15
j  kotlinx.coroutines.BuildersKt.runBlocking$default(Lkotlin/coroutines/CoroutineContext;Lkotlin/jvm/functions/Function2;ILjava/lang/Object;)Ljava/lang/Object;+4
j  Window.run()V+32
j  StartKt.main()V+9
j  StartKt.main([Ljava/lang/String;)V+0
v  ~StubRoutines::call_stub

---------------  P R O C E S S  ---------------

Java Threads: ( => current thread )
  0x00007fc1f0123000 JavaThread "kotlinx.coroutines.DefaultExecutor" daemon [_thread_blocked, id=14599, stack(0x000070000244f000,0x000070000254f000)]
  0x00007fc1ef4f7000 JavaThread "DefaultDispatcher-worker-4" daemon [_thread_in_Java, id=51203, stack(0x0000700002ff9000,0x00007000030f9000)]
  0x00007fc1ec35f800 JavaThread "DefaultDispatcher-worker-3" daemon [_thread_in_vm, id=50947, stack(0x0000700002ef6000,0x0000700002ff6000)]
  0x00007fc1f0120000 JavaThread "DefaultDispatcher-worker-2" daemon [_thread_in_Java, id=79363, stack(0x0000700002df3000,0x0000700002ef3000)]
  0x00007fc1ef4f5000 JavaThread "DefaultDispatcher-worker-1" daemon [_thread_in_vm, id=50723, stack(0x0000700002cf0000,0x0000700002df0000)]
  0x00007fc1ed81b800 JavaThread "Service Thread" daemon [_thread_blocked, id=18691, stack(0x000070000285b000,0x000070000295b000)]
  0x00007fc1ed81b000 JavaThread "C1 CompilerThread2" daemon [_thread_blocked, id=16131, stack(0x0000700002758000,0x0000700002858000)]
  0x00007fc1ed81a000 JavaThread "C2 CompilerThread1" daemon [_thread_in_native, id=15619, stack(0x0000700002655000,0x0000700002755000)]
  0x00007fc1ed819800 JavaThread "C2 CompilerThread0" daemon [_thread_in_native, id=15107, stack(0x0000700002552000,0x0000700002652000)]
  0x00007fc1ed813000 JavaThread "JDWP Event Helper Thread" daemon [_thread_blocked, id=19459, stack(0x000070000234c000,0x000070000244c000)]
  0x00007fc1ec012800 JavaThread "Signal Dispatcher" daemon [_thread_blocked, id=13827, stack(0x0000700002146000,0x0000700002246000)]
  0x00007fc1ed03c000 JavaThread "Finalizer" daemon [_thread_blocked, id=11267, stack(0x0000700001f3d000,0x000070000203d000)]
  0x00007fc1ec816800 JavaThread "Reference Handler" daemon [_thread_blocked, id=21251, stack(0x0000700001e3a000,0x0000700001f3a000)]
=>0x00007fc1ec811000 JavaThread "main" [_thread_in_native, id=775, stack(0x00007ffeea3cb000,0x00007ffeeabcb000)]

Other Threads:
  0x00007fc1ed03b800 VMThread [stack: 0x0000700001d37000,0x0000700001e37000] [id=10755]
  0x00007fc1ec013000 WatcherThread [stack: 0x000070000295e000,0x0000700002a5e000] [id=18179]

VM state:not at safepoint (normal execution)

VM Mutex/Monitor currently owned by a thread: None

heap address: 0x0000000778000000, size: 1152 MB, Compressed Oops mode: Zero based, Oop shift amount: 3
Narrow klass base: 0x0000000000000000, Narrow klass shift: 3
Compressed class space size: 1073741824 Address: 0x00000007c0000000