#
# A fatal error has been detected by the Java Runtime Environment:
#
#  SIGSEGV (0xb) at pc=0x00007fff3eae83fc, pid=48651, tid=0x0000000000000307
#
# JRE version: Java(TM) SE Runtime Environment (8.0_202-b08) (build 1.8.0_202-b08)
# Java VM: Java HotSpot(TM) 64-Bit Server VM (25.202-b08 mixed mode bsd-amd64 compressed oops)
# Problematic frame:
# C  [GLEngine+0x1473fc]  gleRunVertexSubmitImmediate+0x130c
#
# Failed to write core dump. Core dumps have been disabled. To enable core dumping, try "ulimit -c unlimited" before starting Java again
#
# If you would like to submit a bug report, please visit:
#   http://bugreport.java.com/bugreport/crash.jsp
# The crash happened outside the Java Virtual Machine in native code.
# See problematic frame for where to report the bug.
#

---------------  T H R E A D  ---------------

Current thread (0x00007fcc1a00e800):  JavaThread "main" [_thread_in_native, id=775, stack(0x00007ffedf40f000,0x00007ffedfc0f000)]

siginfo: si_signo: 11 (SIGSEGV), si_code: 1 (SEGV_MAPERR), si_addr: 0x0000000000000000

Registers:
RAX=0x0000000000000000, RBX=0x0000000000000006, RCX=0x00007fff3eae83fc, RDX=0x00007fff3eae9f58
RSP=0x00007ffedfc095c0, RBP=0x00007ffedfc09760, RSI=0x0000000000c00001, RDI=0x0000000000000002
R8 =0x0000000000000005, R9 =0x00007fcc1c4cd4d0, R10=0x0000000000001c32, R11=0x0000000000000001
R12=0x0000000000000000, R13=0x0000000386401093, R14=0x0000000000000000, R15=0x00001c3200849800
RIP=0x00007fff3eae83fc, EFLAGS=0x0000000000010207, ERR=0x0000000000000004
  TRAPNO=0x000000000000000e

Top of Stack: (sp=0x00007ffedfc095c0)
0x00007ffedfc095c0:   0800000000000000 000000012575f140
0x00007ffedfc095d0:   000000012575f170 000000012575f150
0x00007ffedfc095e0:   000000012575f180 000000012575f160
0x00007ffedfc095f0:   000000012575f1a0 0000000000000000
0x00007ffedfc09600:   0000000000000000 000000012575f190
0x00007ffedfc09610:   0000000000000003 000000012567e838
0x00007ffedfc09620:   000000003f000000 0000000000000000
0x00007ffedfc09630:   00007ffedfc096c0 000000002cfc204b
0x00007ffedfc09640:   00007fcc1c4cd4d0 00007ffedfc096f8
0x00007ffedfc09650:   0000000000000000 0000000000000000
0x00007ffedfc09660:   fffffffffffffffe 000000001000f010
0x00007ffedfc09670:   000000012575f1a0 0000000200000006
0x00007ffedfc09680:   0000000000000000 0000000000000000
0x00007ffedfc09690:   bed96be4be6f0027 000000012575f000
0x00007ffedfc096a0:   0000000000001548 00000001256781e0
0x00007ffedfc096b0:   00000001256752b0 0000000000000020
0x00007ffedfc096c0:   0000000000000000 0000000000000000
0x00007ffedfc096d0:   0000000000000000 0000000000000718
0x00007ffedfc096e0:   00000001256752b0 00007ffedfc09744
0x00007ffedfc096f0:   0000000000000000 0000000127ac7000
0x00007ffedfc09700:   0000000127adc690 0000000000000000
0x00007ffedfc09710:   0000000125762da0 0000000125762fb0
0x00007ffedfc09720:   00007fcc1adab7c0 0000000000000000
0x00007ffedfc09730:   bed96be4be6f0027 0000000000000000
0x00007ffedfc09740:   0000000000000723 000000012575f000
0x00007ffedfc09750:   0000000000000723 0000000000000723
0x00007ffedfc09760:   00007ffedfc097d0 00007fff3ea55fd1
0x00007ffedfc09770:   0000000000000000 00007fcc1adab840
0x00007ffedfc09780:   0000000000000004 0000000000000004
0x00007ffedfc09790:   0000000000000723 000000002575f000
0x00007ffedfc097a0:   00007fcc1adab400 000000012ae80338
0x00007ffedfc097b0:   0000000000000000 00007ffedfc09838 

Instructions: (pc=0x00007fff3eae83fc)
0x00007fff3eae83dc:   63 14 97 48 01 fa 8b bd 1c ff ff ff ff e2 83 ff
0x00007fff3eae83ec:   04 0f 85 80 08 00 00 66 0f 6e 00 e9 87 08 00 00
0x00007fff3eae83fc:   48 8b 00 48 89 85 f0 fe ff ff 48 89 45 80 e9 d1
0x00007fff3eae840c:   0c 00 00 48 8b 08 48 89 8d f0 fe ff ff 48 89 4d 

Register to memory mapping:

RAX=0x0000000000000000 is an unknown value
RBX=0x0000000000000006 is an unknown value
RCX=0x00007fff3eae83fc: gleRunVertexSubmitImmediate+0x130c in /System/Library/Frameworks/OpenGL.framework/Versions/A/Resources/GLEngine.bundle/GLEngine at 0x00007fff3e9a1000
RDX=0x00007fff3eae9f58: gleRunVertexSubmitImmediate+0x2e68 in /System/Library/Frameworks/OpenGL.framework/Versions/A/Resources/GLEngine.bundle/GLEngine at 0x00007fff3e9a1000
RSP=0x00007ffedfc095c0 is pointing into the stack for thread: 0x00007fcc1a00e800
RBP=0x00007ffedfc09760 is pointing into the stack for thread: 0x00007fcc1a00e800
RSI=0x0000000000c00001 is an unknown value
RDI=0x0000000000000002 is an unknown value
R8 =0x0000000000000005 is an unknown value
R9 =0x00007fcc1c4cd4d0 is an unknown value
R10=0x0000000000001c32 is an unknown value
R11=0x0000000000000001 is an unknown value
R12=0x0000000000000000 is an unknown value
R13=0x0000000386401093 is an unknown value
R14=0x0000000000000000 is an unknown value
R15=0x00001c3200849800 is an unknown value


Stack: [0x00007ffedf40f000,0x00007ffedfc0f000],  sp=0x00007ffedfc095c0,  free space=8169k
Native frames: (J=compiled Java code, j=interpreted, Vv=VM code, C=native code)
C  [GLEngine+0x1473fc]  gleRunVertexSubmitImmediate+0x130c
C  [GLEngine+0xb4fd1]  glDrawArrays_ACC_GL3Exec+0x245
J 1417  org.lwjgl.opengl.GL11C.glDrawArrays(III)V (0 bytes) @ 0x0000000113cf38fd [0x0000000113cf3840+0xbd]
j  org.lwjgl.opengl.GL11.glDrawArrays(III)V+3
j  render.FontRenderer.draw()V+17
j  Window.loop()V+864
j  Window.run()V+18
j  StartKt.main()V+9
j  StartKt.main([Ljava/lang/String;)V+0
v  ~StubRoutines::call_stub
V  [libjvm.dylib+0x2f0d1e]  JavaCalls::call_helper(JavaValue*, methodHandle*, JavaCallArguments*, Thread*)+0x6ae
V  [libjvm.dylib+0x327cc5]  jni_invoke_static(JNIEnv_*, JavaValue*, _jobject*, JNICallType, _jmethodID*, JNI_ArgumentPusher*, Thread*)+0x1bf
V  [libjvm.dylib+0x320a51]  jni_CallStaticVoidMethod+0x15d
C  [java+0x38c6]  JavaMain+0x9c4
C  [java+0x57ee]  __JVMInit_block_invoke_1+0x51
C  [Foundation+0x5655c]  __NSBLOCKOPERATION_IS_CALLING_OUT_TO_A_BLOCK__+0x7
C  [Foundation+0x56464]  -[NSBlockOperation main]+0x44
C  [Foundation+0x2c1dd]  -[__NSOperationInternal _start:]+0x2ad
C  [Foundation+0xb07f2]  __NSThreadPerformPerform+0x148
C  [CoreFoundation+0x58083]  __CFRUNLOOP_IS_CALLING_OUT_TO_A_SOURCE0_PERFORM_FUNCTION__+0x11
C  [CoreFoundation+0x58029]  __CFRunLoopDoSource0+0x6c
C  [CoreFoundation+0x3b9eb]  __CFRunLoopDoSources0+0xc3
C  [CoreFoundation+0x3afb5]  __CFRunLoopRun+0x4a5
C  [CoreFoundation+0x3a8be]  CFRunLoopRunSpecific+0x1c7
C  [java+0x646e]  CreateExecutionEnvironment+0x367
C  [java+0x203c]  JLI_Launch+0x7a0
C  [java+0x84cb]  main+0x65
C  [java+0x1894]  start+0x34
C  0x000000000000000c

Java frames: (J=compiled Java code, j=interpreted, Vv=VM code)
J 1417  org.lwjgl.opengl.GL11C.glDrawArrays(III)V (0 bytes) @ 0x0000000113cf3887 [0x0000000113cf3840+0x47]
j  org.lwjgl.opengl.GL11.glDrawArrays(III)V+3
j  render.FontRenderer.draw()V+17
j  Window.loop()V+864
j  Window.run()V+18
j  StartKt.main()V+9
j  StartKt.main([Ljava/lang/String;)V+0
v  ~StubRoutines::call_stub

---------------  P R O C E S S  ---------------

Java Threads: ( => current thread )
  0x00007fcc1b0d2000 JavaThread "Service Thread" daemon [_thread_blocked, id=15363, stack(0x000070000e0dc000,0x000070000e1dc000)]
  0x00007fcc1a04d800 JavaThread "C1 CompilerThread2" daemon [_thread_blocked, id=18179, stack(0x000070000dfd9000,0x000070000e0d9000)]
  0x00007fcc1a8ef000 JavaThread "C2 CompilerThread1" daemon [_thread_blocked, id=18435, stack(0x000070000ded6000,0x000070000dfd6000)]
  0x00007fcc1a8ab800 JavaThread "C2 CompilerThread0" daemon [_thread_blocked, id=14851, stack(0x000070000ddd3000,0x000070000ded3000)]
  0x00007fcc1a03b800 JavaThread "JDWP Command Reader" daemon [_thread_in_native, id=14339, stack(0x000070000dcd0000,0x000070000ddd0000)]
  0x00007fcc1a81c000 JavaThread "JDWP Event Helper Thread" daemon [_thread_blocked, id=18947, stack(0x000070000dbcd000,0x000070000dccd000)]
  0x00007fcc1b836800 JavaThread "JDWP Transport Listener: dt_socket" daemon [_thread_blocked, id=19207, stack(0x000070000daca000,0x000070000dbca000)]
  0x00007fcc1b823800 JavaThread "Signal Dispatcher" daemon [_thread_blocked, id=13315, stack(0x000070000d9c7000,0x000070000dac7000)]
  0x00007fcc1b820800 JavaThread "Finalizer" daemon [_thread_blocked, id=20995, stack(0x000070000d8c4000,0x000070000d9c4000)]
  0x00007fcc1a817800 JavaThread "Reference Handler" daemon [_thread_blocked, id=11779, stack(0x000070000d7c1000,0x000070000d8c1000)]
=>0x00007fcc1a00e800 JavaThread "main" [_thread_in_native, id=775, stack(0x00007ffedf40f000,0x00007ffedfc0f000)]

Other Threads:
  0x00007fcc1a805000 VMThread [stack: 0x000070000d6be000,0x000070000d7be000] [id=11267]
  0x00007fcc1a077000 WatcherThread [stack: 0x000070000e1df000,0x000070000e2df000] [id=17411]

VM state:not at safepoint (normal execution)

VM Mutex/Monitor currently owned by a thread: None

heap address: 0x0000000778000000, size: 1152 MB, Compressed Oops mode: Zero based, Oop shift amount: 3
Narrow klass base: 0x0000000000000000, Narrow klass shift: 3
Compressed class space size: 1073741824 Address: 0x00000007c0000000

Heap:
 PSYoungGen      total 342528K, used 245115K [0x00000007a8000000, 0x00000007c0000000, 0x00000007c0000000)
  eden space 287744K, 85% used [0x00000007a8000000,0x00000007b6f25ab0,0x00000007b9900000)
  from space 54784K, 0% used [0x00000007bca80000,0x00000007bcab9278,0x00000007c0000000)
  to   space 50688K, 0% used [0x00000007b9900000,0x00000007b9900000,0x00000007bca80000)
 ParOldGen       total 786432K, used 194052K [0x0000000778000000, 0x00000007a8000000, 0x00000007a8000000)
  object space 786432K, 24% used [0x0000000778000000,0x0000000783d810e8,0x00000007a8000000)
 Metaspace       used 17284K, capacity 17489K, committed 17792K, reserved 1064960K
  class space    used 1707K, capacity 1811K, committed 1920K, reserved 1048576K

Card table byte_map: [0x0000000111d79000,0x0000000111fba000] byte_map_base: 0x000000010e1b9000

Marking Bits: (ParMarkBitMap*) 0x00000001112fbe40
 Begin Bits: [0x00000001227ad000, 0x00000001239ad000)
 End Bits:   [0x00000001239ad000, 0x0000000124bad000)

Polling page: 0x000000011006a000

CodeCache: size=245760Kb used=5399Kb max_used=5411Kb free=240360Kb
 bounds [0x00000001137ad000, 0x0000000113cfd000, 0x00000001227ad000]
 total_blobs=2400 nmethods=1420 adapters=902
 compilation: enabled

Compilation events (10 events):
Event: 50.825 Thread 0x00007fcc1a04d800 1414       3       org.joml.internal.MemUtil$MemUtilUnsafe::addressOf (11 bytes)
Event: 50.826 Thread 0x00007fcc1a04d800 nmethod 1414 0x0000000113cf3010 code [0x0000000113cf3160, 0x0000000113cf32d0]
Event: 50.834 Thread 0x00007fcc1a04d800 1418       3       org.joml.internal.MemUtil$MemUtilUnsafe::put (32 bytes)
Event: 50.835 Thread 0x00007fcc1a04d800 nmethod 1418 0x0000000113cf3a50 code [0x0000000113cf3bc0, 0x0000000113cf3e08]
Event: 50.885 Thread 0x00007fcc1a04d800 1419       3       world.Chunk::draw (50 bytes)
Event: 50.886 Thread 0x00007fcc1a04d800 nmethod 1419 0x0000000113cf3f10 code [0x0000000113cf4120, 0x0000000113cf4a48]
Event: 50.901 Thread 0x00007fcc1a8ab800 1420       4       org.joml.internal.MemUtil$MemUtilUnsafe::put (44 bytes)
Event: 50.902 Thread 0x00007fcc1a8ab800 nmethod 1420 0x0000000113cf7c90 code [0x0000000113cf7de0, 0x0000000113cf7e78]
Event: 50.903 Thread 0x00007fcc1a8ef000 1421       4       org.lwjgl.system.MemoryStack::push (38 bytes)
Event: 50.903 Thread 0x00007fcc1a8ef000 nmethod 1421 0x0000000113cf6450 code [0x0000000113cf65a0, 0x0000000113cf66b8]

GC Heap History (10 events):
Event: 10.323 GC heap before
{Heap before GC invocations=26 (full 0):
 PSYoungGen      total 311296K, used 234592K [0x00000007a8000000, 0x00000007c0000000, 0x00000007c0000000)
  eden space 234496K, 100% used [0x00000007a8000000,0x00000007b6500000,0x00000007b6500000)
  from space 76800K, 0% used [0x00000007b6500000,0x00000007b6518000,0x00000007bb000000)
  to   space 72192K, 0% used [0x00000007bb980000,0x00000007bb980000,0x00000007c0000000)
 ParOldGen       total 786432K, used 193908K [0x0000000778000000, 0x00000007a8000000, 0x00000007a8000000)
  object space 786432K, 24% used [0x0000000778000000,0x0000000783d5d0e8,0x00000007a8000000)
 Metaspace       used 16230K, capacity 16497K, committed 16640K, reserved 1064960K
  class space    used 1663K, capacity 1779K, committed 1792K, reserved 1048576K
Event: 10.327 GC heap after
Heap after GC invocations=26 (full 0):
 PSYoungGen      total 326144K, used 498K [0x00000007a8000000, 0x00000007c0000000, 0x00000007c0000000)
  eden space 253952K, 0% used [0x00000007a8000000,0x00000007a8000000,0x00000007b7800000)
  from space 72192K, 0% used [0x00000007bb980000,0x00000007bb9fc970,0x00000007c0000000)
  to   space 67072K, 0% used [0x00000007b7800000,0x00000007b7800000,0x00000007bb980000)
 ParOldGen       total 786432K, used 193940K [0x0000000778000000, 0x00000007a8000000, 0x00000007a8000000)
  object space 786432K, 24% used [0x0000000778000000,0x0000000783d650e8,0x00000007a8000000)
 Metaspace       used 16230K, capacity 16497K, committed 16640K, reserved 1064960K
  class space    used 1663K, capacity 1779K, committed 1792K, reserved 1048576K
}
Event: 10.481 GC heap before
{Heap before GC invocations=27 (full 0):
 PSYoungGen      total 326144K, used 254450K [0x00000007a8000000, 0x00000007c0000000, 0x00000007c0000000)
  eden space 253952K, 100% used [0x00000007a8000000,0x00000007b7800000,0x00000007b7800000)
  from space 72192K, 0% used [0x00000007bb980000,0x00000007bb9fc970,0x00000007c0000000)
  to   space 67072K, 0% used [0x00000007b7800000,0x00000007b7800000,0x00000007bb980000)
 ParOldGen       total 786432K, used 193940K [0x0000000778000000, 0x00000007a8000000, 0x00000007a8000000)
  object space 786432K, 24% used [0x0000000778000000,0x0000000783d650e8,0x00000007a8000000)
 Metaspace       used 16230K, capacity 16497K, committed 16640K, reserved 1064960K
  class space    used 1663K, capacity 1779K, committed 1792K, reserved 1048576K
Event: 10.485 GC heap after
Heap after GC invocations=27 (full 0):
 PSYoungGen      total 321024K, used 310K [0x00000007a8000000, 0x00000007c0000000, 0x00000007c0000000)
  eden space 253952K, 0% used [0x00000007a8000000,0x00000007a8000000,0x00000007b7800000)
  from space 67072K, 0% used [0x00000007b7800000,0x00000007b784dba8,0x00000007bb980000)
  to   space 62976K, 0% used [0x00000007bc280000,0x00000007bc280000,0x00000007c0000000)
 ParOldGen       total 786432K, used 193964K [0x0000000778000000, 0x00000007a8000000, 0x00000007a8000000)
  object space 786432K, 24% used [0x0000000778000000,0x0000000783d6b0e8,0x00000007a8000000)
 Metaspace       used 16230K, capacity 16497K, committed 16640K, reserved 1064960K
  class space    used 1663K, capacity 1779K, committed 1792K, reserved 1048576K
}
Event: 10.645 GC heap before
{Heap before GC invocations=28 (full 0):
 PSYoungGen      total 321024K, used 254262K [0x00000007a8000000, 0x00000007c0000000, 0x00000007c0000000)
  eden space 253952K, 100% used [0x00000007a8000000,0x00000007b7800000,0x00000007b7800000)
  from space 67072K, 0% used [0x00000007b7800000,0x00000007b784dba8,0x00000007bb980000)
  to   space 62976K, 0% used [0x00000007bc280000,0x00000007bc280000,0x00000007c0000000)
 ParOldGen       total 786432K, used 193964K [0x0000000778000000, 0x00000007a8000000, 0x00000007a8000000)
  object space 786432K, 24% used [0x0000000778000000,0x0000000783d6b0e8,0x00000007a8000000)
 Metaspace       used 16230K, capacity 16497K, committed 16640K, reserved 1064960K
  class space    used 1663K, capacity 1779K, committed 1792K, reserved 1048576K
Event: 10.647 GC heap after
Heap after GC invocations=28 (full 0):
 PSYoungGen      total 334336K, used 192K [0x00000007a8000000, 0x00000007c0000000, 0x00000007c0000000)
  eden space 271360K, 0% used [0x00000007a8000000,0x00000007a8000000,0x00000007b8900000)
  from space 62976K, 0% used [0x00000007bc280000,0x00000007bc2b0000,0x00000007c0000000)
  to   space 58880K, 0% used [0x00000007b8900000,0x00000007b8900000,0x00000007bc280000)
 ParOldGen       total 786432K, used 193988K [0x0000000778000000, 0x00000007a8000000, 0x00000007a8000000)
  object space 786432K, 24% used [0x0000000778000000,0x0000000783d710e8,0x00000007a8000000)
 Metaspace       used 16230K, capacity 16497K, committed 16640K, reserved 1064960K
  class space    used 1663K, capacity 1779K, committed 1792K, reserved 1048576K
}
Event: 10.824 GC heap before
{Heap before GC invocations=29 (full 0):
 PSYoungGen      total 334336K, used 271552K [0x00000007a8000000, 0x00000007c0000000, 0x00000007c0000000)
  eden space 271360K, 100% used [0x00000007a8000000,0x00000007b8900000,0x00000007b8900000)
  from space 62976K, 0% used [0x00000007bc280000,0x00000007bc2b0000,0x00000007c0000000)
  to   space 58880K, 0% used [0x00000007b8900000,0x00000007b8900000,0x00000007bc280000)
 ParOldGen       total 786432K, used 193988K [0x0000000778000000, 0x00000007a8000000, 0x00000007a8000000)
  object space 786432K, 24% used [0x0000000778000000,0x0000000783d710e8,0x00000007a8000000)
 Metaspace       used 16231K, capacity 16497K, committed 16640K, reserved 1064960K
  class space    used 1663K, capacity 1779K, committed 1792K, reserved 1048576K
Event: 10.827 GC heap after
Heap after GC invocations=29 (full 0):
 PSYoungGen      total 330240K, used 160K [0x00000007a8000000, 0x00000007c0000000, 0x00000007c0000000)
  eden space 271360K, 0% used [0x00000007a8000000,0x00000007a8000000,0x00000007b8900000)
  from space 58880K, 0% used [0x00000007b8900000,0x00000007b8928000,0x00000007bc280000)
  to   space 54784K, 0% used [0x00000007bca80000,0x00000007bca80000,0x00000007c0000000)
 ParOldGen       total 786432K, used 194020K [0x0000000778000000, 0x00000007a8000000, 0x00000007a8000000)
  object space 786432K, 24% used [0x0000000778000000,0x0000000783d790e8,0x00000007a8000000)
 Metaspace       used 16231K, capacity 16497K, committed 16640K, reserved 1064960K
  class space    used 1663K, capacity 1779K, committed 1792K, reserved 1048576K
}
Event: 10.994 GC heap before
{Heap before GC invocations=30 (full 0):
 PSYoungGen      total 330240K, used 271520K [0x00000007a8000000, 0x00000007c0000000, 0x00000007c0000000)
  eden space 271360K, 100% used [0x00000007a8000000,0x00000007b8900000,0x00000007b8900000)
  from space 58880K, 0% used [0x00000007b8900000,0x00000007b8928000,0x00000007bc280000)
  to   space 54784K, 0% used [0x00000007bca80000,0x00000007bca80000,0x00000007c0000000)
 ParOldGen       total 786432K, used 194020K [0x0000000778000000, 0x00000007a8000000, 0x00000007a8000000)
  object space 786432K, 24% used [0x0000000778000000,0x0000000783d790e8,0x00000007a8000000)
 Metaspace       used 16231K, capacity 16497K, committed 16640K, reserved 1064960K
  class space    used 1663K, capacity 1779K, committed 1792K, reserved 1048576K
Event: 10.997 GC heap after
Heap after GC invocations=30 (full 0):
 PSYoungGen      total 342528K, used 228K [0x00000007a8000000, 0x00000007c0000000, 0x00000007c0000000)
  eden space 287744K, 0% used [0x00000007a8000000,0x00000007a8000000,0x00000007b9900000)
  from space 54784K, 0% used [0x00000007bca80000,0x00000007bcab9278,0x00000007c0000000)
  to   space 50688K, 0% used [0x00000007b9900000,0x00000007b9900000,0x00000007bca80000)
 ParOldGen       total 786432K, used 194052K [0x0000000778000000, 0x00000007a8000000, 0x00000007a8000000)
  object space 786432K, 24% used [0x0000000778000000,0x0000000783d810e8,0x00000007a8000000)
 Metaspace       used 16231K, capacity 16497K, committed 16640K, reserved 1064960K
  class space    used 1663K, capacity 1779K, committed 1792K, reserved 1048576K
}

Deoptimization events (10 events):
Event: 6.026 Thread 0x00007fcc1a00e800 Uncommon trap: reason=unstable_if action=reinterpret pc=0x0000000113c0c450 method=world.Chunk.getTileAt(III)Lblock/TileState; @ 21
Event: 6.137 Thread 0x00007fcc1a00e800 Uncommon trap: reason=bimorphic action=maybe_recompile pc=0x0000000113c8f33c method=block.TileState.shouldRender()Z @ 4
Event: 6.137 Thread 0x00007fcc1a00e800 Uncommon trap: reason=bimorphic action=maybe_recompile pc=0x0000000113c8f33c method=block.TileState.shouldRender()Z @ 4
Event: 6.137 Thread 0x00007fcc1a00e800 Uncommon trap: reason=bimorphic action=maybe_recompile pc=0x0000000113c8f33c method=block.TileState.shouldRender()Z @ 4
Event: 6.137 Thread 0x00007fcc1a00e800 Uncommon trap: reason=bimorphic action=maybe_recompile pc=0x0000000113c8f33c method=block.TileState.shouldRender()Z @ 4
Event: 6.198 Thread 0x00007fcc1a00e800 Uncommon trap: reason=bimorphic action=maybe_recompile pc=0x0000000113c98f04 method=block.Block.shouldRenderFace(Lworld/World;IIIIIILblock/EnumDirection;)Z @ 119
Event: 6.198 Thread 0x00007fcc1a00e800 Uncommon trap: reason=bimorphic action=maybe_recompile pc=0x0000000113c98f04 method=block.Block.shouldRenderFace(Lworld/World;IIIIIILblock/EnumDirection;)Z @ 119
Event: 6.198 Thread 0x00007fcc1a00e800 Uncommon trap: reason=bimorphic action=maybe_recompile pc=0x0000000113c98f04 method=block.Block.shouldRenderFace(Lworld/World;IIIIIILblock/EnumDirection;)Z @ 119
Event: 6.198 Thread 0x00007fcc1a00e800 Uncommon trap: reason=bimorphic action=maybe_recompile pc=0x0000000113c98f04 method=block.Block.shouldRenderFace(Lworld/World;IIIIIILblock/EnumDirection;)Z @ 119
Event: 6.810 Thread 0x00007fcc1a00e800 Uncommon trap: reason=bimorphic action=maybe_recompile pc=0x0000000113cc0874 method=block.TileState.shouldRender()Z @ 4

Classes redefined (0 events):
No events

Internal exceptions (10 events):
Event: 2.481 Thread 0x00007fcc1a00e800 Exception <a 'java/security/PrivilegedActionException'> (0x00000007ac8e4828) thrown at [/Users/java_re/workspace/8-2-build-macosx-x86_64/jdk8u202/12323/hotspot/src/share/vm/prims/jvm.cpp, line 1502]
Event: 2.481 Thread 0x00007fcc1a00e800 Exception <a 'java/security/PrivilegedActionException'> (0x00000007ac8e4a38) thrown at [/Users/java_re/workspace/8-2-build-macosx-x86_64/jdk8u202/12323/hotspot/src/share/vm/prims/jvm.cpp, line 1502]
Event: 2.481 Thread 0x00007fcc1a00e800 Exception <a 'java/security/PrivilegedActionException'> (0x00000007ac8e6340) thrown at [/Users/java_re/workspace/8-2-build-macosx-x86_64/jdk8u202/12323/hotspot/src/share/vm/prims/jvm.cpp, line 1502]
Event: 2.481 Thread 0x00007fcc1a00e800 Exception <a 'java/security/PrivilegedActionException'> (0x00000007ac8e6550) thrown at [/Users/java_re/workspace/8-2-build-macosx-x86_64/jdk8u202/12323/hotspot/src/share/vm/prims/jvm.cpp, line 1502]
Event: 2.481 Thread 0x00007fcc1a00e800 Exception <a 'java/security/PrivilegedActionException'> (0x00000007ac8e7fb8) thrown at [/Users/java_re/workspace/8-2-build-macosx-x86_64/jdk8u202/12323/hotspot/src/share/vm/prims/jvm.cpp, line 1502]
Event: 2.481 Thread 0x00007fcc1a00e800 Exception <a 'java/security/PrivilegedActionException'> (0x00000007ac8e81c8) thrown at [/Users/java_re/workspace/8-2-build-macosx-x86_64/jdk8u202/12323/hotspot/src/share/vm/prims/jvm.cpp, line 1502]
Event: 2.481 Thread 0x00007fcc1a00e800 Exception <a 'java/security/PrivilegedActionException'> (0x00000007ac8e9cb8) thrown at [/Users/java_re/workspace/8-2-build-macosx-x86_64/jdk8u202/12323/hotspot/src/share/vm/prims/jvm.cpp, line 1502]
Event: 2.481 Thread 0x00007fcc1a00e800 Exception <a 'java/security/PrivilegedActionException'> (0x00000007ac8e9ec8) thrown at [/Users/java_re/workspace/8-2-build-macosx-x86_64/jdk8u202/12323/hotspot/src/share/vm/prims/jvm.cpp, line 1502]
Event: 2.601 Thread 0x00007fcc1a00e800 Exception <a 'sun/nio/fs/UnixException'> (0x00000007acb16aa0) thrown at [/Users/java_re/workspace/8-2-build-macosx-x86_64/jdk8u202/12323/hotspot/src/share/vm/prims/jni.cpp, line 710]
Event: 3.369 Thread 0x00007fcc1a00e800 Implicit null exception at 0x0000000113c0422c to 0x0000000113c042ea

Events (10 events):
Event: 50.806 Thread 0x00007fcc1a00e800 DEOPT PACKING pc=0x0000000113927ff4 sp=0x00007ffedfc07df0
Event: 50.806 Thread 0x00007fcc1a00e800 DEOPT UNPACKING pc=0x00000001137f4784 sp=0x00007ffedfc07c30 mode 1
Event: 50.806 loading class org/joml/Quaternionfc
Event: 50.806 loading class org/joml/Quaternionfc done
Event: 50.806 Thread 0x00007fcc1a00e800 DEOPT PACKING pc=0x000000011399ad31 sp=0x00007ffedfc05860
Event: 50.806 Thread 0x00007fcc1a00e800 DEOPT UNPACKING pc=0x00000001137f4784 sp=0x00007ffedfc055d0 mode 1
Event: 50.806 Thread 0x00007fcc1a00e800 DEOPT PACKING pc=0x0000000113928254 sp=0x00007ffedfc058e0
Event: 50.806 Thread 0x00007fcc1a00e800 DEOPT UNPACKING pc=0x00000001137f4784 sp=0x00007ffedfc05720 mode 1
Event: 50.806 Thread 0x00007fcc1a00e800 DEOPT PACKING pc=0x0000000113927ff4 sp=0x00007ffedfc05a70
Event: 50.806 Thread 0x00007fcc1a00e800 DEOPT UNPACKING pc=0x00000001137f4784 sp=0x00007ffedfc058b0 mode 1


Dynamic libraries:
0x00007fff34516000 	/System/Library/Frameworks/Cocoa.framework/Versions/A/Cocoa
0x00007fff4022e000 	/System/Library/Frameworks/Security.framework/Versions/A/Security
0x00007fff331ab000 	/System/Library/Frameworks/ApplicationServices.framework/Versions/A/ApplicationServices
0x00007fff602f4000 	/usr/lib/libz.1.dylib
0x00007fff5dc4e000 	/usr/lib/libSystem.B.dylib
0x00007fff5f485000 	/usr/lib/libobjc.A.dylib
0x00007fff34cfe000 	/System/Library/Frameworks/CoreFoundation.framework/Versions/A/CoreFoundation
0x00007fff36f80000 	/System/Library/Frameworks/Foundation.framework/Versions/C/Foundation
0x00007fff323a4000 	/System/Library/Frameworks/AppKit.framework/Versions/C/AppKit
0x00007fff34891000 	/System/Library/Frameworks/CoreData.framework/Versions/A/CoreData
0x00007fff57721000 	/System/Library/PrivateFrameworks/RemoteViewServices.framework/Versions/A/RemoteViewServices
0x00007fff5b98e000 	/System/Library/PrivateFrameworks/UIFoundation.framework/Versions/A/UIFoundation
0x00007fff5d070000 	/System/Library/PrivateFrameworks/XCTTargetBootstrap.framework/Versions/A/XCTTargetBootstrap
0x00007fff34c16000 	/System/Library/Frameworks/CoreDisplay.framework/Versions/A/CoreDisplay
0x00007fff52474000 	/System/Library/PrivateFrameworks/IconServices.framework/Versions/A/IconServices
0x00007fff398a4000 	/System/Library/Frameworks/Metal.framework/Versions/A/Metal
0x00007fff499ef000 	/System/Library/PrivateFrameworks/DesktopServicesPriv.framework/Versions/A/DesktopServicesPriv
0x00007fff5e7e8000 	/usr/lib/libenergytrace.dylib
0x00007fff59e77000 	/System/Library/PrivateFrameworks/SkyLight.framework/Versions/A/SkyLight
0x00007fff35144000 	/System/Library/Frameworks/CoreGraphics.framework/Versions/A/CoreGraphics
0x00007fff31170000 	/System/Library/Frameworks/Accelerate.framework/Versions/A/Accelerate
0x00007fff376c8000 	/System/Library/Frameworks/IOSurface.framework/Versions/A/IOSurface
0x00007fff4985b000 	/System/Library/PrivateFrameworks/DFRFoundation.framework/Versions/A/DFRFoundation
0x00007fff3368e000 	/System/Library/Frameworks/AudioToolbox.framework/Versions/A/AudioToolbox
0x00007fff33907000 	/System/Library/Frameworks/AudioUnit.framework/Versions/A/AudioUnit
0x00007fff498f0000 	/System/Library/PrivateFrameworks/DataDetectorsCore.framework/Versions/A/DataDetectorsCore
0x00007fff3401a000 	/System/Library/Frameworks/Carbon.framework/Versions/A/Frameworks/HIToolbox.framework/Versions/A/HIToolbox
0x00007fff5e941000 	/usr/lib/libicucore.A.dylib
0x00007fff3f7a3000 	/System/Library/Frameworks/QuartzCore.framework/Versions/A/QuartzCore
0x00007fff343ee000 	/System/Library/Frameworks/Carbon.framework/Versions/A/Frameworks/SpeechRecognition.framework/Versions/A/SpeechRecognition
0x00007fff5dda2000 	/usr/lib/libauto.dylib
0x00007fff601e8000 	/usr/lib/libxml2.2.dylib
0x00007fff49438000 	/System/Library/PrivateFrameworks/CoreUI.framework/Versions/A/CoreUI
0x00007fff3477c000 	/System/Library/Frameworks/CoreAudio.framework/Versions/A/CoreAudio
0x00007fff36db5000 	/System/Library/Frameworks/DiskArbitration.framework/Versions/A/DiskArbitration
0x00007fff5ebef000 	/usr/lib/liblangid.dylib
0x00007fff53882000 	/System/Library/PrivateFrameworks/MultitouchSupport.framework/Versions/A/MultitouchSupport
0x00007fff37637000 	/System/Library/Frameworks/IOKit.framework/Versions/A/IOKit
0x00007fff5d80f000 	/usr/lib/libDiagnosticMessagesClient.dylib
0x00007fff35f53000 	/System/Library/Frameworks/CoreServices.framework/Versions/A/CoreServices
0x00007fff55529000 	/System/Library/PrivateFrameworks/PerformanceAnalysis.framework/Versions/A/PerformanceAnalysis
0x00007fff3e991000 	/System/Library/Frameworks/OpenGL.framework/Versions/A/OpenGL
0x00007fff34524000 	/System/Library/Frameworks/ColorSync.framework/Versions/A/ColorSync
0x00007fff357d5000 	/System/Library/Frameworks/CoreImage.framework/Versions/A/CoreImage
0x00007fff3692c000 	/System/Library/Frameworks/CoreText.framework/Versions/A/CoreText
0x00007fff3772b000 	/System/Library/Frameworks/ImageIO.framework/Versions/A/ImageIO
0x00007fff45a8d000 	/System/Library/PrivateFrameworks/Backup.framework/Versions/A/Backup
0x00007fff5dcf5000 	/usr/lib/libarchive.2.dylib
0x00007fff33c5f000 	/System/Library/Frameworks/CFNetwork.framework/Versions/A/CFNetwork
0x00007fff40988000 	/System/Library/Frameworks/SystemConfiguration.framework/Versions/A/SystemConfiguration
0x00007fff5d740000 	/usr/lib/libCRFSuite.dylib
0x00007fff5de91000 	/usr/lib/libc++.1.dylib
0x00007fff5dee5000 	/usr/lib/libc++abi.dylib
0x00007fff60aea000 	/usr/lib/system/libcache.dylib
0x00007fff60aef000 	/usr/lib/system/libcommonCrypto.dylib
0x00007fff60afa000 	/usr/lib/system/libcompiler_rt.dylib
0x00007fff60b02000 	/usr/lib/system/libcopyfile.dylib
0x00007fff60b0c000 	/usr/lib/system/libcorecrypto.dylib
0x00007fff60c17000 	/usr/lib/system/libdispatch.dylib
0x00007fff60c51000 	/usr/lib/system/libdyld.dylib
0x00007fff60c7e000 	/usr/lib/system/libkeymgr.dylib
0x00007fff60c8c000 	/usr/lib/system/liblaunch.dylib
0x00007fff60c8d000 	/usr/lib/system/libmacho.dylib
0x00007fff60c93000 	/usr/lib/system/libquarantine.dylib
0x00007fff60c96000 	/usr/lib/system/libremovefile.dylib
0x00007fff60c98000 	/usr/lib/system/libsystem_asl.dylib
0x00007fff60cb0000 	/usr/lib/system/libsystem_blocks.dylib
0x00007fff60cb1000 	/usr/lib/system/libsystem_c.dylib
0x00007fff60d39000 	/usr/lib/system/libsystem_configuration.dylib
0x00007fff60d3d000 	/usr/lib/system/libsystem_coreservices.dylib
0x00007fff60d41000 	/usr/lib/system/libsystem_darwin.dylib
0x00007fff60d48000 	/usr/lib/system/libsystem_dnssd.dylib
0x00007fff60d4f000 	/usr/lib/system/libsystem_info.dylib
0x00007fff60dc4000 	/usr/lib/system/libsystem_m.dylib
0x00007fff60e10000 	/usr/lib/system/libsystem_malloc.dylib
0x00007fff60e3b000 	/usr/lib/system/libsystem_networkextension.dylib
0x00007fff60e46000 	/usr/lib/system/libsystem_notify.dylib
0x00007fff60e63000 	/usr/lib/system/libsystem_sandbox.dylib
0x00007fff60e67000 	/usr/lib/system/libsystem_secinit.dylib
0x00007fff60d9b000 	/usr/lib/system/libsystem_kernel.dylib
0x00007fff60e4e000 	/usr/lib/system/libsystem_platform.dylib
0x00007fff60e58000 	/usr/lib/system/libsystem_pthread.dylib
0x00007fff60e6a000 	/usr/lib/system/libsystem_symptoms.dylib
0x00007fff60e72000 	/usr/lib/system/libsystem_trace.dylib
0x00007fff60e89000 	/usr/lib/system/libunwind.dylib
0x00007fff60e8f000 	/usr/lib/system/libxpc.dylib
0x00007fff5de72000 	/usr/lib/libbsm.0.dylib
0x00007fff60c7f000 	/usr/lib/system/libkxld.dylib
0x00007fff44e7e000 	/System/Library/PrivateFrameworks/AppleFSCompression.framework/Versions/A/AppleFSCompression
0x00007fff5db0e000 	/usr/lib/libOpenScriptingUtil.dylib
0x00007fff5e19a000 	/usr/lib/libcoretls.dylib
0x00007fff5e1b1000 	/usr/lib/libcoretls_cfhelpers.dylib
0x00007fff5fc1c000 	/usr/lib/libpam.2.dylib
0x00007fff5fddc000 	/usr/lib/libsqlite3.dylib
0x00007fff601d6000 	/usr/lib/libxar.1.dylib
0x00007fff5de83000 	/usr/lib/libbz2.1.0.dylib
0x00007fff5ebf1000 	/usr/lib/liblzma.5.dylib
0x00007fff5f0a2000 	/usr/lib/libnetwork.dylib
0x00007fff5dcde000 	/usr/lib/libapple_nghttp2.dylib
0x00007fff5fc23000 	/usr/lib/libpcap.A.dylib
0x00007fff362f2000 	/System/Library/Frameworks/CoreServices.framework/Versions/A/Frameworks/FSEvents.framework/Versions/A/FSEvents
0x00007fff35fd1000 	/System/Library/Frameworks/CoreServices.framework/Versions/A/Frameworks/CarbonCore.framework/Versions/A/CarbonCore
0x00007fff364ae000 	/System/Library/Frameworks/CoreServices.framework/Versions/A/Frameworks/Metadata.framework/Versions/A/Metadata
0x00007fff3654d000 	/System/Library/Frameworks/CoreServices.framework/Versions/A/Frameworks/OSServices.framework/Versions/A/OSServices
0x00007fff36598000 	/System/Library/Frameworks/CoreServices.framework/Versions/A/Frameworks/SearchKit.framework/Versions/A/SearchKit
0x00007fff35f54000 	/System/Library/Frameworks/CoreServices.framework/Versions/A/Frameworks/AE.framework/Versions/A/AE
0x00007fff362fb000 	/System/Library/Frameworks/CoreServices.framework/Versions/A/Frameworks/LaunchServices.framework/Versions/A/LaunchServices
0x00007fff362a9000 	/System/Library/Frameworks/CoreServices.framework/Versions/A/Frameworks/DictionaryServices.framework/Versions/A/DictionaryServices
0x00007fff36600000 	/System/Library/Frameworks/CoreServices.framework/Versions/A/Frameworks/SharedFileList.framework/Versions/A/SharedFileList
0x00007fff3a96c000 	/System/Library/Frameworks/NetFS.framework/Versions/A/NetFS
0x00007fff53ae8000 	/System/Library/PrivateFrameworks/NetAuth.framework/Versions/A/NetAuth
0x00007fff5d474000 	/System/Library/PrivateFrameworks/login.framework/Versions/A/Frameworks/loginsupport.framework/Versions/A/loginsupport
0x00007fff5b597000 	/System/Library/PrivateFrameworks/TCC.framework/Versions/A/TCC
0x00007fff48a95000 	/System/Library/PrivateFrameworks/CoreNLP.framework/Versions/A/CoreNLP
0x00007fff5357b000 	/System/Library/PrivateFrameworks/MetadataUtilities.framework/Versions/A/MetadataUtilities
0x00007fff5ecc6000 	/usr/lib/libmecabra.dylib
0x00007fff331ac000 	/System/Library/Frameworks/ApplicationServices.framework/Versions/A/Frameworks/ATS.framework/Versions/A/ATS
0x00007fff334fb000 	/System/Library/Frameworks/ApplicationServices.framework/Versions/A/Frameworks/ColorSyncLegacy.framework/Versions/A/ColorSyncLegacy
0x00007fff3359a000 	/System/Library/Frameworks/ApplicationServices.framework/Versions/A/Frameworks/HIServices.framework/Versions/A/HIServices
0x00007fff335ed000 	/System/Library/Frameworks/ApplicationServices.framework/Versions/A/Frameworks/LangAnalysis.framework/Versions/A/LangAnalysis
0x00007fff335fd000 	/System/Library/Frameworks/ApplicationServices.framework/Versions/A/Frameworks/PrintCore.framework/Versions/A/PrintCore
0x00007fff33647000 	/System/Library/Frameworks/ApplicationServices.framework/Versions/A/Frameworks/QD.framework/Versions/A/QD
0x00007fff33681000 	/System/Library/Frameworks/ApplicationServices.framework/Versions/A/Frameworks/SpeechSynthesis.framework/Versions/A/SpeechSynthesis
0x00007fff5df0d000 	/usr/lib/libcompression.dylib
0x00007fff39b74000 	/System/Library/Frameworks/MetalPerformanceShaders.framework/Versions/A/MetalPerformanceShaders
0x00007fff31188000 	/System/Library/Frameworks/Accelerate.framework/Versions/A/Frameworks/vImage.framework/Versions/A/vImage
0x00007fff32202000 	/System/Library/Frameworks/Accelerate.framework/Versions/A/Frameworks/vecLib.framework/Versions/A/vecLib
0x00007fff3214e000 	/System/Library/Frameworks/Accelerate.framework/Versions/A/Frameworks/vecLib.framework/Versions/A/libvMisc.dylib
0x00007fff31f66000 	/System/Library/Frameworks/Accelerate.framework/Versions/A/Frameworks/vecLib.framework/Versions/A/libvDSP.dylib
0x00007fff31822000 	/System/Library/Frameworks/Accelerate.framework/Versions/A/Frameworks/vecLib.framework/Versions/A/libBLAS.dylib
0x00007fff31b0f000 	/System/Library/Frameworks/Accelerate.framework/Versions/A/Frameworks/vecLib.framework/Versions/A/libLAPACK.dylib
0x00007fff31eb9000 	/System/Library/Frameworks/Accelerate.framework/Versions/A/Frameworks/vecLib.framework/Versions/A/libLinearAlgebra.dylib
0x00007fff31f52000 	/System/Library/Frameworks/Accelerate.framework/Versions/A/Frameworks/vecLib.framework/Versions/A/libSparseBLAS.dylib
0x00007fff31ecf000 	/System/Library/Frameworks/Accelerate.framework/Versions/A/Frameworks/vecLib.framework/Versions/A/libQuadrature.dylib
0x00007fff31a9c000 	/System/Library/Frameworks/Accelerate.framework/Versions/A/Frameworks/vecLib.framework/Versions/A/libBNNS.dylib
0x00007fff31ed5000 	/System/Library/Frameworks/Accelerate.framework/Versions/A/Frameworks/vecLib.framework/Versions/A/libSparse.dylib
0x00007fff4fdd7000 	/System/Library/PrivateFrameworks/GPUWrangler.framework/Versions/A/GPUWrangler
0x00007fff520a9000 	/System/Library/PrivateFrameworks/IOAccelerator.framework/Versions/A/IOAccelerator
0x00007fff520b4000 	/System/Library/PrivateFrameworks/IOPresentment.framework/Versions/A/IOPresentment
0x00007fff4986b000 	/System/Library/PrivateFrameworks/DSExternalDisplay.framework/Versions/A/DSExternalDisplay
0x00007fff3dde8000 	/System/Library/Frameworks/OpenGL.framework/Versions/A/Libraries/libCoreFSCache.dylib
0x00007fff39968000 	/System/Library/Frameworks/MetalPerformanceShaders.framework/Frameworks/MPSCore.framework/Versions/A/MPSCore
0x00007fff39988000 	/System/Library/Frameworks/MetalPerformanceShaders.framework/Frameworks/MPSImage.framework/Versions/A/MPSImage
0x00007fff39a2d000 	/System/Library/Frameworks/MetalPerformanceShaders.framework/Frameworks/MPSNeuralNetwork.framework/Versions/A/MPSNeuralNetwork
0x00007fff39a05000 	/System/Library/Frameworks/MetalPerformanceShaders.framework/Frameworks/MPSMatrix.framework/Versions/A/MPSMatrix
0x00007fff39b59000 	/System/Library/Frameworks/MetalPerformanceShaders.framework/Frameworks/MPSRayIntersector.framework/Versions/A/MPSRayIntersector
0x00007fff535a4000 	/System/Library/PrivateFrameworks/MetalTools.framework/Versions/A/MetalTools
0x00007fff4472b000 	/System/Library/PrivateFrameworks/AggregateDictionary.framework/Versions/A/AggregateDictionary
0x00007fff5daef000 	/usr/lib/libMobileGestalt.dylib
0x00007fff36a8f000 	/System/Library/Frameworks/CoreVideo.framework/Versions/A/CoreVideo
0x00007fff50be7000 	/System/Library/PrivateFrameworks/GraphVisualizer.framework/Versions/A/GraphVisualizer
0x00007fff4aa67000 	/System/Library/PrivateFrameworks/FaceCore.framework/Versions/A/FaceCore
0x00007fff3d416000 	/System/Library/Frameworks/OpenCL.framework/Versions/A/OpenCL
0x00007fff5d847000 	/usr/lib/libFosl_dynamic.dylib
0x00007fff54353000 	/System/Library/PrivateFrameworks/OTSVG.framework/Versions/A/OTSVG
0x00007fff332b0000 	/System/Library/Frameworks/ApplicationServices.framework/Versions/A/Frameworks/ATS.framework/Versions/A/Resources/libFontParser.dylib
0x00007fff333c8000 	/System/Library/Frameworks/ApplicationServices.framework/Versions/A/Frameworks/ATS.framework/Versions/A/Resources/libFontRegistry.dylib
0x00007fff37999000 	/System/Library/Frameworks/ImageIO.framework/Versions/A/Resources/libJPEG.dylib
0x00007fff37cab000 	/System/Library/Frameworks/ImageIO.framework/Versions/A/Resources/libTIFF.dylib
0x00007fff37c81000 	/System/Library/Frameworks/ImageIO.framework/Versions/A/Resources/libPng.dylib
0x00007fff378b7000 	/System/Library/Frameworks/ImageIO.framework/Versions/A/Resources/libGIF.dylib
0x00007fff378bc000 	/System/Library/Frameworks/ImageIO.framework/Versions/A/Resources/libJP2.dylib
0x00007fff37ca8000 	/System/Library/Frameworks/ImageIO.framework/Versions/A/Resources/libRadiance.dylib
0x00007fff44fd5000 	/System/Library/PrivateFrameworks/AppleJPEG.framework/Versions/A/AppleJPEG
0x00007fff3ddf3000 	/System/Library/Frameworks/OpenGL.framework/Versions/A/Libraries/libGFXShared.dylib
0x00007fff3dfb6000 	/System/Library/Frameworks/OpenGL.framework/Versions/A/Libraries/libGLU.dylib
0x00007fff3ddfc000 	/System/Library/Frameworks/OpenGL.framework/Versions/A/Libraries/libGL.dylib
0x00007fff3de08000 	/System/Library/Frameworks/OpenGL.framework/Versions/A/Libraries/libGLImage.dylib
0x00007fff3dde5000 	/System/Library/Frameworks/OpenGL.framework/Versions/A/Libraries/libCVMSPluginSupport.dylib
0x00007fff3ddee000 	/System/Library/Frameworks/OpenGL.framework/Versions/A/Libraries/libCoreVMClient.dylib
0x00007fff5e65e000 	/usr/lib/libcups.2.dylib
0x00007fff38e6f000 	/System/Library/Frameworks/Kerberos.framework/Versions/A/Kerberos
0x00007fff3739c000 	/System/Library/Frameworks/GSS.framework/Versions/A/GSS
0x00007fff5fd71000 	/usr/lib/libresolv.9.dylib
0x00007fff5e850000 	/usr/lib/libiconv.2.dylib
0x00007fff50d46000 	/System/Library/PrivateFrameworks/Heimdal.framework/Versions/A/Heimdal
0x00007fff5e820000 	/usr/lib/libheimdal-asn1.dylib
0x00007fff3d48a000 	/System/Library/Frameworks/OpenDirectory.framework/Versions/A/OpenDirectory
0x00007fff477fa000 	/System/Library/PrivateFrameworks/CommonAuth.framework/Versions/A/CommonAuth
0x00007fff3d46e000 	/System/Library/Frameworks/OpenDirectory.framework/Versions/A/Frameworks/CFOpenDirectory.framework/Versions/A/CFOpenDirectory
0x00007fff4052e000 	/System/Library/Frameworks/SecurityFoundation.framework/Versions/A/SecurityFoundation
0x00007fff43c74000 	/System/Library/PrivateFrameworks/APFS.framework/Versions/A/APFS
0x00007fff601d2000 	/usr/lib/libutil.dylib
0x00007fff5defb000 	/usr/lib/libcharset.1.dylib
0x00007fff45272000 	/System/Library/PrivateFrameworks/AppleSauce.framework/Versions/A/AppleSauce
0x00007fff453f3000 	/System/Library/PrivateFrameworks/AssertionServices.framework/Versions/A/AssertionServices
0x00007fff45b23000 	/System/Library/PrivateFrameworks/BaseBoard.framework/Versions/A/BaseBoard
0x00007fff5ec21000 	/usr/lib/libmecab.1.0.0.dylib
0x00007fff5e81a000 	/usr/lib/libgermantok.dylib
0x00007fff5dccb000 	/usr/lib/libThaiTokenizer.dylib
0x00007fff5d777000 	/usr/lib/libChineseTokenizer.dylib
0x00007fff52762000 	/System/Library/PrivateFrameworks/LanguageModeling.framework/Versions/A/LanguageModeling
0x00007fff484db000 	/System/Library/PrivateFrameworks/CoreEmoji.framework/Versions/A/CoreEmoji
0x00007fff5283e000 	/System/Library/PrivateFrameworks/Lexicon.framework/Versions/A/Lexicon
0x00007fff52881000 	/System/Library/PrivateFrameworks/LinguisticData.framework/Versions/A/LinguisticData
0x00007fff5defc000 	/usr/lib/libcmph.dylib
0x00007fff405ec000 	/System/Library/Frameworks/ServiceManagement.framework/Versions/A/ServiceManagement
0x00007fff45a84000 	/System/Library/PrivateFrameworks/BackgroundTaskManagement.framework/Versions/A/BackgroundTaskManagement
0x00007fff602cb000 	/usr/lib/libxslt.1.dylib
0x00007fff3431b000 	/System/Library/Frameworks/Carbon.framework/Versions/A/Frameworks/Ink.framework/Versions/A/Ink
0x00007fff5b809000 	/System/Library/PrivateFrameworks/TextureIO.framework/Versions/A/TextureIO
0x00007fff5dd1f000 	/usr/lib/libate.dylib
0x00007fff497ba000 	/System/Library/PrivateFrameworks/CrashReporterSupport.framework/Versions/A/CrashReporterSupport
0x00007fff58f48000 	/System/Library/PrivateFrameworks/Sharing.framework/Versions/A/Sharing
0x00007fff457d6000 	/System/Library/PrivateFrameworks/AuthKit.framework/Versions/A/AuthKit
0x00007fff44d2a000 	/System/Library/PrivateFrameworks/Apple80211.framework/Versions/A/Apple80211
0x00007fff49564000 	/System/Library/PrivateFrameworks/CoreUtils.framework/Versions/A/CoreUtils
0x00007fff36acf000 	/System/Library/Frameworks/CoreWLAN.framework/Versions/A/CoreWLAN
0x00007fff374cb000 	/System/Library/Frameworks/IOBluetooth.framework/Versions/A/IOBluetooth
0x00007fff573c8000 	/System/Library/PrivateFrameworks/ProtocolBuffer.framework/Versions/A/ProtocolBuffer
0x00007fff537de000 	/System/Library/PrivateFrameworks/MobileKeyBag.framework/Versions/A/MobileKeyBag
0x00007fff48da8000 	/System/Library/PrivateFrameworks/CorePhoneNumbers.framework/Versions/A/CorePhoneNumbers
0x00007fff44f89000 	/System/Library/PrivateFrameworks/AppleIDAuthSupport.framework/Versions/A/AppleIDAuthSupport
0x00007fff52735000 	/System/Library/PrivateFrameworks/KeychainCircle.framework/Versions/A/KeychainCircle
0x00007fff5757e000 	/System/Library/PrivateFrameworks/ROCKit.framework/Versions/A/ROCKit
0x00007fff49756000 	/System/Library/PrivateFrameworks/CoreWiFi.framework/Versions/A/CoreWiFi
0x00007fff34866000 	/System/Library/Frameworks/CoreBluetooth.framework/Versions/A/CoreBluetooth
0x00007fff499b1000 	/System/Library/PrivateFrameworks/DebugSymbols.framework/Versions/A/DebugSymbols
0x00007fff49324000 	/System/Library/PrivateFrameworks/CoreSymbolication.framework/Versions/A/CoreSymbolication
0x00007fff5b024000 	/System/Library/PrivateFrameworks/Symbolication.framework/Versions/A/Symbolication
0x00007fff5a8c7000 	/System/Library/PrivateFrameworks/SpeechRecognitionCore.framework/Versions/A/SpeechRecognitionCore
0x0000000110a00000 	/Library/Java/JavaVirtualMachines/jdk1.8.0_202.jdk/Contents/Home/jre/lib/server/libjvm.dylib
0x00007fff600ad000 	/usr/lib/libstdc++.6.dylib
0x0000000110026000 	/Library/Java/JavaVirtualMachines/jdk1.8.0_202.jdk/Contents/Home/jre/lib/libverify.dylib
0x0000000110034000 	/Library/Java/JavaVirtualMachines/jdk1.8.0_202.jdk/Contents/Home/jre/lib/libjava.dylib
0x000000011006b000 	/Library/Java/JavaVirtualMachines/jdk1.8.0_202.jdk/Contents/Home/jre/lib/libjdwp.dylib
0x00000001100b6000 	/Library/Java/JavaVirtualMachines/jdk1.8.0_202.jdk/Contents/Home/jre/lib/libnpt.dylib
0x00000001100d4000 	/Library/Java/JavaVirtualMachines/jdk1.8.0_202.jdk/Contents/Home/jre/lib/libinstrument.dylib
0x0000000110171000 	/Library/Java/JavaVirtualMachines/jdk1.8.0_202.jdk/Contents/Home/jre/lib/libzip.dylib
0x00000001252c4000 	/Library/Java/JavaVirtualMachines/jdk1.8.0_202.jdk/Contents/Home/jre/lib/libdt_socket.dylib
0x0000000125534000 	/Library/Java/JavaVirtualMachines/jdk1.8.0_202.jdk/Contents/Home/jre/lib/libmanagement.dylib
0x00000001254b1000 	/Library/Java/JavaVirtualMachines/jdk1.8.0_202.jdk/Contents/Home/jre/lib/libnet.dylib
0x0000000125503000 	/Library/Java/JavaVirtualMachines/jdk1.8.0_202.jdk/Contents/Home/jre/lib/libnio.dylib
0x00000001255b0000 	/private/var/folders/p7/2xxnlnpx4s19k1t1y5m8jkc40000gn/T/lwjglcalmbit/3.2.2-build-10/liblwjgl.dylib
0x00000001255f9000 	/var/folders/p7/2xxnlnpx4s19k1t1y5m8jkc40000gn/T/lwjglcalmbit/3.2.2-build-10/libglfw.dylib
0x00007fff48f2c000 	/System/Library/PrivateFrameworks/CoreServicesInternal.framework/Versions/A/CoreServicesInternal
0x00007fff4ae8c000 	/System/Library/PrivateFrameworks/FamilyControls.framework/Versions/A/FamilyControls
0x00007fff477ed000 	/System/Library/PrivateFrameworks/CommerceKit.framework/Versions/A/Frameworks/CommerceCore.framework/Versions/A/CommerceCore
0x00007fff5b2f7000 	/System/Library/PrivateFrameworks/SystemAdministration.framework/Versions/A/SystemAdministration
0x00007fff44c2b000 	/System/Library/PrivateFrameworks/AppContainer.framework/Versions/A/AppContainer
0x00007fff44c47000 	/System/Library/PrivateFrameworks/AppSandbox.framework/Versions/A/AppSandbox
0x00007fff58de9000 	/System/Library/PrivateFrameworks/SecCodeWrapper.framework/Versions/A/SecCodeWrapper
0x00007fff5fd8b000 	/usr/lib/libsandbox.1.dylib
0x00007fff5dabe000 	/usr/lib/libMatch.1.dylib
0x00007fff49d36000 	/System/Library/PrivateFrameworks/DiskManagement.framework/Versions/A/DiskManagement
0x00007fff36cd5000 	/System/Library/Frameworks/DirectoryService.framework/Versions/A/DirectoryService
0x00007fff49c67000 	/System/Library/PrivateFrameworks/DiskImages.framework/Versions/A/DiskImages
0x00007fff5297a000 	/System/Library/PrivateFrameworks/LoginUIKit.framework/Versions/A/Frameworks/LoginUICore.framework/Versions/A/LoginUICore
0x00007fff5d782000 	/usr/lib/libCoreStorage.dylib
0x00007fff5e64b000 	/usr/lib/libcsfde.dylib
0x00007fff5fc0b000 	/usr/lib/libodfde.dylib
0x00007fff531bc000 	/System/Library/PrivateFrameworks/MediaKit.framework/Versions/A/MediaKit
0x00007fff36ce1000 	/System/Library/Frameworks/DiscRecording.framework/Versions/A/DiscRecording
0x00007fff49ea8000 	/System/Library/PrivateFrameworks/EFILogin.framework/Versions/A/EFILogin
0x00007fff57373000 	/System/Library/PrivateFrameworks/ProtectedCloudStorage.framework/Versions/A/ProtectedCloudStorage
0x00007fff5e6dd000 	/usr/lib/libcurl.4.dylib
0x00007fff5e54a000 	/usr/lib/libcrypto.42.dylib
0x00007fff6007d000 	/usr/lib/libssl.44.dylib
0x00007fff38e89000 	/System/Library/Frameworks/LDAP.framework/Versions/A/LDAP
0x00007fff5b987000 	/System/Library/PrivateFrameworks/TrustEvaluationAgent.framework/Versions/A/TrustEvaluationAgent
0x00007fff5fdc7000 	/usr/lib/libsasl2.2.dylib
0x00007fff482d8000 	/System/Library/PrivateFrameworks/CoreDaemon.framework/Versions/B/CoreDaemon
0x00007fff4526d000 	/System/Library/PrivateFrameworks/AppleSRP.framework/Versions/A/AppleSRP
0x00007fff5c7c0000 	/System/Library/PrivateFrameworks/ViewBridge.framework/Versions/A/ViewBridge
0x00007fff33464000 	/System/Library/Frameworks/ApplicationServices.framework/Versions/A/Frameworks/ATS.framework/Versions/A/Resources/libTrueTypeScaler.dylib
0x00007fff31171000 	/System/Library/Frameworks/Accelerate.framework/Versions/A/Frameworks/vImage.framework/Versions/A/Libraries/libCGInterfaces.dylib
0x00007fff3e9a1000 	/System/Library/Frameworks/OpenGL.framework/Versions/A/Resources/GLEngine.bundle/GLEngine
0x00007fff3de43000 	/System/Library/Frameworks/OpenGL.framework/Versions/A/Libraries/libGLProgrammability.dylib
0x00007fff2cfb9000 	/System/Library/Extensions/AppleIntelHD5000GraphicsGLDriver.bundle/Contents/MacOS/AppleIntelHD5000GraphicsGLDriver
0x00007fff4fdcb000 	/System/Library/PrivateFrameworks/GPUSupport.framework/Versions/A/Libraries/libGPUSupportMercury.dylib
0x00007fff3eb39000 	/System/Library/Frameworks/OpenGL.framework/Versions/A/Resources/GLRendererFloat.bundle/GLRendererFloat
0x00007fff3d40d000 	/System/Library/Frameworks/OpenCL.framework/Versions/A/Libraries/libcldcpuengine.dylib
0x00007fff5e350000 	/usr/lib/libcrypto.35.dylib
0x0000000127a12000 	/private/var/folders/p7/2xxnlnpx4s19k1t1y5m8jkc40000gn/T/lwjglcalmbit/3.2.2-build-10/liblwjgl_opengl.dylib
0x0000000127a37000 	/private/var/folders/p7/2xxnlnpx4s19k1t1y5m8jkc40000gn/T/lwjglcalmbit/3.2.2-build-10/liblwjgl_stb.dylib

VM Arguments:
jvm_args: -agentlib:jdwp=transport=dt_socket,address=127.0.0.1:49942,suspend=y,server=n -Dvisualvm.id=1194138871792967 -Xms1152m -Xmx1152m -javaagent:/Users/calmbit/Library/Caches/IntelliJIdea2019.1/groovyHotSwap/gragent.jar -javaagent:/Users/calmbit/Library/Caches/IntelliJIdea2019.1/captureAgent/debugger-agent.jar -Dfile.encoding=UTF-8 
java_command: StartKt
java_class_path (initial): /Library/Java/JavaVirtualMachines/jdk1.8.0_202.jdk/Contents/Home/jre/lib/charsets.jar:/Library/Java/JavaVirtualMachines/jdk1.8.0_202.jdk/Contents/Home/jre/lib/deploy.jar:/Library/Java/JavaVirtualMachines/jdk1.8.0_202.jdk/Contents/Home/jre/lib/ext/cldrdata.jar:/Library/Java/JavaVirtualMachines/jdk1.8.0_202.jdk/Contents/Home/jre/lib/ext/dnsns.jar:/Library/Java/JavaVirtualMachines/jdk1.8.0_202.jdk/Contents/Home/jre/lib/ext/jaccess.jar:/Library/Java/JavaVirtualMachines/jdk1.8.0_202.jdk/Contents/Home/jre/lib/ext/jfxrt.jar:/Library/Java/JavaVirtualMachines/jdk1.8.0_202.jdk/Contents/Home/jre/lib/ext/localedata.jar:/Library/Java/JavaVirtualMachines/jdk1.8.0_202.jdk/Contents/Home/jre/lib/ext/nashorn.jar:/Library/Java/JavaVirtualMachines/jdk1.8.0_202.jdk/Contents/Home/jre/lib/ext/sunec.jar:/Library/Java/JavaVirtualMachines/jdk1.8.0_202.jdk/Contents/Home/jre/lib/ext/sunjce_provider.jar:/Library/Java/JavaVirtualMachines/jdk1.8.0_202.jdk/Contents/Home/jre/lib/ext/sunpkcs11.jar:/Library/Java/JavaVirtualMachines/jdk1.8.0_202.jdk/Contents/Home/jre/lib/ext/zipfs.jar:/Library/Java/JavaVirtualMachines/jdk1.8.0_202.jdk/Contents/Home/jre/lib/javaws.jar:/Library/Java/JavaVirtualMachines/jdk1.8.0_202.jdk/Contents/Home/jre/lib/jce.jar:/Library/Java/JavaVirtualMachines/jdk1.8.0_202.jdk/Contents/Home/jre/lib/jfr.jar:/Library/Java/JavaVirtualMachines/jdk1.8.0_202.jdk/Contents/Home/jre/lib/jfxswt.jar:/Library/Java/JavaVirtualMachines/jdk1.8.0_202.jdk/Contents/Home/jre/lib/jsse.jar:/Library/Java/JavaVirtualMachines/jdk1.8.0_202.jdk/Contents/Home/jre/lib/management-agent.jar:/Library/Java/JavaVirtualMachines/jdk1.8.0_202.jdk/Contents/Home/jre/lib/plugin.jar:/Library/Java/JavaVirtualMachines/jdk1.8.0_202.jdk/Contents/Home/jre/lib/resources.jar:/Library/Java/JavaVirtualMachines/jdk1.8.0_202.jdk/Contents/Home/jre/lib/rt.jar:/Library/Java/JavaVirtualMachines/jdk1.8.0_202.jdk/Contents/Home/lib/ant-javafx.jar:/Library/Java/JavaVirtualMachines/jdk1.8.0_202.jdk/Contents/Home
Launcher Type: SUN_STANDARD

Environment Variables:
PATH=/Users/calmbit/.cargo/bin:/Users/calmbit/.rbenv/shims:/Users/calmbit/ArchiveBox:/Users/calmbit/.cabal/bin:/Users/calmbit/gems/bin:/usr/local/bin:/Users/calmbit/ArchiveBox:/Users/calmbit/.cabal/bin:/Users/calmbit/gems/bin:/usr/bin:/Users/calmbit/ArchiveBox:/Users/calmbit/.cabal/bin:/Users/calmbit/gems/bin:/bin:/Users/calmbit/ArchiveBox:/Users/calmbit/.cabal/bin:/Users/calmbit/gems/bin:/usr/sbin:/Users/calmbit/ArchiveBox:/Users/calmbit/.cabal/bin:/Users/calmbit/gems/bin:/sbin:/Users/calmbit/ArchiveBox:/Users/calmbit/.cabal/bin:/Users/calmbit/gems/bin:/opt/X11/bin:/Users/calmbit/ArchiveBox:/Users/calmbit/.cabal/bin:/Users/calmbit/gems/bin:/usr/local/MacGPG2/bin:/Users/calmbit/ArchiveBox:/Users/calmbit/.cabal/bin:/Users/calmbit/gems/bin:/Library/Frameworks/Mono.framework/Versions/Current/Commands:/Users/calmbit/ArchiveBox:/Users/calmbit/.cabal/bin:/Users/calmbit/gems/bin:/Library/TeX/texbin:/Users/calmbit/ArchiveBox:/Users/calmbit/.cabal/bin:/Users/calmbit/gems/bin:.:/Users/calmbit/ArchiveBox:/Users/calmbit/.cabal/bin:/Users/calmbit/gems/bin:/Applications/Wireshark.app/Contents/MacOS
SHELL=/usr/local/bin/fish
DISPLAY=/private/tmp/com.apple.launchd.5XdInRdpeX/org.macosforge.xquartz:0

Signal Handlers:
SIGSEGV: [libjvm.dylib+0x5b719d], sa_mask[0]=11111111011111110111111111111111, sa_flags=SA_ONSTACK|SA_RESTART|SA_SIGINFO
SIGBUS: [libjvm.dylib+0x5b719d], sa_mask[0]=11111111011111110111111111111111, sa_flags=SA_RESTART|SA_SIGINFO
SIGFPE: [libjvm.dylib+0x48c8fc], sa_mask[0]=11111111011111110111111111111111, sa_flags=SA_RESTART|SA_SIGINFO
SIGPIPE: [libjvm.dylib+0x48c8fc], sa_mask[0]=11111111011111110111111111111111, sa_flags=SA_RESTART|SA_SIGINFO
SIGXFSZ: [libjvm.dylib+0x48c8fc], sa_mask[0]=11111111011111110111111111111111, sa_flags=SA_RESTART|SA_SIGINFO
SIGILL: [libjvm.dylib+0x48c8fc], sa_mask[0]=11111111011111110111111111111111, sa_flags=SA_RESTART|SA_SIGINFO
SIGUSR1: SIG_DFL, sa_mask[0]=00000000000000000000000000000000, sa_flags=none
SIGUSR2: [libjvm.dylib+0x48c41a], sa_mask[0]=00100000000000000000000000000000, sa_flags=SA_RESTART|SA_SIGINFO
SIGHUP: [libjvm.dylib+0x48a9a5], sa_mask[0]=11111111011111110111111111111111, sa_flags=SA_RESTART|SA_SIGINFO
SIGINT: [libjvm.dylib+0x48a9a5], sa_mask[0]=11111111011111110111111111111111, sa_flags=SA_RESTART|SA_SIGINFO
SIGTERM: [libjvm.dylib+0x48a9a5], sa_mask[0]=11111111011111110111111111111111, sa_flags=SA_RESTART|SA_SIGINFO
SIGQUIT: [libjvm.dylib+0x48a9a5], sa_mask[0]=11111111011111110111111111111111, sa_flags=SA_RESTART|SA_SIGINFO


---------------  S Y S T E M  ---------------

OS:Bsduname:Darwin 18.6.0 Darwin Kernel Version 18.6.0: Thu Apr 25 23:16:27 PDT 2019; root:xnu-4903.261.4~2/RELEASE_X86_64 x86_64
rlimit: STACK 8192k, CORE 0k, NPROC 1418, NOFILE 10240, AS infinity
load average:5.47 5.10 4.48

CPU:total 4 (initial active 4) (2 cores per cpu, 2 threads per core) family 6 model 69 stepping 1, cmov, cx8, fxsr, mmx, sse, sse2, sse3, ssse3, sse4.1, sse4.2, popcnt, avx, avx2, aes, clmul, erms, lzcnt, ht, tsc, tscinvbit, bmi1, bmi2

Memory: 4k page, physical 16777216k(1076080k free)

/proc/meminfo:


vm_info: Java HotSpot(TM) 64-Bit Server VM (25.202-b08) for bsd-amd64 JRE (1.8.0_202-b08), built on Dec 15 2018 20:16:16 by "java_re" with gcc 4.2.1 (Based on Apple Inc. build 5658) (LLVM build 2336.11.00)

time: Mon Jun 10 20:41:33 2019
timezone: EDT
elapsed time: 50 seconds (0d 0h 0m 50s)

