#
# A fatal error has been detected by the Java Runtime Environment:
#
#  SIGSEGV (0xb) at pc=0x00007fff431538b0, pid=25045, tid=0x0000000000000307
#
# JRE version: Java(TM) SE Runtime Environment (8.0_202-b08) (build 1.8.0_202-b08)
# Java VM: Java HotSpot(TM) 64-Bit Server VM (25.202-b08 mixed mode bsd-amd64 compressed oops)
# Problematic frame:
# C  [GLEngine+0x1298b0]  gleRunVertexSubmitImmediate+0x9a0
#
# Failed to write core dump. Core dumps have been disabled. To enable core dumping, try "ulimit -c unlimited" before starting Java again
#
# If you would like to submit a bug report, please visit:
#   http://bugreport.java.com/bugreport/crash.jsp
# The crash happened outside the Java Virtual Machine in native code.
# See problematic frame for where to report the bug.
#

---------------  T H R E A D  ---------------

Current thread (0x00007ff7b3001000):  JavaThread "main" [_thread_in_native, id=775, stack(0x00007ffee2bb5000,0x00007ffee33b5000)]

siginfo: si_signo: 11 (SIGSEGV), si_code: 1 (SEGV_MAPERR), si_addr: 0x0000000000000000

Registers:
RAX=0x0000000000000000, RBX=0x0000000000000006, RCX=0x00007fff431538b0, RDX=0x00007fff43155ef4
RSP=0x00007ffee33af0e0, RBP=0x00007ffee33af290, RSI=0x00007ff7b5daabc0, RDI=0x0000000000001c32
R8 =0x00007ff7b16cc620, R9 =0x0000000000000002, R10=0x0000000000000001, R11=0x0000000386401093
R12=0x0000000000000000, R13=0x0000000124147000, R14=0x0000000000000000, R15=0x00001c3200849800
RIP=0x00007fff431538b0, EFLAGS=0x0000000000010213, ERR=0x0000000000000004
  TRAPNO=0x000000000000000e

Top of Stack: (sp=0x00007ffee33af0e0)
0x00007ffee33af0e0:   cb000000cb000000 cb000000cb000000
0x00007ffee33af0f0:   a9bf0857a44d00bf 0000000124147170
0x00007ffee33af100:   0000000124147140 00000001241471a0
0x00007ffee33af110:   0000000124147160 0000000124147180
0x00007ffee33af120:   0000000124147150 0000000000000003
0x00007ffee33af130:   0000000000000000 0000000000000000
0x00007ffee33af140:   0000000000001c32 0000000124147190
0x00007ffee33af150:   fffffffffffffffe 0100000124147810
0x00007ffee33af160:   000000003f000000 0000000000000000
0x00007ffee33af170:   0000011c7f186060 00000000238991e0
0x00007ffee33af180:   00007ff7b16cc620 0000000124147140
0x00007ffee33af190:   000000107a000003 0000000000000000
0x00007ffee33af1a0:   7a00000300000000 0000000124147000
0x00007ffee33af1b0:   0000000000000000 0000000000000000
0x00007ffee33af1c0:   a9bf0857a44d00bf 0000000000000006
0x00007ffee33af1d0:   0000000000001548 00000001238991e0
0x00007ffee33af1e0:   00000001238962b0 0000000000000020
0x00007ffee33af1f0:   0000000000000000 0000000000000000
0x00007ffee33af200:   0000000000000000 0000000000000718
0x00007ffee33af210:   00000001238962b0 00007ffee33af274
0x00007ffee33af220:   0000000000000000 00000001244100c0
0x00007ffee33af230:   0000000124413000 0000000000000000
0x00007ffee33af240:   000000012414ada0 000000012414afb0
0x00007ffee33af250:   00007ff7b5daabc0 0000000000000000
0x00007ffee33af260:   a9bf0857a44d00bf 0000000000000000
0x00007ffee33af270:   00007ff7b5daa800 0000000124147000
0x00007ffee33af280:   00000000000000fc 00000000000000fc
0x00007ffee33af290:   00007ffee33af300 00007fff430e0b5a
0x00007ffee33af2a0:   0000000111cecdd0 00007ff7b5daac40
0x00007ffee33af2b0:   00000000000000fc 00000001241513d0
0x00007ffee33af2c0:   0000000000000004 0000000000000004
0x00007ffee33af2d0:   000000fc00000000 0000000125702768 

Instructions: (pc=0x00007fff431538b0)
0x00007fff43153890:   85 48 01 00 00 e9 f2 23 00 00 b8 06 00 00 00 48
0x00007fff431538a0:   89 85 38 ff ff ff bf 05 00 00 00 e9 f4 21 00 00
0x00007fff431538b0:   48 8b 00 48 89 85 00 ff ff ff 48 89 45 80 bf 05
0x00007fff431538c0:   00 00 00 e9 dc 21 00 00 48 8b 08 48 89 8d 00 ff 

Register to memory mapping:

RAX=0x0000000000000000 is an unknown value
RBX=0x0000000000000006 is an unknown value
RCX=0x00007fff431538b0: gleRunVertexSubmitImmediate+0x9a0 in /System/Library/Frameworks/OpenGL.framework/Versions/A/Resources/GLEngine.bundle/GLEngine at 0x00007fff4302a000
RDX=0x00007fff43155ef4: gleRunVertexSubmitImmediate+0x2fe4 in /System/Library/Frameworks/OpenGL.framework/Versions/A/Resources/GLEngine.bundle/GLEngine at 0x00007fff4302a000
RSP=0x00007ffee33af0e0 is pointing into the stack for thread: 0x00007ff7b3001000
RBP=0x00007ffee33af290 is pointing into the stack for thread: 0x00007ff7b3001000
RSI=0x00007ff7b5daabc0 is an unknown value
RDI=0x0000000000001c32 is an unknown value
R8 =0x00007ff7b16cc620 is an unknown value
R9 =0x0000000000000002 is an unknown value
R10=0x0000000000000001 is an unknown value
R11=0x0000000386401093 is an unknown value
R12=0x0000000000000000 is an unknown value
R13=0x0000000124147000 is an unknown value
R14=0x0000000000000000 is an unknown value
R15=0x00001c3200849800 is an unknown value


Stack: [0x00007ffee2bb5000,0x00007ffee33b5000],  sp=0x00007ffee33af0e0,  free space=8168k
Native frames: (J=compiled Java code, j=interpreted, Vv=VM code, C=native code)
C  [GLEngine+0x1298b0]  gleRunVertexSubmitImmediate+0x9a0
C  [GLEngine+0xb6b5a]  glDrawArrays_ACC_GL3Exec+0x2dc
j  org.lwjgl.opengl.GL11C.glDrawArrays(III)V+0
j  org.lwjgl.opengl.GL11.glDrawArrays(III)V+3
j  render.FontRenderer.draw(Lorg/joml/Matrix4f;)V+112
j  Window.loop()V+1615
j  Window.access$loop(LWindow;)V+1
j  Window$run$1.invokeSuspend(Ljava/lang/Object;)Ljava/lang/Object;+41
j  kotlin.coroutines.jvm.internal.BaseContinuationImpl.resumeWith(Ljava/lang/Object;)V+48
j  kotlinx.coroutines.DispatchedTask.run()V+302
j  kotlinx.coroutines.EventLoopImplBase.processNextEvent()J+184
j  kotlinx.coroutines.BlockingCoroutine.joinBlocking()Ljava/lang/Object;+76
j  kotlinx.coroutines.BuildersKt__BuildersKt.runBlocking(Lkotlin/coroutines/CoroutineContext;Lkotlin/jvm/functions/Function2;)Ljava/lang/Object;+182
j  kotlinx.coroutines.BuildersKt.runBlocking(Lkotlin/coroutines/CoroutineContext;Lkotlin/jvm/functions/Function2;)Ljava/lang/Object;+2
j  kotlinx.coroutines.BuildersKt__BuildersKt.runBlocking$default(Lkotlin/coroutines/CoroutineContext;Lkotlin/jvm/functions/Function2;ILjava/lang/Object;)Ljava/lang/Object;+15
j  kotlinx.coroutines.BuildersKt.runBlocking$default(Lkotlin/coroutines/CoroutineContext;Lkotlin/jvm/functions/Function2;ILjava/lang/Object;)Ljava/lang/Object;+4
j  Window.run()V+32
j  StartKt.main()V+9
j  StartKt.main([Ljava/lang/String;)V+0
v  ~StubRoutines::call_stub
V  [libjvm.dylib+0x2f0d1e]
V  [libjvm.dylib+0x327cc5]
V  [libjvm.dylib+0x320a51]
C  [java+0x38c6]  JavaMain+0x9c4
C  [java+0x57ee]  __JVMInit_block_invoke_1+0x51
C  [Foundation+0x427bd]  __NSBLOCKOPERATION_IS_CALLING_OUT_TO_A_BLOCK__+0x7
C  [Foundation+0x426b5]  -[NSBlockOperation main]+0x62
C  [Foundation+0x42640]  __NSOPERATION_IS_INVOKING_MAIN__+0x11
C  [Foundation+0x41834]  -[NSOperation start]+0x2db
C  [Foundation+0x9c8ab]  __NSThreadPerformPerform+0xfe
C  [CoreFoundation+0x84b21]  __CFRUNLOOP_IS_CALLING_OUT_TO_A_SOURCE0_PERFORM_FUNCTION__+0x11
C  [CoreFoundation+0x84ac0]  __CFRunLoopDoSource0+0x67
C  [CoreFoundation+0x848d4]  __CFRunLoopDoSources0+0xd1
C  [CoreFoundation+0x83740]  __CFRunLoopRun+0x4f8
C  [CoreFoundation+0x82bd3]  CFRunLoopRunSpecific+0x1f3
C  [java+0x646e]  CreateExecutionEnvironment+0x367
C  [java+0x203c]  JLI_Launch+0x7a0
C  [java+0x84cb]  main+0x65
C  [java+0x1894]  start+0x34
C  0x000000000000000a

Java frames: (J=compiled Java code, j=interpreted, Vv=VM code)
j  org.lwjgl.opengl.GL11C.glDrawArrays(III)V+0
j  org.lwjgl.opengl.GL11.glDrawArrays(III)V+3
j  render.FontRenderer.draw(Lorg/joml/Matrix4f;)V+112
j  Window.loop()V+1615
j  Window.access$loop(LWindow;)V+1
j  Window$run$1.invokeSuspend(Ljava/lang/Object;)Ljava/lang/Object;+41
j  kotlin.coroutines.jvm.internal.BaseContinuationImpl.resumeWith(Ljava/lang/Object;)V+48
j  kotlinx.coroutines.DispatchedTask.run()V+302
j  kotlinx.coroutines.EventLoopImplBase.processNextEvent()J+184
j  kotlinx.coroutines.BlockingCoroutine.joinBlocking()Ljava/lang/Object;+76
j  kotlinx.coroutines.BuildersKt__BuildersKt.runBlocking(Lkotlin/coroutines/CoroutineContext;Lkotlin/jvm/functions/Function2;)Ljava/lang/Object;+182
j  kotlinx.coroutines.BuildersKt.runBlocking(Lkotlin/coroutines/CoroutineContext;Lkotlin/jvm/functions/Function2;)Ljava/lang/Object;+2
j  kotlinx.coroutines.BuildersKt__BuildersKt.runBlocking$default(Lkotlin/coroutines/CoroutineContext;Lkotlin/jvm/functions/Function2;ILjava/lang/Object;)Ljava/lang/Object;+15
j  kotlinx.coroutines.BuildersKt.runBlocking$default(Lkotlin/coroutines/CoroutineContext;Lkotlin/jvm/functions/Function2;ILjava/lang/Object;)Ljava/lang/Object;+4
j  Window.run()V+32
j  StartKt.main()V+9
j  StartKt.main([Ljava/lang/String;)V+0
v  ~StubRoutines::call_stub

---------------  P R O C E S S  ---------------

Java Threads: ( => current thread )
  0x00007ff7b498a800 JavaThread "kotlinx.coroutines.DefaultExecutor" daemon [_thread_blocked, id=78347, stack(0x0000700002909000,0x0000700002a09000)]
  0x00007ff7b5058800 JavaThread "DefaultDispatcher-worker-4" daemon [_thread_in_vm, id=78851, stack(0x0000700002806000,0x0000700002906000)]
  0x00007ff7b3453000 JavaThread "DefaultDispatcher-worker-3" daemon [_thread_in_Java, id=79363, stack(0x0000700002703000,0x0000700002803000)]
  0x00007ff7b5057800 JavaThread "DefaultDispatcher-worker-2" daemon [_thread_in_vm, id=50947, stack(0x0000700002600000,0x0000700002700000)]
  0x00007ff7b5050000 JavaThread "DefaultDispatcher-worker-1" daemon [_thread_in_Java, id=80163, stack(0x00007000024fd000,0x00007000025fd000)]
  0x00007ff7b31c3000 JavaThread "Attach Listener" daemon [_thread_blocked, id=14339, stack(0x000070000216b000,0x000070000226b000)]
  0x00007ff7b288c000 JavaThread "Service Thread" daemon [_thread_blocked, id=17411, stack(0x0000700001f65000,0x0000700002065000)]
  0x00007ff7b2121000 JavaThread "C1 CompilerThread2" daemon [_thread_in_native, id=13571, stack(0x0000700001e62000,0x0000700001f62000)]
  0x00007ff7b30ed800 JavaThread "C2 CompilerThread1" daemon [_thread_in_native, id=17667, stack(0x0000700001d5f000,0x0000700001e5f000)]
  0x00007ff7b30ec800 JavaThread "C2 CompilerThread0" daemon [_thread_in_native, id=17923, stack(0x0000700001c5c000,0x0000700001d5c000)]
  0x00007ff7b1838000 JavaThread "Monitor Ctrl-Break" daemon [_thread_in_native, id=12803, stack(0x0000700001b59000,0x0000700001c59000)]
  0x00007ff7b282c800 JavaThread "Signal Dispatcher" daemon [_thread_blocked, id=18691, stack(0x0000700001a56000,0x0000700001b56000)]
  0x00007ff7b2827800 JavaThread "Finalizer" daemon [_thread_blocked, id=20995, stack(0x000070000184d000,0x000070000194d000)]
  0x00007ff7b3018000 JavaThread "Reference Handler" daemon [_thread_blocked, id=21251, stack(0x000070000174a000,0x000070000184a000)]
=>0x00007ff7b3001000 JavaThread "main" [_thread_in_native, id=775, stack(0x00007ffee2bb5000,0x00007ffee33b5000)]

Other Threads:
  0x00007ff7b3013000 VMThread [stack: 0x0000700001647000,0x0000700001747000] [id=10755]
  0x00007ff7b282d800 WatcherThread [stack: 0x0000700002068000,0x0000700002168000] [id=17155]

VM state:not at safepoint (normal execution)

VM Mutex/Monitor currently owned by a thread: None

heap address: 0x0000000778000000, size: 1152 MB, Compressed Oops mode: Zero based, Oop shift amount: 3
Narrow klass base: 0x0000000000000000, Narrow klass shift: 3
Compressed class space size: 1073741824 Address: 0x00000007c0000000

Heap:
 PSYoungGen      total 344064K, used 159376K [0x00000007a8000000, 0x00000007c0000000, 0x00000007c0000000)
  eden space 294912K, 54% used [0x00000007a8000000,0x00000007b1ba4120,0x00000007ba000000)
  from space 49152K, 0% used [0x00000007bd000000,0x00000007bd000000,0x00000007c0000000)
  to   space 49152K, 0% used [0x00000007ba000000,0x00000007ba000000,0x00000007bd000000)
 ParOldGen       total 786432K, used 0K [0x0000000778000000, 0x00000007a8000000, 0x00000007a8000000)
  object space 786432K, 0% used [0x0000000778000000,0x0000000778000000,0x00000007a8000000)
 Metaspace       used 18071K, capacity 18289K, committed 18304K, reserved 1064960K
  class space    used 1822K, capacity 1907K, committed 1920K, reserved 1048576K

Card table byte_map: [0x000000010e579000,0x000000010e7ba000] byte_map_base: 0x000000010a9b9000

Marking Bits: (ParMarkBitMap*) 0x000000010dafbe40
 Begin Bits: [0x000000010e93a000, 0x000000010fb3a000)
 End Bits:   [0x000000010fb3a000, 0x0000000110d3a000)

Polling page: 0x000000010c8ba000

CodeCache: size=245760Kb used=4603Kb max_used=4615Kb free=241156Kb
 bounds [0x0000000111ce5000, 0x0000000112175000, 0x0000000120ce5000]
 total_blobs=2287 nmethods=1287 adapters=914
 compilation: enabled

Compilation events (10 events):
Event: 2.507 Thread 0x00007ff7b2121000 1282       3       world.Region::getTileAt (27 bytes)
Event: 2.507 Thread 0x00007ff7b2121000 nmethod 1282 0x0000000112162110 code [0x0000000112162280, 0x0000000112162568]
Event: 2.507 Thread 0x00007ff7b2121000 1283       3       block.TilePalette::getTileState (60 bytes)
Event: 2.508 Thread 0x00007ff7b2121000 nmethod 1283 0x0000000112164bd0 code [0x0000000112164e40, 0x0000000112165e18]
Event: 2.508 Thread 0x00007ff7b2121000 1294       3       render.ShapeHelper::appendVerts (3859 bytes)
Event: 2.512 Thread 0x00007ff7b30ed800 1299       4       block.TilePalette::getTileState (60 bytes)
Event: 2.513 Thread 0x00007ff7b30ed800 nmethod 1299 0x0000000112161c50 code [0x0000000112161dc0, 0x0000000112161f18]
Event: 2.513 Thread 0x00007ff7b30ed800 1300       4       block.Block::shouldRenderFace (156 bytes)
Event: 2.515 Thread 0x00007ff7b30ec800 nmethod 1268 0x000000011216a890 code [0x000000011216aa80, 0x000000011216b090]
Event: 2.515 Thread 0x00007ff7b30ec800 1302       4       world.World::getTileAt (77 bytes)

GC Heap History (0 events):
No events

Deoptimization events (10 events):
Event: 0.942 Thread 0x00007ff7b3001000 Uncommon trap: reason=unstable_if action=reinterpret pc=0x0000000111f3d60c method=java.util.HashMap.getNode(ILjava/lang/Object;)Ljava/util/HashMap$Node; @ 129
Event: 0.943 Thread 0x00007ff7b3001000 Uncommon trap: reason=unstable_if action=reinterpret pc=0x0000000111f4e0b0 method=java.util.HashMap.getNode(ILjava/lang/Object;)Ljava/util/HashMap$Node; @ 129
Event: 0.950 Thread 0x00007ff7b3001000 Uncommon trap: reason=range_check action=make_not_entrant pc=0x0000000111f308c8 method=sun.reflect.generics.parser.SignatureParser.current()C @ 34
Event: 1.097 Thread 0x00007ff7b3001000 Uncommon trap: reason=unstable_if action=reinterpret pc=0x0000000111eae750 method=java.lang.String.indexOf([CII[CIII)I @ 3
Event: 1.143 Thread 0x00007ff7b3001000 Uncommon trap: reason=class_check action=maybe_recompile pc=0x0000000111f8ad3c method=java.util.HashMap.putVal(ILjava/lang/Object;Ljava/lang/Object;ZZ)Ljava/lang/Object; @ 203
Event: 1.204 Thread 0x00007ff7b3001000 Uncommon trap: reason=class_check action=maybe_recompile pc=0x0000000111f8ad3c method=java.util.HashMap.putVal(ILjava/lang/Object;Ljava/lang/Object;ZZ)Ljava/lang/Object; @ 203
Event: 1.363 Thread 0x00007ff7b3001000 Uncommon trap: reason=unstable_if action=reinterpret pc=0x0000000111ebfcf0 method=java.lang.String.replace(CC)Ljava/lang/String; @ 26
Event: 1.829 Thread 0x00007ff7b3001000 Uncommon trap: reason=unstable_if action=reinterpret pc=0x0000000111f415bc method=sun.net.www.ParseUtil.encodePath(Ljava/lang/String;Z)Ljava/lang/String; @ 109
Event: 2.405 Thread 0x00007ff7b5050000 Uncommon trap: reason=unstable_if action=reinterpret pc=0x0000000112140dec method=java.lang.Math.min(DD)D @ 36
Event: 2.449 Thread 0x00007ff7b5050000 Uncommon trap: reason=unstable_if action=reinterpret pc=0x0000000112145f7c method=java.util.ArrayList.indexOf(Ljava/lang/Object;)I @ 41

Classes redefined (0 events):
No events

Internal exceptions (10 events):
Event: 1.470 Thread 0x00007ff7b3001000 Exception <a 'java/security/PrivilegedActionException'> (0x00000007ac3d6da0) thrown at [/Users/java_re/workspace/8-2-build-macosx-x86_64/jdk8u202/12323/hotspot/src/share/vm/prims/jvm.cpp, line 1502]
Event: 1.470 Thread 0x00007ff7b3001000 Exception <a 'java/security/PrivilegedActionException'> (0x00000007ac3d8838) thrown at [/Users/java_re/workspace/8-2-build-macosx-x86_64/jdk8u202/12323/hotspot/src/share/vm/prims/jvm.cpp, line 1502]
Event: 1.470 Thread 0x00007ff7b3001000 Exception <a 'java/security/PrivilegedActionException'> (0x00000007ac3d8a48) thrown at [/Users/java_re/workspace/8-2-build-macosx-x86_64/jdk8u202/12323/hotspot/src/share/vm/prims/jvm.cpp, line 1502]
Event: 1.470 Thread 0x00007ff7b3001000 Exception <a 'java/security/PrivilegedActionException'> (0x00000007ac3da350) thrown at [/Users/java_re/workspace/8-2-build-macosx-x86_64/jdk8u202/12323/hotspot/src/share/vm/prims/jvm.cpp, line 1502]
Event: 1.470 Thread 0x00007ff7b3001000 Exception <a 'java/security/PrivilegedActionException'> (0x00000007ac3da560) thrown at [/Users/java_re/workspace/8-2-build-macosx-x86_64/jdk8u202/12323/hotspot/src/share/vm/prims/jvm.cpp, line 1502]
Event: 1.470 Thread 0x00007ff7b3001000 Exception <a 'java/security/PrivilegedActionException'> (0x00000007ac3dbfc8) thrown at [/Users/java_re/workspace/8-2-build-macosx-x86_64/jdk8u202/12323/hotspot/src/share/vm/prims/jvm.cpp, line 1502]
Event: 1.470 Thread 0x00007ff7b3001000 Exception <a 'java/security/PrivilegedActionException'> (0x00000007ac3dc1d8) thrown at [/Users/java_re/workspace/8-2-build-macosx-x86_64/jdk8u202/12323/hotspot/src/share/vm/prims/jvm.cpp, line 1502]
Event: 1.470 Thread 0x00007ff7b3001000 Exception <a 'java/security/PrivilegedActionException'> (0x00000007ac3ddb68) thrown at [/Users/java_re/workspace/8-2-build-macosx-x86_64/jdk8u202/12323/hotspot/src/share/vm/prims/jvm.cpp, line 1502]
Event: 1.470 Thread 0x00007ff7b3001000 Exception <a 'java/security/PrivilegedActionException'> (0x00000007ac3ddd78) thrown at [/Users/java_re/workspace/8-2-build-macosx-x86_64/jdk8u202/12323/hotspot/src/share/vm/prims/jvm.cpp, line 1502]
Event: 1.632 Thread 0x00007ff7b3001000 Exception <a 'sun/nio/fs/UnixException'> (0x00000007ac58c178) thrown at [/Users/java_re/workspace/8-2-build-macosx-x86_64/jdk8u202/12323/hotspot/src/share/vm/prims/jni.cpp, line 710]

Events (10 events):
Event: 2.466 loading class gl/UVPosition
Event: 2.466 loading class gl/UVPosition done
Event: 2.480 loading class java/util/ArrayDeque$DeqIterator
Event: 2.481 loading class java/util/ArrayDeque$DeqIterator done
Event: 2.481 loading class kotlin/Triple
Event: 2.481 loading class kotlin/Triple done
Event: 2.482 loading class render/ShapeHelper
Event: 2.482 loading class render/ShapeHelper done
Event: 2.488 loading class block/EnumDirection
Event: 2.488 loading class block/EnumDirection done


Dynamic libraries:
0x00007fff377e5000 	/System/Library/Frameworks/Cocoa.framework/Versions/A/Cocoa
0x00007fff44db3000 	/System/Library/Frameworks/Security.framework/Versions/A/Security
0x00007fff3676f000 	/System/Library/Frameworks/ApplicationServices.framework/Versions/A/ApplicationServices
0x00007fff6f1e0000 	/usr/lib/libz.1.dylib
0x00007fff6ccaf000 	/usr/lib/libSystem.B.dylib
0x00007fff6eb04000 	/usr/lib/libobjc.A.dylib
0x00007fff3875c000 	/System/Library/Frameworks/CoreFoundation.framework/Versions/A/CoreFoundation
0x00007fff3ae21000 	/System/Library/Frameworks/Foundation.framework/Versions/C/Foundation
0x00007fff35964000 	/System/Library/Frameworks/AppKit.framework/Versions/C/AppKit
0x00007fff38268000 	/System/Library/Frameworks/CoreData.framework/Versions/A/CoreData
0x00007fff69557000 	/System/Library/PrivateFrameworks/UIFoundation.framework/Versions/A/UIFoundation
0x00007fff63d33000 	/System/Library/PrivateFrameworks/RemoteViewServices.framework/Versions/A/RemoteViewServices
0x00007fff6bfea000 	/System/Library/PrivateFrameworks/XCTTargetBootstrap.framework/Versions/A/XCTTargetBootstrap
0x00007fff3864b000 	/System/Library/Frameworks/CoreDisplay.framework/Versions/A/CoreDisplay
0x00007fff3db99000 	/System/Library/Frameworks/Metal.framework/Versions/A/Metal
0x00007fff52139000 	/System/Library/PrivateFrameworks/DesktopServicesPriv.framework/Versions/A/DesktopServicesPriv
0x00007fff6dde5000 	/usr/lib/liblangid.dylib
0x00007fff51285000 	/System/Library/PrivateFrameworks/CoreSVG.framework/Versions/A/CoreSVG
0x00007fff66afa000 	/System/Library/PrivateFrameworks/SkyLight.framework/Versions/A/SkyLight
0x00007fff38bde000 	/System/Library/Frameworks/CoreGraphics.framework/Versions/A/CoreGraphics
0x00007fff34503000 	/System/Library/Frameworks/Accelerate.framework/Versions/A/Accelerate
0x00007fff6f0d1000 	/usr/lib/libxml2.2.dylib
0x00007fff5ce5d000 	/System/Library/PrivateFrameworks/IconServices.framework/Versions/A/IconServices
0x00007fff3b606000 	/System/Library/Frameworks/IOSurface.framework/Versions/A/IOSurface
0x00007fff6c7e7000 	/usr/lib/libDiagnosticMessagesClient.dylib
0x00007fff51fb2000 	/System/Library/PrivateFrameworks/DFRFoundation.framework/Versions/A/DFRFoundation
0x00007fff6db73000 	/usr/lib/libicucore.A.dylib
0x00007fff36aa1000 	/System/Library/Frameworks/AudioToolbox.framework/Versions/A/AudioToolbox
0x00007fff36b83000 	/System/Library/Frameworks/AudioUnit.framework/Versions/A/AudioUnit
0x00007fff6ceb0000 	/usr/lib/libauto.dylib
0x00007fff52033000 	/System/Library/PrivateFrameworks/DataDetectorsCore.framework/Versions/A/DataDetectorsCore
0x00007fff37305000 	/System/Library/Frameworks/Carbon.framework/Versions/A/Frameworks/HIToolbox.framework/Versions/A/HIToolbox
0x00007fff43fe4000 	/System/Library/Frameworks/QuartzCore.framework/Versions/A/QuartzCore
0x00007fff37644000 	/System/Library/Frameworks/Carbon.framework/Versions/A/Frameworks/SpeechRecognition.framework/Versions/A/SpeechRecognition
0x00007fff51938000 	/System/Library/PrivateFrameworks/CoreUI.framework/Versions/A/CoreUI
0x00007fff37cce000 	/System/Library/Frameworks/CoreAudio.framework/Versions/A/CoreAudio
0x00007fff3aae9000 	/System/Library/Frameworks/DiskArbitration.framework/Versions/A/DiskArbitration
0x00007fff5ee72000 	/System/Library/PrivateFrameworks/MultitouchSupport.framework/Versions/A/MultitouchSupport
0x00007fff6da39000 	/usr/lib/libenergytrace.dylib
0x00007fff3b561000 	/System/Library/Frameworks/IOKit.framework/Versions/A/IOKit
0x00007fff39b4c000 	/System/Library/Frameworks/CoreServices.framework/Versions/A/CoreServices
0x00007fff60f7f000 	/System/Library/PrivateFrameworks/PerformanceAnalysis.framework/Versions/A/PerformanceAnalysis
0x00007fff4301a000 	/System/Library/Frameworks/OpenGL.framework/Versions/A/OpenGL
0x00007fff377f3000 	/System/Library/Frameworks/ColorSync.framework/Versions/A/ColorSync
0x00007fff39265000 	/System/Library/Frameworks/CoreImage.framework/Versions/A/CoreImage
0x00007fff3a5c2000 	/System/Library/Frameworks/CoreText.framework/Versions/A/CoreText
0x00007fff3b68c000 	/System/Library/Frameworks/ImageIO.framework/Versions/A/ImageIO
0x00007fff6cf95000 	/usr/lib/libc++.1.dylib
0x00007fff6d011000 	/usr/lib/libcompression.dylib
0x00007fff6cb29000 	/usr/lib/libMobileGestalt.dylib
0x00007fff68639000 	/System/Library/PrivateFrameworks/TextureIO.framework/Versions/A/TextureIO
0x00007fff6ce16000 	/usr/lib/libate.dylib
0x00007fff5d066000 	/System/Library/PrivateFrameworks/InternationalSupport.framework/Versions/A/InternationalSupport
0x00007fff6fc56000 	/usr/lib/system/libcache.dylib
0x00007fff6fc5c000 	/usr/lib/system/libcommonCrypto.dylib
0x00007fff6fc68000 	/usr/lib/system/libcompiler_rt.dylib
0x00007fff6fc70000 	/usr/lib/system/libcopyfile.dylib
0x00007fff6fc7a000 	/usr/lib/system/libcorecrypto.dylib
0x00007fff6fe28000 	/usr/lib/system/libdispatch.dylib
0x00007fff6fe6a000 	/usr/lib/system/libdyld.dylib
0x00007fff6fea0000 	/usr/lib/system/libkeymgr.dylib
0x00007fff6feae000 	/usr/lib/system/liblaunch.dylib
0x00007fff6feaf000 	/usr/lib/system/libmacho.dylib
0x00007fff6feb5000 	/usr/lib/system/libquarantine.dylib
0x00007fff6feb8000 	/usr/lib/system/libremovefile.dylib
0x00007fff6feba000 	/usr/lib/system/libsystem_asl.dylib
0x00007fff6fed2000 	/usr/lib/system/libsystem_blocks.dylib
0x00007fff6fed3000 	/usr/lib/system/libsystem_c.dylib
0x00007fff6ff5b000 	/usr/lib/system/libsystem_configuration.dylib
0x00007fff6ff5f000 	/usr/lib/system/libsystem_coreservices.dylib
0x00007fff6ff63000 	/usr/lib/system/libsystem_darwin.dylib
0x00007fff6ff6c000 	/usr/lib/system/libsystem_dnssd.dylib
0x00007fff6ff74000 	/usr/lib/system/libsystem_featureflags.dylib
0x00007fff6ff76000 	/usr/lib/system/libsystem_info.dylib
0x00007fff6fff1000 	/usr/lib/system/libsystem_m.dylib
0x00007fff70039000 	/usr/lib/system/libsystem_malloc.dylib
0x00007fff70061000 	/usr/lib/system/libsystem_networkextension.dylib
0x00007fff7006f000 	/usr/lib/system/libsystem_notify.dylib
0x00007fff7008e000 	/usr/lib/system/libsystem_sandbox.dylib
0x00007fff70093000 	/usr/lib/system/libsystem_secinit.dylib
0x00007fff6ffc4000 	/usr/lib/system/libsystem_kernel.dylib
0x00007fff70079000 	/usr/lib/system/libsystem_platform.dylib
0x00007fff70083000 	/usr/lib/system/libsystem_pthread.dylib
0x00007fff70096000 	/usr/lib/system/libsystem_symptoms.dylib
0x00007fff7009e000 	/usr/lib/system/libsystem_trace.dylib
0x00007fff700b6000 	/usr/lib/system/libunwind.dylib
0x00007fff700bc000 	/usr/lib/system/libxpc.dylib
0x00007fff6cfe9000 	/usr/lib/libc++abi.dylib
0x00007fff6dde7000 	/usr/lib/liblzma.5.dylib
0x00007fff6da61000 	/usr/lib/libfakelink.dylib
0x00007fff6cda3000 	/usr/lib/libarchive.2.dylib
0x00007fff45f55000 	/System/Library/Frameworks/SystemConfiguration.framework/Versions/A/SystemConfiguration
0x00007fff6c718000 	/usr/lib/libCRFSuite.dylib
0x00007fff36ef9000 	/System/Library/Frameworks/CFNetwork.framework/Versions/A/CFNetwork
0x00007fff6cf77000 	/usr/lib/libbsm.0.dylib
0x00007fff6fea1000 	/usr/lib/system/libkxld.dylib
0x00007fff4ba69000 	/System/Library/PrivateFrameworks/AppleFSCompression.framework/Versions/A/AppleFSCompression
0x00007fff6d2f8000 	/usr/lib/libcoretls.dylib
0x00007fff6d30f000 	/usr/lib/libcoretls_cfhelpers.dylib
0x00007fff6eb48000 	/usr/lib/libpam.2.dylib
0x00007fff6ec7b000 	/usr/lib/libsqlite3.dylib
0x00007fff6f0be000 	/usr/lib/libxar.1.dylib
0x00007fff6cf88000 	/usr/lib/libbz2.1.0.dylib
0x00007fff6da82000 	/usr/lib/libiconv.2.dylib
0x00007fff6cffe000 	/usr/lib/libcharset.1.dylib
0x00007fff6e5ef000 	/usr/lib/libnetwork.dylib
0x00007fff6eb4f000 	/usr/lib/libpcap.A.dylib
0x00007fff6cd58000 	/usr/lib/libapple_nghttp2.dylib
0x00007fff39f03000 	/System/Library/Frameworks/CoreServices.framework/Versions/A/Frameworks/FSEvents.framework/Versions/A/FSEvents
0x00007fff39bd3000 	/System/Library/Frameworks/CoreServices.framework/Versions/A/Frameworks/CarbonCore.framework/Versions/A/CarbonCore
0x00007fff3a146000 	/System/Library/Frameworks/CoreServices.framework/Versions/A/Frameworks/Metadata.framework/Versions/A/Metadata
0x00007fff3a1df000 	/System/Library/Frameworks/CoreServices.framework/Versions/A/Frameworks/OSServices.framework/Versions/A/OSServices
0x00007fff3a20d000 	/System/Library/Frameworks/CoreServices.framework/Versions/A/Frameworks/SearchKit.framework/Versions/A/SearchKit
0x00007fff39b4d000 	/System/Library/Frameworks/CoreServices.framework/Versions/A/Frameworks/AE.framework/Versions/A/AE
0x00007fff39f0c000 	/System/Library/Frameworks/CoreServices.framework/Versions/A/Frameworks/LaunchServices.framework/Versions/A/LaunchServices
0x00007fff39eb5000 	/System/Library/Frameworks/CoreServices.framework/Versions/A/Frameworks/DictionaryServices.framework/Versions/A/DictionaryServices
0x00007fff3a275000 	/System/Library/Frameworks/CoreServices.framework/Versions/A/Frameworks/SharedFileList.framework/Versions/A/SharedFileList
0x00007fff3ee6e000 	/System/Library/Frameworks/NetFS.framework/Versions/A/NetFS
0x00007fff5f3a2000 	/System/Library/PrivateFrameworks/NetAuth.framework/Versions/A/NetAuth
0x00007fff6c3b5000 	/System/Library/PrivateFrameworks/login.framework/Versions/A/Frameworks/loginsupport.framework/Versions/A/loginsupport
0x00007fff68134000 	/System/Library/PrivateFrameworks/TCC.framework/Versions/A/TCC
0x00007fff50654000 	/System/Library/PrivateFrameworks/CoreNLP.framework/Versions/A/CoreNLP
0x00007fff5e8a2000 	/System/Library/PrivateFrameworks/MetadataUtilities.framework/Versions/A/MetadataUtilities
0x00007fff6debf000 	/usr/lib/libmecabra.dylib
0x00007fff6de17000 	/usr/lib/libmecab.dylib
0x00007fff6da72000 	/usr/lib/libgermantok.dylib
0x00007fff6cd3f000 	/usr/lib/libThaiTokenizer.dylib
0x00007fff6c750000 	/usr/lib/libChineseTokenizer.dylib
0x00007fff3451b000 	/System/Library/Frameworks/Accelerate.framework/Versions/A/Frameworks/vImage.framework/Versions/A/vImage
0x00007fff357be000 	/System/Library/Frameworks/Accelerate.framework/Versions/A/Frameworks/vecLib.framework/Versions/A/vecLib
0x00007fff35702000 	/System/Library/Frameworks/Accelerate.framework/Versions/A/Frameworks/vecLib.framework/Versions/A/libvMisc.dylib
0x00007fff35528000 	/System/Library/Frameworks/Accelerate.framework/Versions/A/Frameworks/vecLib.framework/Versions/A/libvDSP.dylib
0x00007fff34b87000 	/System/Library/Frameworks/Accelerate.framework/Versions/A/Frameworks/vecLib.framework/Versions/A/libBLAS.dylib
0x00007fff350e2000 	/System/Library/Frameworks/Accelerate.framework/Versions/A/Frameworks/vecLib.framework/Versions/A/libLAPACK.dylib
0x00007fff35488000 	/System/Library/Frameworks/Accelerate.framework/Versions/A/Frameworks/vecLib.framework/Versions/A/libLinearAlgebra.dylib
0x00007fff35515000 	/System/Library/Frameworks/Accelerate.framework/Versions/A/Frameworks/vecLib.framework/Versions/A/libSparseBLAS.dylib
0x00007fff3549e000 	/System/Library/Frameworks/Accelerate.framework/Versions/A/Frameworks/vecLib.framework/Versions/A/libQuadrature.dylib
0x00007fff34df1000 	/System/Library/Frameworks/Accelerate.framework/Versions/A/Frameworks/vecLib.framework/Versions/A/libBNNS.dylib
0x00007fff354a4000 	/System/Library/Frameworks/Accelerate.framework/Versions/A/Frameworks/vecLib.framework/Versions/A/libSparse.dylib
0x00007fff5d425000 	/System/Library/PrivateFrameworks/LanguageModeling.framework/Versions/A/LanguageModeling
0x00007fff4fff0000 	/System/Library/PrivateFrameworks/CoreEmoji.framework/Versions/A/CoreEmoji
0x00007fff5d543000 	/System/Library/PrivateFrameworks/LinguisticData.framework/Versions/A/LinguisticData
0x00007fff5d4f4000 	/System/Library/PrivateFrameworks/Lexicon.framework/Versions/A/Lexicon
0x00007fff6cfff000 	/usr/lib/libcmph.dylib
0x00007fff41a40000 	/System/Library/Frameworks/OpenDirectory.framework/Versions/A/Frameworks/CFOpenDirectory.framework/Versions/A/CFOpenDirectory
0x00007fff41a5d000 	/System/Library/Frameworks/OpenDirectory.framework/Versions/A/OpenDirectory
0x00007fff49d2a000 	/System/Library/PrivateFrameworks/APFS.framework/Versions/A/APFS
0x00007fff45106000 	/System/Library/Frameworks/SecurityFoundation.framework/Versions/A/SecurityFoundation
0x00007fff6f0ba000 	/usr/lib/libutil.dylib
0x00007fff512dd000 	/System/Library/PrivateFrameworks/CoreServicesStore.framework/Versions/A/CoreServicesStore
0x00007fff451be000 	/System/Library/Frameworks/ServiceManagement.framework/Versions/A/ServiceManagement
0x00007fff4d220000 	/System/Library/PrivateFrameworks/BackgroundTaskManagement.framework/Versions/A/BackgroundTaskManagement
0x00007fff6f1b7000 	/usr/lib/libxslt.1.dylib
0x00007fff4c0ce000 	/System/Library/PrivateFrameworks/AppleSystemInfo.framework/Versions/A/AppleSystemInfo
0x00007fff3b8a9000 	/System/Library/Frameworks/ImageIO.framework/Versions/A/Resources/libJPEG.dylib
0x00007fff3bb68000 	/System/Library/Frameworks/ImageIO.framework/Versions/A/Resources/libTIFF.dylib
0x00007fff3bb4b000 	/System/Library/Frameworks/ImageIO.framework/Versions/A/Resources/libPng.dylib
0x00007fff3b7ea000 	/System/Library/Frameworks/ImageIO.framework/Versions/A/Resources/libGIF.dylib
0x00007fff3b7ee000 	/System/Library/Frameworks/ImageIO.framework/Versions/A/Resources/libJP2.dylib
0x00007fff3bb66000 	/System/Library/Frameworks/ImageIO.framework/Versions/A/Resources/libRadiance.dylib
0x00007fff6da3a000 	/usr/lib/libexpat.1.dylib
0x00007fff4bbc4000 	/System/Library/PrivateFrameworks/AppleJPEG.framework/Versions/A/AppleJPEG
0x00007fff54557000 	/System/Library/PrivateFrameworks/FontServices.framework/libFontParser.dylib
0x00007fff6b40c000 	/System/Library/PrivateFrameworks/WatchdogClient.framework/Versions/A/WatchdogClient
0x00007fff5cab2000 	/System/Library/PrivateFrameworks/IOAccelerator.framework/Versions/A/IOAccelerator
0x00007fff3df27000 	/System/Library/Frameworks/MetalPerformanceShaders.framework/Versions/A/MetalPerformanceShaders
0x00007fff592a5000 	/System/Library/PrivateFrameworks/GPUWrangler.framework/Versions/A/GPUWrangler
0x00007fff5cabd000 	/System/Library/PrivateFrameworks/IOPresentment.framework/Versions/A/IOPresentment
0x00007fff51fc5000 	/System/Library/PrivateFrameworks/DSExternalDisplay.framework/Versions/A/DSExternalDisplay
0x00007fff423c6000 	/System/Library/Frameworks/OpenGL.framework/Versions/A/Libraries/libCoreFSCache.dylib
0x00007fff3dc79000 	/System/Library/Frameworks/MetalPerformanceShaders.framework/Frameworks/MPSCore.framework/Versions/A/MPSCore
0x00007fff3dcb6000 	/System/Library/Frameworks/MetalPerformanceShaders.framework/Frameworks/MPSImage.framework/Versions/A/MPSImage
0x00007fff3dd78000 	/System/Library/Frameworks/MetalPerformanceShaders.framework/Frameworks/MPSNeuralNetwork.framework/Versions/A/MPSNeuralNetwork
0x00007fff3dd3d000 	/System/Library/Frameworks/MetalPerformanceShaders.framework/Frameworks/MPSMatrix.framework/Versions/A/MPSMatrix
0x00007fff3ded8000 	/System/Library/Frameworks/MetalPerformanceShaders.framework/Frameworks/MPSRayIntersector.framework/Versions/A/MPSRayIntersector
0x00007fff3dd62000 	/System/Library/Frameworks/MetalPerformanceShaders.framework/Frameworks/MPSNDArray.framework/Versions/A/MPSNDArray
0x00007fff5e8ef000 	/System/Library/PrivateFrameworks/MetalTools.framework/Versions/A/MetalTools
0x00007fff4aeef000 	/System/Library/PrivateFrameworks/AggregateDictionary.framework/Versions/A/AggregateDictionary
0x00007fff4fa7a000 	/System/Library/PrivateFrameworks/CoreAnalytics.framework/Versions/A/CoreAnalytics
0x00007fff4bfec000 	/System/Library/PrivateFrameworks/AppleSauce.framework/Versions/A/AppleSauce
0x00007fff6ca0c000 	/usr/lib/libIOReport.dylib
0x00007fff3a777000 	/System/Library/Frameworks/CoreVideo.framework/Versions/A/CoreVideo
0x00007fff5a713000 	/System/Library/PrivateFrameworks/GraphVisualizer.framework/Versions/A/GraphVisualizer
0x00007fff53ad8000 	/System/Library/PrivateFrameworks/FaceCore.framework/Versions/A/FaceCore
0x00007fff419e7000 	/System/Library/Frameworks/OpenCL.framework/Versions/A/OpenCL
0x00007fff6c82e000 	/usr/lib/libFosl_dynamic.dylib
0x00007fff5fd9d000 	/System/Library/PrivateFrameworks/OTSVG.framework/Versions/A/OTSVG
0x00007fff36874000 	/System/Library/Frameworks/ApplicationServices.framework/Versions/A/Frameworks/ATS.framework/Versions/A/Resources/libFontRegistry.dylib
0x00007fff54728000 	/System/Library/PrivateFrameworks/FontServices.framework/libhvf.dylib
0x00007fff423d1000 	/System/Library/Frameworks/OpenGL.framework/Versions/A/Libraries/libGFXShared.dylib
0x00007fff425ae000 	/System/Library/Frameworks/OpenGL.framework/Versions/A/Libraries/libGLU.dylib
0x00007fff423da000 	/System/Library/Frameworks/OpenGL.framework/Versions/A/Libraries/libGL.dylib
0x00007fff423e5000 	/System/Library/Frameworks/OpenGL.framework/Versions/A/Libraries/libGLImage.dylib
0x00007fff423c3000 	/System/Library/Frameworks/OpenGL.framework/Versions/A/Libraries/libCVMSPluginSupport.dylib
0x00007fff423cc000 	/System/Library/Frameworks/OpenGL.framework/Versions/A/Libraries/libCoreVMClient.dylib
0x00007fff6e491000 	/usr/lib/libncurses.5.4.dylib
0x00007fff36770000 	/System/Library/Frameworks/ApplicationServices.framework/Versions/A/Frameworks/ATS.framework/Versions/A/ATS
0x00007fff3693d000 	/System/Library/Frameworks/ApplicationServices.framework/Versions/A/Frameworks/ColorSyncLegacy.framework/Versions/A/ColorSyncLegacy
0x00007fff369dc000 	/System/Library/Frameworks/ApplicationServices.framework/Versions/A/Frameworks/HIServices.framework/Versions/A/HIServices
0x00007fff36a33000 	/System/Library/Frameworks/ApplicationServices.framework/Versions/A/Frameworks/LangAnalysis.framework/Versions/A/LangAnalysis
0x00007fff36a42000 	/System/Library/Frameworks/ApplicationServices.framework/Versions/A/Frameworks/PrintCore.framework/Versions/A/PrintCore
0x00007fff36a88000 	/System/Library/Frameworks/ApplicationServices.framework/Versions/A/Frameworks/QD.framework/Versions/A/QD
0x00007fff36a93000 	/System/Library/Frameworks/ApplicationServices.framework/Versions/A/Frameworks/SpeechSynthesis.framework/Versions/A/SpeechSynthesis
0x00007fff3690d000 	/System/Library/Frameworks/ApplicationServices.framework/Versions/A/Frameworks/ATSUI.framework/Versions/A/ATSUI
0x00007fff6d8ce000 	/usr/lib/libcups.2.dylib
0x00007fff3cfd6000 	/System/Library/Frameworks/Kerberos.framework/Versions/A/Kerberos
0x00007fff3b256000 	/System/Library/Frameworks/GSS.framework/Versions/A/GSS
0x00007fff6ec07000 	/usr/lib/libresolv.9.dylib
0x00007fff5a8b4000 	/System/Library/PrivateFrameworks/Heimdal.framework/Versions/A/Heimdal
0x00007fff3cfe9000 	/System/Library/Frameworks/Kerberos.framework/Versions/A/Libraries/libHeimdalProxy.dylib
0x00007fff6da78000 	/usr/lib/libheimdal-asn1.dylib
0x00007fff4ef20000 	/System/Library/PrivateFrameworks/CommonAuth.framework/Versions/A/CommonAuth
0x00007fff4c16b000 	/System/Library/PrivateFrameworks/AssertionServices.framework/Versions/A/AssertionServices
0x00007fff4cd0e000 	/System/Library/PrivateFrameworks/AudioToolboxCore.framework/Versions/A/AudioToolboxCore
0x00007fff6c066000 	/System/Library/PrivateFrameworks/caulk.framework/Versions/A/caulk
0x00007fff4d2cc000 	/System/Library/PrivateFrameworks/BaseBoard.framework/Versions/A/BaseBoard
0x00007fff63ec2000 	/System/Library/PrivateFrameworks/RunningBoardServices.framework/Versions/A/RunningBoardServices
0x00007fff60f8b000 	/System/Library/PrivateFrameworks/PersistentConnection.framework/Versions/A/PersistentConnection
0x00007fff63911000 	/System/Library/PrivateFrameworks/ProtocolBuffer.framework/Versions/A/ProtocolBuffer
0x00007fff4ef45000 	/System/Library/PrivateFrameworks/CommonUtilities.framework/Versions/A/CommonUtilities
0x00007fff4d44f000 	/System/Library/PrivateFrameworks/Bom.framework/Versions/A/Bom
0x00007fff6c6db000 	/usr/lib/libAudioToolboxUtility.dylib
0x00007fff4d22a000 	/System/Library/PrivateFrameworks/Backup.framework/Versions/A/Backup
0x00007fff51d35000 	/System/Library/PrivateFrameworks/CrashReporterSupport.framework/Versions/A/CrashReporterSupport
0x00007fff659be000 	/System/Library/PrivateFrameworks/Sharing.framework/Versions/A/Sharing
0x00007fff4b90f000 	/System/Library/PrivateFrameworks/Apple80211.framework/Versions/A/Apple80211
0x00007fff4cf4c000 	/System/Library/PrivateFrameworks/AuthKit.framework/Versions/A/AuthKit
0x00007fff51a65000 	/System/Library/PrivateFrameworks/CoreUtils.framework/Versions/A/CoreUtils
0x00007fff3a7bc000 	/System/Library/Frameworks/CoreWLAN.framework/Versions/A/CoreWLAN
0x00007fff3b3e2000 	/System/Library/Frameworks/IOBluetooth.framework/Versions/A/IOBluetooth
0x00007fff5ebed000 	/System/Library/PrivateFrameworks/MobileKeyBag.framework/Versions/A/MobileKeyBag
0x00007fff50b30000 	/System/Library/PrivateFrameworks/CorePhoneNumbers.framework/Versions/A/CorePhoneNumbers
0x00007fff4bb77000 	/System/Library/PrivateFrameworks/AppleIDAuthSupport.framework/Versions/A/AppleIDAuthSupport
0x00007fff3ee7b000 	/System/Library/Frameworks/Network.framework/Versions/A/Network
0x00007fff5d2ad000 	/System/Library/PrivateFrameworks/KeychainCircle.framework/Versions/A/KeychainCircle
0x00007fff38230000 	/System/Library/Frameworks/CoreBluetooth.framework/Versions/A/CoreBluetooth
0x00007fff6763a000 	/System/Library/PrivateFrameworks/SpeechRecognitionCore.framework/Versions/A/SpeechRecognitionCore
0x000000010d200000 	/Library/Java/JavaVirtualMachines/jdk1.8.0_202.jdk/Contents/Home/jre/lib/server/libjvm.dylib
0x00007fff6ef8c000 	/usr/lib/libstdc++.6.dylib
0x000000010c876000 	/Library/Java/JavaVirtualMachines/jdk1.8.0_202.jdk/Contents/Home/jre/lib/libverify.dylib
0x000000010c884000 	/Library/Java/JavaVirtualMachines/jdk1.8.0_202.jdk/Contents/Home/jre/lib/libjava.dylib
0x000000010c8bb000 	/Library/Java/JavaVirtualMachines/jdk1.8.0_202.jdk/Contents/Home/jre/lib/libinstrument.dylib
0x000000010c959000 	/Library/Java/JavaVirtualMachines/jdk1.8.0_202.jdk/Contents/Home/jre/lib/libzip.dylib
0x0000000123818000 	/Library/Java/JavaVirtualMachines/jdk1.8.0_202.jdk/Contents/Home/jre/lib/libnet.dylib
0x00000001238ba000 	/Library/Java/JavaVirtualMachines/jdk1.8.0_202.jdk/Contents/Home/jre/lib/libmanagement.dylib
0x00000001238a1000 	/Library/Java/JavaVirtualMachines/jdk1.8.0_202.jdk/Contents/Home/jre/lib/libnio.dylib
0x0000000123946000 	/private/var/folders/p7/2xxnlnpx4s19k1t1y5m8jkc40000gn/T/lwjglcalmbit/3.2.2-build-10/liblwjgl.dylib
0x0000000123eb2000 	/private/var/folders/p7/2xxnlnpx4s19k1t1y5m8jkc40000gn/T/lwjglcalmbit/3.2.2-build-10/libglfw.dylib
0x00007fff512a9000 	/System/Library/PrivateFrameworks/CoreServicesInternal.framework/Versions/A/CoreServicesInternal
0x00007fff3ace3000 	/System/Library/Frameworks/FileProvider.framework/Versions/A/FileProvider
0x00007fff357bf000 	/System/Library/Frameworks/Accounts.framework/Versions/A/Accounts
0x00007fff595c9000 	/System/Library/PrivateFrameworks/GenerationalStorage.framework/Versions/A/GenerationalStorage
0x00007fff51819000 	/System/Library/PrivateFrameworks/CoreSymbolication.framework/Versions/A/CoreSymbolication
0x00007fff67e75000 	/System/Library/PrivateFrameworks/SymptomDiagnosticReporter.framework/Versions/A/SymptomDiagnosticReporter
0x00007fff4b400000 	/System/Library/PrivateFrameworks/AppContainer.framework/Versions/A/AppContainer
0x00007fff6ec21000 	/usr/lib/libsandbox.1.dylib
0x00007fff6a3a5000 	/System/Library/PrivateFrameworks/UserManagement.framework/Versions/A/UserManagement
0x00007fff4e011000 	/System/Library/PrivateFrameworks/ChunkingLibrary.framework/Versions/A/ChunkingLibrary
0x00007fff520fa000 	/System/Library/PrivateFrameworks/DebugSymbols.framework/Versions/A/DebugSymbols
0x00007fff4b472000 	/System/Library/PrivateFrameworks/AppSandbox.framework/Versions/A/AppSandbox
0x00007fff65848000 	/System/Library/PrivateFrameworks/SecCodeWrapper.framework/Versions/A/SecCodeWrapper
0x00007fff6caf2000 	/usr/lib/libMatch.1.dylib
0x00007fff34504000 	/System/Library/Frameworks/Accelerate.framework/Versions/A/Frameworks/vImage.framework/Versions/A/Libraries/libCGInterfaces.dylib
0x00007fff5468f000 	/System/Library/PrivateFrameworks/FontServices.framework/libTrueTypeScaler.dylib
0x00007fff30568000 	/System/Library/Extensions/AppleIntelHD5000GraphicsMTLDriver.bundle/Contents/MacOS/AppleIntelHD5000GraphicsMTLDriver
0x00007fff57bfd000 	/System/Library/PrivateFrameworks/GPUCompiler.framework/Versions/3902/Libraries/libmetal_timestamp.dylib
0x00007fff53f03000 	/System/Library/PrivateFrameworks/FamilyControls.framework/Versions/A/FamilyControls
0x00007fff4ef14000 	/System/Library/PrivateFrameworks/CommerceKit.framework/Versions/A/Frameworks/CommerceCore.framework/Versions/A/CommerceCore
0x00007fff67ef0000 	/System/Library/PrivateFrameworks/SystemAdministration.framework/Versions/A/SystemAdministration
0x00007fff524a2000 	/System/Library/PrivateFrameworks/DiskManagement.framework/Versions/A/DiskManagement
0x00007fff3aa0d000 	/System/Library/Frameworks/DirectoryService.framework/Versions/A/DirectoryService
0x00007fff523d9000 	/System/Library/PrivateFrameworks/DiskImages.framework/Versions/A/DiskImages
0x00007fff5d5eb000 	/System/Library/PrivateFrameworks/LoginUIKit.framework/Versions/A/Frameworks/LoginUICore.framework/Versions/A/LoginUICore
0x00007fff6c75b000 	/usr/lib/libCoreStorage.dylib
0x00007fff6d8bb000 	/usr/lib/libcsfde.dylib
0x00007fff6eb36000 	/usr/lib/libodfde.dylib
0x00007fff5e0d9000 	/System/Library/PrivateFrameworks/MediaKit.framework/Versions/A/MediaKit
0x00007fff3aa19000 	/System/Library/Frameworks/DiscRecording.framework/Versions/A/DiscRecording
0x00007fff52651000 	/System/Library/PrivateFrameworks/EFILogin.framework/Versions/A/EFILogin
0x00007fff638b6000 	/System/Library/PrivateFrameworks/ProtectedCloudStorage.framework/Versions/A/ProtectedCloudStorage
0x00007fff6d92f000 	/usr/lib/libcurl.4.dylib
0x00007fff6d7b4000 	/usr/lib/libcrypto.44.dylib
0x00007fff6ef5c000 	/usr/lib/libssl.46.dylib
0x00007fff3cfea000 	/System/Library/Frameworks/LDAP.framework/Versions/A/LDAP
0x00007fff6887d000 	/System/Library/PrivateFrameworks/TrustEvaluationAgent.framework/Versions/A/TrustEvaluationAgent
0x00007fff6ec66000 	/usr/lib/libsasl2.2.dylib
0x00007fff4fd64000 	/System/Library/PrivateFrameworks/CoreDaemon.framework/Versions/B/CoreDaemon
0x00007fff4bfe7000 	/System/Library/PrivateFrameworks/AppleSRP.framework/Versions/A/AppleSRP
0x00007fff6b17b000 	/System/Library/PrivateFrameworks/ViewBridge.framework/Versions/A/ViewBridge
0x0000000123ea4000 	/usr/lib/libobjc-trampolines.dylib
0x00007fff6c3b8000 	/System/Library/PrivateFrameworks/login.framework/Versions/A/login
0x00007fff4302a000 	/System/Library/Frameworks/OpenGL.framework/Versions/A/Resources/GLEngine.bundle/GLEngine
0x00007fff4241b000 	/System/Library/Frameworks/OpenGL.framework/Versions/A/Libraries/libGLProgrammability.dylib
0x00007fff30056000 	/System/Library/Extensions/AppleIntelHD5000GraphicsGLDriver.bundle/Contents/MacOS/AppleIntelHD5000GraphicsGLDriver
0x00007fff59299000 	/System/Library/PrivateFrameworks/GPUSupport.framework/Versions/A/Libraries/libGPUSupportMercury.dylib
0x00007fff431a4000 	/System/Library/Frameworks/OpenGL.framework/Versions/A/Resources/GLRendererFloat.bundle/GLRendererFloat
0x00007fff419de000 	/System/Library/Frameworks/OpenCL.framework/Versions/A/Libraries/libcldcpuengine.dylib
0x00007fff6d4b3000 	/usr/lib/libcrypto.35.dylib
0x00000001280b7000 	/private/var/folders/p7/2xxnlnpx4s19k1t1y5m8jkc40000gn/T/lwjglcalmbit/3.2.2-build-10/liblwjgl_opengl.dylib
0x00000001242b0000 	/private/var/folders/p7/2xxnlnpx4s19k1t1y5m8jkc40000gn/T/lwjglcalmbit/3.2.2-build-10/liblwjgl_stb.dylib

VM Arguments:
jvm_args: -Dvisualvm.id=1281978192711615 -Xms1152m -Xmx1152m -javaagent:/Users/calmbit/Library/Application Support/JetBrains/Toolbox/apps/IDEA-U/ch-1/192.7142.36/IntelliJ IDEA.app/Contents/lib/idea_rt.jar=51662:/Users/calmbit/Library/Application Support/JetBrains/Toolbox/apps/IDEA-U/ch-1/192.7142.36/IntelliJ IDEA.app/Contents/bin -Dfile.encoding=UTF-8 
java_command: StartKt
java_class_path (initial): /Library/Java/JavaVirtualMachines/jdk1.8.0_202.jdk/Contents/Home/jre/lib/charsets.jar:/Library/Java/JavaVirtualMachines/jdk1.8.0_202.jdk/Contents/Home/jre/lib/deploy.jar:/Library/Java/JavaVirtualMachines/jdk1.8.0_202.jdk/Contents/Home/jre/lib/ext/cldrdata.jar:/Library/Java/JavaVirtualMachines/jdk1.8.0_202.jdk/Contents/Home/jre/lib/ext/dnsns.jar:/Library/Java/JavaVirtualMachines/jdk1.8.0_202.jdk/Contents/Home/jre/lib/ext/jaccess.jar:/Library/Java/JavaVirtualMachines/jdk1.8.0_202.jdk/Contents/Home/jre/lib/ext/jfxrt.jar:/Library/Java/JavaVirtualMachines/jdk1.8.0_202.jdk/Contents/Home/jre/lib/ext/localedata.jar:/Library/Java/JavaVirtualMachines/jdk1.8.0_202.jdk/Contents/Home/jre/lib/ext/nashorn.jar:/Library/Java/JavaVirtualMachines/jdk1.8.0_202.jdk/Contents/Home/jre/lib/ext/sunec.jar:/Library/Java/JavaVirtualMachines/jdk1.8.0_202.jdk/Contents/Home/jre/lib/ext/sunjce_provider.jar:/Library/Java/JavaVirtualMachines/jdk1.8.0_202.jdk/Contents/Home/jre/lib/ext/sunpkcs11.jar:/Library/Java/JavaVirtualMachines/jdk1.8.0_202.jdk/Contents/Home/jre/lib/ext/zipfs.jar:/Library/Java/JavaVirtualMachines/jdk1.8.0_202.jdk/Contents/Home/jre/lib/javaws.jar:/Library/Java/JavaVirtualMachines/jdk1.8.0_202.jdk/Contents/Home/jre/lib/jce.jar:/Library/Java/JavaVirtualMachines/jdk1.8.0_202.jdk/Contents/Home/jre/lib/jfr.jar:/Library/Java/JavaVirtualMachines/jdk1.8.0_202.jdk/Contents/Home/jre/lib/jfxswt.jar:/Library/Java/JavaVirtualMachines/jdk1.8.0_202.jdk/Contents/Home/jre/lib/jsse.jar:/Library/Java/JavaVirtualMachines/jdk1.8.0_202.jdk/Contents/Home/jre/lib/management-agent.jar:/Library/Java/JavaVirtualMachines/jdk1.8.0_202.jdk/Contents/Home/jre/lib/plugin.jar:/Library/Java/JavaVirtualMachines/jdk1.8.0_202.jdk/Contents/Home/jre/lib/resources.jar:/Library/Java/JavaVirtualMachines/jdk1.8.0_202.jdk/Contents/Home/jre/lib/rt.jar:/Library/Java/JavaVirtualMachines/jdk1.8.0_202.jdk/Contents/Home/lib/ant-javafx.jar:/Library/Java/JavaVirtualMachines/jdk1.8.0_202.jdk/Contents/Home
Launcher Type: SUN_STANDARD

Environment Variables:
PATH=/usr/local/bin:/usr/bin:/bin:/usr/sbin:/sbin:/Library/TeX/texbin:/usr/local/MacGPG2/bin:/usr/local/share/dotnet:/opt/X11/bin:~/.dotnet/tools:/Library/Apple/usr/bin:/Library/Ballerina/ballerina-1.0.4/bin:/Library/Frameworks/Mono.framework/Versions/Current/Commands:/Applications/Wireshark.app/Contents/MacOS
SHELL=/bin/zsh
DISPLAY=/private/tmp/com.apple.launchd.RZGddPD0ub/org.macosforge.xquartz:0

Signal Handlers:
SIGSEGV: [libjvm.dylib+0x5b719d], sa_mask[0]=11111111011111110111111111111111, sa_flags=SA_ONSTACK|SA_RESTART|SA_SIGINFO
SIGBUS: [libjvm.dylib+0x5b719d], sa_mask[0]=11111111011111110111111111111111, sa_flags=SA_RESTART|SA_SIGINFO
SIGFPE: [libjvm.dylib+0x48c8fc], sa_mask[0]=11111111011111110111111111111111, sa_flags=SA_RESTART|SA_SIGINFO
SIGPIPE: [libjvm.dylib+0x48c8fc], sa_mask[0]=11111111011111110111111111111111, sa_flags=SA_RESTART|SA_SIGINFO
SIGXFSZ: [libjvm.dylib+0x48c8fc], sa_mask[0]=11111111011111110111111111111111, sa_flags=SA_RESTART|SA_SIGINFO
SIGILL: [libjvm.dylib+0x48c8fc], sa_mask[0]=11111111011111110111111111111111, sa_flags=SA_RESTART|SA_SIGINFO
SIGUSR1: SIG_DFL, sa_mask[0]=00000000000000000000000000000000, sa_flags=none
SIGUSR2: [libjvm.dylib+0x48c41a], sa_mask[0]=00100000000000000000000000000000, sa_flags=SA_RESTART|SA_SIGINFO
SIGHUP: [libjvm.dylib+0x48a9a5], sa_mask[0]=11111111011111110111111111111111, sa_flags=SA_RESTART|SA_SIGINFO
SIGINT: [libjvm.dylib+0x48a9a5], sa_mask[0]=11111111011111110111111111111111, sa_flags=SA_RESTART|SA_SIGINFO
SIGTERM: [libjvm.dylib+0x48a9a5], sa_mask[0]=11111111011111110111111111111111, sa_flags=SA_RESTART|SA_SIGINFO
SIGQUIT: [libjvm.dylib+0x48a9a5], sa_mask[0]=11111111011111110111111111111111, sa_flags=SA_RESTART|SA_SIGINFO


---------------  S Y S T E M  ---------------

OS:Bsduname:Darwin 19.3.0 Darwin Kernel Version 19.3.0: Thu Jan  9 20:58:23 PST 2020; root:xnu-6153.81.5~1/RELEASE_X86_64 x86_64
rlimit: STACK 8192k, CORE 0k, NPROC 2784, NOFILE 10240, AS infinity
load average:3.77 8.25 7.92

CPU:total 4 (initial active 4) (2 cores per cpu, 2 threads per core) family 6 model 69 stepping 1, cmov, cx8, fxsr, mmx, sse, sse2, sse3, ssse3, sse4.1, sse4.2, popcnt, avx, avx2, aes, clmul, erms, lzcnt, ht, tsc, tscinvbit, bmi1, bmi2

Memory: 4k page, physical 16777216k(1555724k free)

/proc/meminfo:


vm_info: Java HotSpot(TM) 64-Bit Server VM (25.202-b08) for bsd-amd64 JRE (1.8.0_202-b08), built on Dec 15 2018 20:16:16 by "java_re" with gcc 4.2.1 (Based on Apple Inc. build 5658) (LLVM build 2336.11.00)

time: Wed Jun 24 04:19:58 2020
timezone: EDT
elapsed time: 2 seconds (0d 0h 0m 2s)

