#
# A fatal error has been detected by the Java Runtime Environment:
#
#  SIGSEGV (0xb) at pc=0x00007fff7007a830, pid=76696, tid=0x0000000000000307
#
# JRE version: Java(TM) SE Runtime Environment (8.0_202-b08) (build 1.8.0_202-b08)
# Java VM: Java HotSpot(TM) 64-Bit Server VM (25.202-b08 mixed mode bsd-amd64 compressed oops)
# Problematic frame:
# C  [libsystem_platform.dylib+0x1830]  _platform_memmove$VARIANT$Haswell+0xf0
#
# Failed to write core dump. Core dumps have been disabled. To enable core dumping, try "ulimit -c unlimited" before starting Java again
#
# If you would like to submit a bug report, please visit:
#   http://bugreport.java.com/bugreport/crash.jsp
# The crash happened outside the Java Virtual Machine in native code.
# See problematic frame for where to report the bug.
#

---------------  T H R E A D  ---------------

Current thread (0x00007fc8c1001800):  JavaThread "main" [_thread_in_native, id=775, stack(0x00007ffee8c2a000,0x00007ffee942a000)]

siginfo: si_signo: 11 (SIGSEGV), si_code: 1 (SEGV_MAPERR), si_addr: 0x000000012206b000

Registers:
RAX=0x0000000123969000, RBX=0x000000012206b000, RCX=0x0000000000000000, RDX=0x0000000000000800
RSP=0x00007ffee9424f30, RBP=0x00007ffee9424f30, RSI=0x000000012206b000, RDI=0x0000000123969000
R8 =0x0000000000000004, R9 =0x00007ffee942502c, R10=0x0000000000000003, R11=0x00000000018fe000
R12=0x0000000000000200, R13=0x0000000000000800, R14=0x0000000000000800, R15=0x0000000123969000
RIP=0x00007fff7007a830, EFLAGS=0x0000000000010287, ERR=0x0000000000000004
  TRAPNO=0x000000000000000e

Top of Stack: (sp=0x00007ffee9424f30)
0x00007ffee9424f30:   00007ffee9425180 00007fff30072dd6
0x00007ffee9424f40:   00007ffee9424fa4 00000001106326fc
0x00007ffee9424f50:   0000000000000003 0000000000000100
0x00007ffee9424f60:   0000000000000000 0000000400100000
0x00007ffee9424f70:   0000000000000000 0000001600000004
0x00007ffee9424f80:   0000000000000001 000001007fffffff
0x00007ffee9424f90:   00000000c1001800 00007ffe00000000
0x00007ffee9424fa0:   00000000e9424fd0 000000011044b098
0x00007ffee9424fb0:   0000000000000001 0000000000000001
0x00007ffee9424fc0:   000000007fffffff 00007fc8c0f41d00
0x00007ffee9424fd0:   00007ffe00000000 00007fc8c259c8c0
0x00007ffee9424fe0:   0000000000000004 0000020000000200
0x00007ffee9424ff0:   0000000400000080 0000000123969000
0x00007ffee9425000:   0000000000000000 0000000000000000
0x00007ffee9425010:   0000000000000000 00007fc8c0f41c80
0x00007ffee9425020:   0000000000000000 0000000400000200
0x00007ffee9425030:   00007fc800000010 0000000000000000
0x00007ffee9425040:   0000000000000000 0000000000000001
0x00007ffee9425050:   00007fff3052a730 0000000000000000
0x00007ffee9425060:   00c7000000000000 00000000c0010000
0x00007ffee9425070:   0000000000000000 0000000000000000
0x00007ffee9425080:   0000000000000000 0001000000c70000
0x00007ffee9425090:   0000000000000000 0000000000000000
0x00007ffee94250a0:   0000000100000000 0000000000000200
0x00007ffee94250b0:   00007fc800000000 0000000000000000
0x00007ffee94250c0:   0000000000000000 0000000000000000
0x00007ffee94250d0:   0000000000000200 0000000000000004
0x00007ffee94250e0:   0000000000000000 0000000000000000
0x00007ffee94250f0:   0000020000000000 000000011044c2b0
0x00007ffee9425100:   000000012206b000 00007fc8c0f41c40
0x00007ffee9425110:   0000000000000000 000000011044b000
0x00007ffee9425120:   0000000000000200 0000080000000000 

Instructions: (pc=0x00007fff7007a830)
0x00007fff7007a810:   42 8a 4c 06 01 42 88 4c 07 01 49 83 c0 02 48 83
0x00007fff7007a820:   ea 01 75 de 5d c3 66 2e 0f 1f 84 00 00 00 00 00
0x00007fff7007a830:   c5 fc 10 06 48 83 c7 20 48 83 e7 e0 48 89 f9 48
0x00007fff7007a840:   29 c1 48 01 ce 48 29 ca c5 fc 10 0e c5 fc 11 00 

Register to memory mapping:

RAX=0x0000000123969000 is an unknown value
RBX=0x000000012206b000 is an unknown value
RCX=0x0000000000000000 is an unknown value
RDX=0x0000000000000800 is an unknown value
RSP=0x00007ffee9424f30 is pointing into the stack for thread: 0x00007fc8c1001800
RBP=0x00007ffee9424f30 is pointing into the stack for thread: 0x00007fc8c1001800
RSI=0x000000012206b000 is an unknown value
RDI=0x0000000123969000 is an unknown value
R8 =0x0000000000000004 is an unknown value
R9 =0x00007ffee942502c is pointing into the stack for thread: 0x00007fc8c1001800
R10=0x0000000000000003 is an unknown value
R11=0x00000000018fe000 is an unknown value
R12=0x0000000000000200 is an unknown value
R13=0x0000000000000800 is an unknown value
R14=0x0000000000000800 is an unknown value
R15=0x0000000123969000 is an unknown value


Stack: [0x00007ffee8c2a000,0x00007ffee942a000],  sp=0x00007ffee9424f30,  free space=8171k
Native frames: (J=compiled Java code, j=interpreted, Vv=VM code, C=native code)
C  [libsystem_platform.dylib+0x1830]  _platform_memmove$VARIANT$Haswell+0xf0
C  [AppleIntelHD5000GraphicsGLDriver+0x1cdd6]  glrWriteTextureData+0x1461
C  [GLEngine+0x18bf4]  glTexImage2D_Exec+0x524
C  [libGL.dylib+0x31bd]  glTexImage2D+0x37
C  [liblwjgl_opengl.dylib+0xb43e]
[error occurred during error reporting (printing native stack), id 0xe0000000]

Java frames: (J=compiled Java code, j=interpreted, Vv=VM code)
j  org.lwjgl.opengl.GL11C.nglTexImage2D(IIIIIIIIJ)V+0
J 1279% C1 blockgame.render.GuiNoiseVisualizer.<init>(Lorg/joml/Vector2f;Lorg/spongepowered/noise/module/source/Perlin;)V (334 bytes) @ 0x000000011312e7a4 [0x000000011312d4a0+0x1304]
j  blockgame.render.GuiLoadingScreen.<init>(Lorg/spongepowered/noise/module/source/Perlin;)V+19
j  blockgame.Window.init()V+619
j  blockgame.Window.run()V+11
j  blockgame.Blockgame.main([Ljava/lang/String;)V+9
v  ~StubRoutines::call_stub

---------------  P R O C E S S  ---------------

Java Threads: ( => current thread )
  0x00007fc8c50e8800 JavaThread "pool-4-thread-4" [_thread_in_Java, id=58371, stack(0x00007000103e6000,0x00007000104e6000)]
  0x00007fc8c50e8000 JavaThread "pool-3-thread-3" [_thread_blocked, id=75267, stack(0x00007000102e3000,0x00007000103e3000)]
  0x00007fc8c3485800 JavaThread "pool-4-thread-3" [_thread_in_Java, id=57859, stack(0x00007000101e0000,0x00007000102e0000)]
  0x00007fc8c02f0000 JavaThread "pool-3-thread-4" [_thread_blocked, id=57347, stack(0x00007000100dd000,0x00007000101dd000)]
  0x00007fc8c50e7000 JavaThread "pool-4-thread-2" [_thread_in_Java, id=75523, stack(0x000070000ffda000,0x00007000100da000)]
  0x00007fc8c3b03000 JavaThread "pool-3-thread-2" [_thread_blocked, id=75779, stack(0x000070000fed7000,0x000070000ffd7000)]
  0x00007fc8c4b56800 JavaThread "pool-4-thread-1" [_thread_in_Java, id=76035, stack(0x000070000fdd4000,0x000070000fed4000)]
  0x00007fc8c3b02800 JavaThread "pool-3-thread-1" [_thread_blocked, id=76295, stack(0x000070000fcd1000,0x000070000fdd1000)]
  0x00007fc8c1d5b800 JavaThread "pool-2-thread-12" [_thread_in_Java, id=76803, stack(0x000070000fbce000,0x000070000fcce000)]
  0x00007fc8c3b01000 JavaThread "pool-2-thread-11" [_thread_in_vm, id=55811, stack(0x000070000facb000,0x000070000fbcb000)]
  0x00007fc8c3b00000 JavaThread "pool-2-thread-10" [_thread_in_Java, id=77315, stack(0x000070000f9c8000,0x000070000fac8000)]
  0x00007fc8c1d5a800 JavaThread "pool-2-thread-9" [_thread_in_Java, id=55299, stack(0x000070000f8c5000,0x000070000f9c5000)]
  0x00007fc8c3aff800 JavaThread "pool-2-thread-8" [_thread_in_Java, id=55043, stack(0x000070000f7c2000,0x000070000f8c2000)]
  0x00007fc8c3afe800 JavaThread "pool-2-thread-7" [_thread_in_Java, id=77827, stack(0x000070000f6bf000,0x000070000f7bf000)]
  0x00007fc8c1d5a000 JavaThread "pool-2-thread-6" [_thread_in_Java, id=78083, stack(0x000070000f5bc000,0x000070000f6bc000)]
  0x00007fc8c3afe000 JavaThread "pool-2-thread-5" [_thread_in_Java, id=54275, stack(0x000070000f4b9000,0x000070000f5b9000)]
  0x00007fc8c3afd000 JavaThread "pool-2-thread-4" [_thread_blocked, id=78851, stack(0x000070000f3b6000,0x000070000f4b6000)]
  0x00007fc8c3afc800 JavaThread "pool-2-thread-3" [_thread_in_Java, id=79107, stack(0x000070000f2b3000,0x000070000f3b3000)]
  0x00007fc8c0f41000 JavaThread "pool-2-thread-2" [_thread_in_Java, id=53507, stack(0x000070000f1b0000,0x000070000f2b0000)]
  0x00007fc8c50e4800 JavaThread "pool-2-thread-1" [_thread_in_Java, id=79655, stack(0x000070000f0ad000,0x000070000f1ad000)]
  0x00007fc8c0000000 JavaThread "Service Thread" daemon [_thread_blocked, id=21763, stack(0x000070000ec18000,0x000070000ed18000)]
  0x00007fc8c08e0000 JavaThread "C1 CompilerThread2" daemon [_thread_blocked, id=15363, stack(0x000070000eb15000,0x000070000ec15000)]
  0x00007fc8c08df000 JavaThread "C2 CompilerThread1" daemon [_thread_in_native, id=15875, stack(0x000070000ea12000,0x000070000eb12000)]
  0x00007fc8c1017800 JavaThread "C2 CompilerThread0" daemon [_thread_in_native, id=14595, stack(0x000070000e90f000,0x000070000ea0f000)]
  0x00007fc8c1017000 JavaThread "Signal Dispatcher" daemon [_thread_blocked, id=14339, stack(0x000070000e80c000,0x000070000e90c000)]
  0x00007fc8c1016000 JavaThread "Surrogate Locker Thread (Concurrent GC)" daemon [_thread_blocked, id=16643, stack(0x000070000e709000,0x000070000e809000)]
  0x00007fc8c08c9000 JavaThread "Finalizer" daemon [_thread_blocked, id=12547, stack(0x000070000e500000,0x000070000e600000)]
  0x00007fc8c08c3000 JavaThread "Reference Handler" daemon [_thread_blocked, id=18947, stack(0x000070000e3fd000,0x000070000e4fd000)]
=>0x00007fc8c1001800 JavaThread "main" [_thread_in_native, id=775, stack(0x00007ffee8c2a000,0x00007ffee942a000)]

Other Threads:
  0x00007fc8c08bc000 VMThread [stack: 0x000070000e2fa000,0x000070000e3fa000] [id=12035]
  0x00007fc8c0007800 WatcherThread [stack: 0x000070000ed1b000,0x000070000ee1b000] [id=43267]

VM state:not at safepoint (normal execution)

VM Mutex/Monitor currently owned by a thread: None

heap address: 0x0000000778000000, size: 1152 MB, Compressed Oops mode: Zero based, Oop shift amount: 3
Narrow klass base: 0x0000000000000000, Narrow klass shift: 3
Compressed class space size: 1073741824 Address: 0x00000007c0000000

Heap:
 garbage-first heap   total 1179648K, used 131072K [0x0000000778000000, 0x000000077a000120, 0x00000007c0000000)
  region size 32768K, 5 young (163840K), 0 survivors (0K)
 Metaspace       used 15597K, capacity 15807K, committed 15872K, reserved 1062912K
  class space    used 1650K, capacity 1741K, committed 1792K, reserved 1048576K

Heap Regions: (Y=young(eden), SU=young(survivor), HS=humongous(starts), HC=humongous(continues), CS=collection set, F=free, TS=gc time stamp, PTAMS=previous top-at-mark-start, NTAMS=next top-at-mark-start)
AC   0  F    TS     0 PTAMS 0x0000000778000000 NTAMS 0x0000000778000000 space 32768K,   0% used [0x0000000778000000, 0x000000077a000000)
AC   0  F    TS     0 PTAMS 0x000000077a000000 NTAMS 0x000000077a000000 space 32768K,   0% used [0x000000077a000000, 0x000000077c000000)
AC   0  F    TS     0 PTAMS 0x000000077c000000 NTAMS 0x000000077c000000 space 32768K,   0% used [0x000000077c000000, 0x000000077e000000)
AC   0  F    TS     0 PTAMS 0x000000077e000000 NTAMS 0x000000077e000000 space 32768K,   0% used [0x000000077e000000, 0x0000000780000000)
AC   0  F    TS     0 PTAMS 0x0000000780000000 NTAMS 0x0000000780000000 space 32768K,   0% used [0x0000000780000000, 0x0000000782000000)
AC   0  F    TS     0 PTAMS 0x0000000782000000 NTAMS 0x0000000782000000 space 32768K,   0% used [0x0000000782000000, 0x0000000784000000)
AC   0  F    TS     0 PTAMS 0x0000000784000000 NTAMS 0x0000000784000000 space 32768K,   0% used [0x0000000784000000, 0x0000000786000000)
AC   0  F    TS     0 PTAMS 0x0000000786000000 NTAMS 0x0000000786000000 space 32768K,   0% used [0x0000000786000000, 0x0000000788000000)
AC   0  F    TS     0 PTAMS 0x0000000788000000 NTAMS 0x0000000788000000 space 32768K,   0% used [0x0000000788000000, 0x000000078a000000)
AC   0  F    TS     0 PTAMS 0x000000078a000000 NTAMS 0x000000078a000000 space 32768K,   0% used [0x000000078a000000, 0x000000078c000000)
AC   0  F    TS     0 PTAMS 0x000000078c000000 NTAMS 0x000000078c000000 space 32768K,   0% used [0x000000078c000000, 0x000000078e000000)
AC   0  F    TS     0 PTAMS 0x000000078e000000 NTAMS 0x000000078e000000 space 32768K,   0% used [0x000000078e000000, 0x0000000790000000)
AC   0  F    TS     0 PTAMS 0x0000000790000000 NTAMS 0x0000000790000000 space 32768K,   0% used [0x0000000790000000, 0x0000000792000000)
AC   0  F    TS     0 PTAMS 0x0000000792000000 NTAMS 0x0000000792000000 space 32768K,   0% used [0x0000000792000000, 0x0000000794000000)
AC   0  F    TS     0 PTAMS 0x0000000794000000 NTAMS 0x0000000794000000 space 32768K,   0% used [0x0000000794000000, 0x0000000796000000)
AC   0  F    TS     0 PTAMS 0x0000000796000000 NTAMS 0x0000000796000000 space 32768K,   0% used [0x0000000796000000, 0x0000000798000000)
AC   0  F    TS     0 PTAMS 0x0000000798000000 NTAMS 0x0000000798000000 space 32768K,   0% used [0x0000000798000000, 0x000000079a000000)
AC   0  F    TS     0 PTAMS 0x000000079a000000 NTAMS 0x000000079a000000 space 32768K,   0% used [0x000000079a000000, 0x000000079c000000)
AC   0  F    TS     0 PTAMS 0x000000079c000000 NTAMS 0x000000079c000000 space 32768K,   0% used [0x000000079c000000, 0x000000079e000000)
AC   0  F    TS     0 PTAMS 0x000000079e000000 NTAMS 0x000000079e000000 space 32768K,   0% used [0x000000079e000000, 0x00000007a0000000)
AC   0  F    TS     0 PTAMS 0x00000007a0000000 NTAMS 0x00000007a0000000 space 32768K,   0% used [0x00000007a0000000, 0x00000007a2000000)
AC   0  F    TS     0 PTAMS 0x00000007a2000000 NTAMS 0x00000007a2000000 space 32768K,   0% used [0x00000007a2000000, 0x00000007a4000000)
AC   0  F    TS     0 PTAMS 0x00000007a4000000 NTAMS 0x00000007a4000000 space 32768K,   0% used [0x00000007a4000000, 0x00000007a6000000)
AC   0  F    TS     0 PTAMS 0x00000007a6000000 NTAMS 0x00000007a6000000 space 32768K,   0% used [0x00000007a6000000, 0x00000007a8000000)
AC   0  F    TS     0 PTAMS 0x00000007a8000000 NTAMS 0x00000007a8000000 space 32768K,   0% used [0x00000007a8000000, 0x00000007aa000000)
AC   0  F    TS     0 PTAMS 0x00000007aa000000 NTAMS 0x00000007aa000000 space 32768K,   0% used [0x00000007aa000000, 0x00000007ac000000)
AC   0  F    TS     0 PTAMS 0x00000007ac000000 NTAMS 0x00000007ac000000 space 32768K,   0% used [0x00000007ac000000, 0x00000007ae000000)
AC   0  F    TS     0 PTAMS 0x00000007ae000000 NTAMS 0x00000007ae000000 space 32768K,   0% used [0x00000007ae000000, 0x00000007b0000000)
AC   0  F    TS     0 PTAMS 0x00000007b0000000 NTAMS 0x00000007b0000000 space 32768K,   0% used [0x00000007b0000000, 0x00000007b2000000)
AC   0  F    TS     0 PTAMS 0x00000007b2000000 NTAMS 0x00000007b2000000 space 32768K,   0% used [0x00000007b2000000, 0x00000007b4000000)
AC   0  F    TS     0 PTAMS 0x00000007b4000000 NTAMS 0x00000007b4000000 space 32768K,   0% used [0x00000007b4000000, 0x00000007b6000000)
AC   0  E    TS     0 PTAMS 0x00000007b6000000 NTAMS 0x00000007b6000000 space 32768K,  98% used [0x00000007b6000000, 0x00000007b8000000)
AC   0  E CS TS     0 PTAMS 0x00000007b8000000 NTAMS 0x00000007b8000000 space 32768K, 100% used [0x00000007b8000000, 0x00000007ba000000)
AC   0  E CS TS     0 PTAMS 0x00000007ba000000 NTAMS 0x00000007ba000000 space 32768K, 100% used [0x00000007ba000000, 0x00000007bc000000)
AC   0  E CS TS     0 PTAMS 0x00000007bc000000 NTAMS 0x00000007bc000000 space 32768K, 100% used [0x00000007bc000000, 0x00000007be000000)
AC   0  E CS TS     0 PTAMS 0x00000007be000000 NTAMS 0x00000007be000000 space 32768K, 100% used [0x00000007be000000, 0x00000007c0000000)

Card table byte_map: [0x0000000108cf9000,0x0000000108f39000] byte_map_base: 0x0000000105139000

Marking Bits (Prev, Next): (CMBitMap*) 0x00007fc8c0821a88, (CMBitMap*) 0x00007fc8c0821ae0
 Prev Bits: [0x0000000109179000, 0x000000010a379000)
 Next Bits: [0x000000010a379000, 0x000000010b579000)

Polling page: 0x0000000106845000

CodeCache: size=245760Kb used=4566Kb max_used=4571Kb free=241193Kb
 bounds [0x0000000112ccf000, 0x000000011314f000, 0x0000000121ccf000]
 total_blobs=2294 nmethods=1318 adapters=890
 compilation: enabled

Compilation events (10 events):
Event: 2.208 Thread 0x00007fc8c08e0000 1326 %     3       blockgame.util.FloatList::resize @ 61 (128 bytes)
Event: 2.209 Thread 0x00007fc8c08df000 nmethod 1276 0x0000000113144a90 code [0x0000000113144c40, 0x0000000113145358]
Event: 2.209 Thread 0x00007fc8c08df000 1298       4       blockgame.block.TilePalette::getTileRepresentation (43 bytes)
Event: 2.209 Thread 0x00007fc8c08e0000 nmethod 1326% 0x00000001131431d0 code [0x0000000113143420, 0x0000000113144368]
Event: 2.212 Thread 0x00007fc8c08df000 nmethod 1298 0x00000001131476d0 code [0x0000000113147840, 0x0000000113147a28]
Event: 2.212 Thread 0x00007fc8c08df000 1313 %     4       blockgame.render.GuiNoiseVisualizer::<init> @ 200 (334 bytes)
Event: 2.220 Thread 0x00007fc8c1017800 nmethod 1264 0x0000000113127d10 code [0x0000000113127e60, 0x0000000113127ed8]
Event: 2.220 Thread 0x00007fc8c1017800 1330 %     4       blockgame.world.generators.DefaultGenerator::generate @ 23 (519 bytes)
Event: 2.240 Thread 0x00007fc8c08e0000 1331       3       blockgame.util.FloatList::resize (128 bytes)
Event: 2.241 Thread 0x00007fc8c08e0000 nmethod 1331 0x0000000113145f90 code [0x00000001131461e0, 0x0000000113147088]

GC Heap History (0 events):
No events

Deoptimization events (10 events):
Event: 0.673 Thread 0x00007fc8c1001800 Uncommon trap: reason=unstable_if action=reinterpret pc=0x0000000112f54db8 method=sun.misc.MetaIndex.mayContain(Ljava/lang/String;)Z @ 38
Event: 0.674 Thread 0x00007fc8c1001800 Uncommon trap: reason=unstable_if action=reinterpret pc=0x0000000112eebbd4 method=sun.misc.MetaIndex.mayContain(Ljava/lang/String;)Z @ 38
Event: 0.697 Thread 0x00007fc8c1001800 Uncommon trap: reason=unstable_if action=reinterpret pc=0x0000000112f2c28c method=java.util.HashMap.getNode(ILjava/lang/Object;)Ljava/util/HashMap$Node; @ 129
Event: 0.697 Thread 0x00007fc8c1001800 Uncommon trap: reason=unstable_if action=reinterpret pc=0x0000000112f441f0 method=java.util.HashMap.getNode(ILjava/lang/Object;)Ljava/util/HashMap$Node; @ 129
Event: 0.699 Thread 0x00007fc8c1001800 Uncommon trap: reason=range_check action=make_not_entrant pc=0x0000000112f2f508 method=sun.reflect.generics.parser.SignatureParser.current()C @ 34
Event: 0.751 Thread 0x00007fc8c1001800 Uncommon trap: reason=unstable_if action=reinterpret pc=0x0000000112e80acc method=java.lang.String.indexOf([CII[CIII)I @ 3
Event: 1.013 Thread 0x00007fc8c1001800 Uncommon trap: reason=unstable_if action=reinterpret pc=0x0000000112ea7280 method=java.lang.String.replace(CC)Ljava/lang/String; @ 26
Event: 1.465 Thread 0x00007fc8c1001800 Uncommon trap: reason=unstable_if action=reinterpret pc=0x0000000112f433b4 method=sun.net.www.ParseUtil.encodePath(Ljava/lang/String;Z)Ljava/lang/String; @ 109
Event: 2.011 Thread 0x00007fc8c50e4800 Uncommon trap: reason=unstable_if action=reinterpret pc=0x000000011310b858 method=java.lang.ThreadLocal.get()Ljava/lang/Object; @ 11
Event: 2.183 Thread 0x00007fc8c3afc800 Uncommon trap: reason=unstable_if action=reinterpret pc=0x0000000113121c94 method=java.util.ArrayList.indexOf(Ljava/lang/Object;)I @ 41

Classes redefined (0 events):
No events

Internal exceptions (10 events):
Event: 1.147 Thread 0x00007fc8c1001800 Exception <a 'java/security/PrivilegedActionException'> (0x00000007bc39b990) thrown at [/Users/java_re/workspace/8-2-build-macosx-x86_64/jdk8u202/12323/hotspot/src/share/vm/prims/jvm.cpp, line 1502]
Event: 1.147 Thread 0x00007fc8c1001800 Exception <a 'java/security/PrivilegedActionException'> (0x00000007bc39bba0) thrown at [/Users/java_re/workspace/8-2-build-macosx-x86_64/jdk8u202/12323/hotspot/src/share/vm/prims/jvm.cpp, line 1502]
Event: 1.147 Thread 0x00007fc8c1001800 Exception <a 'java/security/PrivilegedActionException'> (0x00000007bc39d608) thrown at [/Users/java_re/workspace/8-2-build-macosx-x86_64/jdk8u202/12323/hotspot/src/share/vm/prims/jvm.cpp, line 1502]
Event: 1.147 Thread 0x00007fc8c1001800 Exception <a 'java/security/PrivilegedActionException'> (0x00000007bc39d818) thrown at [/Users/java_re/workspace/8-2-build-macosx-x86_64/jdk8u202/12323/hotspot/src/share/vm/prims/jvm.cpp, line 1502]
Event: 1.147 Thread 0x00007fc8c1001800 Exception <a 'java/security/PrivilegedActionException'> (0x00000007bc39f280) thrown at [/Users/java_re/workspace/8-2-build-macosx-x86_64/jdk8u202/12323/hotspot/src/share/vm/prims/jvm.cpp, line 1502]
Event: 1.147 Thread 0x00007fc8c1001800 Exception <a 'java/security/PrivilegedActionException'> (0x00000007bc39f490) thrown at [/Users/java_re/workspace/8-2-build-macosx-x86_64/jdk8u202/12323/hotspot/src/share/vm/prims/jvm.cpp, line 1502]
Event: 1.147 Thread 0x00007fc8c1001800 Exception <a 'java/security/PrivilegedActionException'> (0x00000007bc3a0f80) thrown at [/Users/java_re/workspace/8-2-build-macosx-x86_64/jdk8u202/12323/hotspot/src/share/vm/prims/jvm.cpp, line 1502]
Event: 1.147 Thread 0x00007fc8c1001800 Exception <a 'java/security/PrivilegedActionException'> (0x00000007bc3a1190) thrown at [/Users/java_re/workspace/8-2-build-macosx-x86_64/jdk8u202/12323/hotspot/src/share/vm/prims/jvm.cpp, line 1502]
Event: 1.267 Thread 0x00007fc8c1001800 Exception <a 'sun/nio/fs/UnixException'> (0x00000007bc502a68) thrown at [/Users/java_re/workspace/8-2-build-macosx-x86_64/jdk8u202/12323/hotspot/src/share/vm/prims/jni.cpp, line 710]
Event: 2.011 Thread 0x00007fc8c50e4800 Implicit null exception at 0x000000011310b5cc to 0x000000011310b849

Events (10 events):
Event: 2.194 loading class blockgame/render/ShapeHelper
Event: 2.194 loading class blockgame/render/ShapeHelper done
Event: 2.195 loading class blockgame/block/EnumDirection
Event: 2.195 loading class blockgame/block/EnumDirection done
Event: 2.238 Thread 0x00007fc8c3b03000 Thread added: 0x00007fc8c3b03000
Event: 2.239 Thread 0x00007fc8c50e7000 Thread added: 0x00007fc8c50e7000
Event: 2.244 Thread 0x00007fc8c02f0000 Thread added: 0x00007fc8c02f0000
Event: 2.245 Thread 0x00007fc8c3485800 Thread added: 0x00007fc8c3485800
Event: 2.249 Thread 0x00007fc8c50e8000 Thread added: 0x00007fc8c50e8000
Event: 2.249 Thread 0x00007fc8c50e8800 Thread added: 0x00007fc8c50e8800


Dynamic libraries:
0x00007fff377e5000 	/System/Library/Frameworks/Cocoa.framework/Versions/A/Cocoa
0x00007fff44db3000 	/System/Library/Frameworks/Security.framework/Versions/A/Security
0x00007fff3676f000 	/System/Library/Frameworks/ApplicationServices.framework/Versions/A/ApplicationServices
0x00007fff6f1e0000 	/usr/lib/libz.1.dylib
0x00007fff6ccaf000 	/usr/lib/libSystem.B.dylib
0x00007fff6eb04000 	/usr/lib/libobjc.A.dylib
0x00007fff3875c000 	/System/Library/Frameworks/CoreFoundation.framework/Versions/A/CoreFoundation
0x00007fff3ae21000 	/System/Library/Frameworks/Foundation.framework/Versions/C/Foundation
0x00007fff35964000 	/System/Library/Frameworks/AppKit.framework/Versions/C/AppKit
0x00007fff38268000 	/System/Library/Frameworks/CoreData.framework/Versions/A/CoreData
0x00007fff69557000 	/System/Library/PrivateFrameworks/UIFoundation.framework/Versions/A/UIFoundation
0x00007fff63d33000 	/System/Library/PrivateFrameworks/RemoteViewServices.framework/Versions/A/RemoteViewServices
0x00007fff6bfea000 	/System/Library/PrivateFrameworks/XCTTargetBootstrap.framework/Versions/A/XCTTargetBootstrap
0x00007fff3864b000 	/System/Library/Frameworks/CoreDisplay.framework/Versions/A/CoreDisplay
0x00007fff3db99000 	/System/Library/Frameworks/Metal.framework/Versions/A/Metal
0x00007fff52139000 	/System/Library/PrivateFrameworks/DesktopServicesPriv.framework/Versions/A/DesktopServicesPriv
0x00007fff6dde5000 	/usr/lib/liblangid.dylib
0x00007fff51285000 	/System/Library/PrivateFrameworks/CoreSVG.framework/Versions/A/CoreSVG
0x00007fff66afa000 	/System/Library/PrivateFrameworks/SkyLight.framework/Versions/A/SkyLight
0x00007fff38bde000 	/System/Library/Frameworks/CoreGraphics.framework/Versions/A/CoreGraphics
0x00007fff34503000 	/System/Library/Frameworks/Accelerate.framework/Versions/A/Accelerate
0x00007fff6f0d1000 	/usr/lib/libxml2.2.dylib
0x00007fff5ce5d000 	/System/Library/PrivateFrameworks/IconServices.framework/Versions/A/IconServices
0x00007fff3b606000 	/System/Library/Frameworks/IOSurface.framework/Versions/A/IOSurface
0x00007fff6c7e7000 	/usr/lib/libDiagnosticMessagesClient.dylib
0x00007fff51fb2000 	/System/Library/PrivateFrameworks/DFRFoundation.framework/Versions/A/DFRFoundation
0x00007fff6db73000 	/usr/lib/libicucore.A.dylib
0x00007fff36aa1000 	/System/Library/Frameworks/AudioToolbox.framework/Versions/A/AudioToolbox
0x00007fff36b83000 	/System/Library/Frameworks/AudioUnit.framework/Versions/A/AudioUnit
0x00007fff6ceb0000 	/usr/lib/libauto.dylib
0x00007fff52033000 	/System/Library/PrivateFrameworks/DataDetectorsCore.framework/Versions/A/DataDetectorsCore
0x00007fff37305000 	/System/Library/Frameworks/Carbon.framework/Versions/A/Frameworks/HIToolbox.framework/Versions/A/HIToolbox
0x00007fff43fe4000 	/System/Library/Frameworks/QuartzCore.framework/Versions/A/QuartzCore
0x00007fff37644000 	/System/Library/Frameworks/Carbon.framework/Versions/A/Frameworks/SpeechRecognition.framework/Versions/A/SpeechRecognition
0x00007fff51938000 	/System/Library/PrivateFrameworks/CoreUI.framework/Versions/A/CoreUI
0x00007fff37cce000 	/System/Library/Frameworks/CoreAudio.framework/Versions/A/CoreAudio
0x00007fff3aae9000 	/System/Library/Frameworks/DiskArbitration.framework/Versions/A/DiskArbitration
0x00007fff5ee72000 	/System/Library/PrivateFrameworks/MultitouchSupport.framework/Versions/A/MultitouchSupport
0x00007fff6da39000 	/usr/lib/libenergytrace.dylib
0x00007fff3b561000 	/System/Library/Frameworks/IOKit.framework/Versions/A/IOKit
0x00007fff39b4c000 	/System/Library/Frameworks/CoreServices.framework/Versions/A/CoreServices
0x00007fff60f7f000 	/System/Library/PrivateFrameworks/PerformanceAnalysis.framework/Versions/A/PerformanceAnalysis
0x00007fff4301a000 	/System/Library/Frameworks/OpenGL.framework/Versions/A/OpenGL
0x00007fff377f3000 	/System/Library/Frameworks/ColorSync.framework/Versions/A/ColorSync
0x00007fff39265000 	/System/Library/Frameworks/CoreImage.framework/Versions/A/CoreImage
0x00007fff3a5c2000 	/System/Library/Frameworks/CoreText.framework/Versions/A/CoreText
0x00007fff3b68c000 	/System/Library/Frameworks/ImageIO.framework/Versions/A/ImageIO
0x00007fff6cf95000 	/usr/lib/libc++.1.dylib
0x00007fff6d011000 	/usr/lib/libcompression.dylib
0x00007fff6cb29000 	/usr/lib/libMobileGestalt.dylib
0x00007fff68639000 	/System/Library/PrivateFrameworks/TextureIO.framework/Versions/A/TextureIO
0x00007fff6ce16000 	/usr/lib/libate.dylib
0x00007fff5d066000 	/System/Library/PrivateFrameworks/InternationalSupport.framework/Versions/A/InternationalSupport
0x00007fff6fc56000 	/usr/lib/system/libcache.dylib
0x00007fff6fc5c000 	/usr/lib/system/libcommonCrypto.dylib
0x00007fff6fc68000 	/usr/lib/system/libcompiler_rt.dylib
0x00007fff6fc70000 	/usr/lib/system/libcopyfile.dylib
0x00007fff6fc7a000 	/usr/lib/system/libcorecrypto.dylib
0x00007fff6fe28000 	/usr/lib/system/libdispatch.dylib
0x00007fff6fe6a000 	/usr/lib/system/libdyld.dylib
0x00007fff6fea0000 	/usr/lib/system/libkeymgr.dylib
0x00007fff6feae000 	/usr/lib/system/liblaunch.dylib
0x00007fff6feaf000 	/usr/lib/system/libmacho.dylib
0x00007fff6feb5000 	/usr/lib/system/libquarantine.dylib
0x00007fff6feb8000 	/usr/lib/system/libremovefile.dylib
0x00007fff6feba000 	/usr/lib/system/libsystem_asl.dylib
0x00007fff6fed2000 	/usr/lib/system/libsystem_blocks.dylib
0x00007fff6fed3000 	/usr/lib/system/libsystem_c.dylib
0x00007fff6ff5b000 	/usr/lib/system/libsystem_configuration.dylib
0x00007fff6ff5f000 	/usr/lib/system/libsystem_coreservices.dylib
0x00007fff6ff63000 	/usr/lib/system/libsystem_darwin.dylib
0x00007fff6ff6c000 	/usr/lib/system/libsystem_dnssd.dylib
0x00007fff6ff74000 	/usr/lib/system/libsystem_featureflags.dylib
0x00007fff6ff76000 	/usr/lib/system/libsystem_info.dylib
0x00007fff6fff1000 	/usr/lib/system/libsystem_m.dylib
0x00007fff70039000 	/usr/lib/system/libsystem_malloc.dylib
0x00007fff70061000 	/usr/lib/system/libsystem_networkextension.dylib
0x00007fff7006f000 	/usr/lib/system/libsystem_notify.dylib
0x00007fff7008e000 	/usr/lib/system/libsystem_sandbox.dylib
0x00007fff70093000 	/usr/lib/system/libsystem_secinit.dylib
0x00007fff6ffc4000 	/usr/lib/system/libsystem_kernel.dylib
0x00007fff70079000 	/usr/lib/system/libsystem_platform.dylib
0x00007fff70083000 	/usr/lib/system/libsystem_pthread.dylib
0x00007fff70096000 	/usr/lib/system/libsystem_symptoms.dylib
0x00007fff7009e000 	/usr/lib/system/libsystem_trace.dylib
0x00007fff700b6000 	/usr/lib/system/libunwind.dylib
0x00007fff700bc000 	/usr/lib/system/libxpc.dylib
0x00007fff6cfe9000 	/usr/lib/libc++abi.dylib
0x00007fff6dde7000 	/usr/lib/liblzma.5.dylib
0x00007fff6da61000 	/usr/lib/libfakelink.dylib
0x00007fff6cda3000 	/usr/lib/libarchive.2.dylib
0x00007fff45f55000 	/System/Library/Frameworks/SystemConfiguration.framework/Versions/A/SystemConfiguration
0x00007fff6c718000 	/usr/lib/libCRFSuite.dylib
0x00007fff36ef9000 	/System/Library/Frameworks/CFNetwork.framework/Versions/A/CFNetwork
0x00007fff6cf77000 	/usr/lib/libbsm.0.dylib
0x00007fff6fea1000 	/usr/lib/system/libkxld.dylib
0x00007fff4ba69000 	/System/Library/PrivateFrameworks/AppleFSCompression.framework/Versions/A/AppleFSCompression
0x00007fff6d2f8000 	/usr/lib/libcoretls.dylib
0x00007fff6d30f000 	/usr/lib/libcoretls_cfhelpers.dylib
0x00007fff6eb48000 	/usr/lib/libpam.2.dylib
0x00007fff6ec7b000 	/usr/lib/libsqlite3.dylib
0x00007fff6f0be000 	/usr/lib/libxar.1.dylib
0x00007fff6cf88000 	/usr/lib/libbz2.1.0.dylib
0x00007fff6da82000 	/usr/lib/libiconv.2.dylib
0x00007fff6cffe000 	/usr/lib/libcharset.1.dylib
0x00007fff6e5ef000 	/usr/lib/libnetwork.dylib
0x00007fff6eb4f000 	/usr/lib/libpcap.A.dylib
0x00007fff6cd58000 	/usr/lib/libapple_nghttp2.dylib
0x00007fff39f03000 	/System/Library/Frameworks/CoreServices.framework/Versions/A/Frameworks/FSEvents.framework/Versions/A/FSEvents
0x00007fff39bd3000 	/System/Library/Frameworks/CoreServices.framework/Versions/A/Frameworks/CarbonCore.framework/Versions/A/CarbonCore
0x00007fff3a146000 	/System/Library/Frameworks/CoreServices.framework/Versions/A/Frameworks/Metadata.framework/Versions/A/Metadata
0x00007fff3a1df000 	/System/Library/Frameworks/CoreServices.framework/Versions/A/Frameworks/OSServices.framework/Versions/A/OSServices
0x00007fff3a20d000 	/System/Library/Frameworks/CoreServices.framework/Versions/A/Frameworks/SearchKit.framework/Versions/A/SearchKit
0x00007fff39b4d000 	/System/Library/Frameworks/CoreServices.framework/Versions/A/Frameworks/AE.framework/Versions/A/AE
0x00007fff39f0c000 	/System/Library/Frameworks/CoreServices.framework/Versions/A/Frameworks/LaunchServices.framework/Versions/A/LaunchServices
0x00007fff39eb5000 	/System/Library/Frameworks/CoreServices.framework/Versions/A/Frameworks/DictionaryServices.framework/Versions/A/DictionaryServices
0x00007fff3a275000 	/System/Library/Frameworks/CoreServices.framework/Versions/A/Frameworks/SharedFileList.framework/Versions/A/SharedFileList
0x00007fff3ee6e000 	/System/Library/Frameworks/NetFS.framework/Versions/A/NetFS
0x00007fff5f3a2000 	/System/Library/PrivateFrameworks/NetAuth.framework/Versions/A/NetAuth
0x00007fff6c3b5000 	/System/Library/PrivateFrameworks/login.framework/Versions/A/Frameworks/loginsupport.framework/Versions/A/loginsupport
0x00007fff68134000 	/System/Library/PrivateFrameworks/TCC.framework/Versions/A/TCC
0x00007fff50654000 	/System/Library/PrivateFrameworks/CoreNLP.framework/Versions/A/CoreNLP
0x00007fff5e8a2000 	/System/Library/PrivateFrameworks/MetadataUtilities.framework/Versions/A/MetadataUtilities
0x00007fff6debf000 	/usr/lib/libmecabra.dylib
0x00007fff6de17000 	/usr/lib/libmecab.dylib
0x00007fff6da72000 	/usr/lib/libgermantok.dylib
0x00007fff6cd3f000 	/usr/lib/libThaiTokenizer.dylib
0x00007fff6c750000 	/usr/lib/libChineseTokenizer.dylib
0x00007fff3451b000 	/System/Library/Frameworks/Accelerate.framework/Versions/A/Frameworks/vImage.framework/Versions/A/vImage
0x00007fff357be000 	/System/Library/Frameworks/Accelerate.framework/Versions/A/Frameworks/vecLib.framework/Versions/A/vecLib
0x00007fff35702000 	/System/Library/Frameworks/Accelerate.framework/Versions/A/Frameworks/vecLib.framework/Versions/A/libvMisc.dylib
0x00007fff35528000 	/System/Library/Frameworks/Accelerate.framework/Versions/A/Frameworks/vecLib.framework/Versions/A/libvDSP.dylib
0x00007fff34b87000 	/System/Library/Frameworks/Accelerate.framework/Versions/A/Frameworks/vecLib.framework/Versions/A/libBLAS.dylib
0x00007fff350e2000 	/System/Library/Frameworks/Accelerate.framework/Versions/A/Frameworks/vecLib.framework/Versions/A/libLAPACK.dylib
0x00007fff35488000 	/System/Library/Frameworks/Accelerate.framework/Versions/A/Frameworks/vecLib.framework/Versions/A/libLinearAlgebra.dylib
0x00007fff35515000 	/System/Library/Frameworks/Accelerate.framework/Versions/A/Frameworks/vecLib.framework/Versions/A/libSparseBLAS.dylib
0x00007fff3549e000 	/System/Library/Frameworks/Accelerate.framework/Versions/A/Frameworks/vecLib.framework/Versions/A/libQuadrature.dylib
0x00007fff34df1000 	/System/Library/Frameworks/Accelerate.framework/Versions/A/Frameworks/vecLib.framework/Versions/A/libBNNS.dylib
0x00007fff354a4000 	/System/Library/Frameworks/Accelerate.framework/Versions/A/Frameworks/vecLib.framework/Versions/A/libSparse.dylib
0x00007fff5d425000 	/System/Library/PrivateFrameworks/LanguageModeling.framework/Versions/A/LanguageModeling
0x00007fff4fff0000 	/System/Library/PrivateFrameworks/CoreEmoji.framework/Versions/A/CoreEmoji
0x00007fff5d543000 	/System/Library/PrivateFrameworks/LinguisticData.framework/Versions/A/LinguisticData
0x00007fff5d4f4000 	/System/Library/PrivateFrameworks/Lexicon.framework/Versions/A/Lexicon
0x00007fff6cfff000 	/usr/lib/libcmph.dylib
0x00007fff41a40000 	/System/Library/Frameworks/OpenDirectory.framework/Versions/A/Frameworks/CFOpenDirectory.framework/Versions/A/CFOpenDirectory
0x00007fff41a5d000 	/System/Library/Frameworks/OpenDirectory.framework/Versions/A/OpenDirectory
0x00007fff49d2a000 	/System/Library/PrivateFrameworks/APFS.framework/Versions/A/APFS
0x00007fff45106000 	/System/Library/Frameworks/SecurityFoundation.framework/Versions/A/SecurityFoundation
0x00007fff6f0ba000 	/usr/lib/libutil.dylib
0x00007fff512dd000 	/System/Library/PrivateFrameworks/CoreServicesStore.framework/Versions/A/CoreServicesStore
0x00007fff451be000 	/System/Library/Frameworks/ServiceManagement.framework/Versions/A/ServiceManagement
0x00007fff4d220000 	/System/Library/PrivateFrameworks/BackgroundTaskManagement.framework/Versions/A/BackgroundTaskManagement
0x00007fff6f1b7000 	/usr/lib/libxslt.1.dylib
0x00007fff4c0ce000 	/System/Library/PrivateFrameworks/AppleSystemInfo.framework/Versions/A/AppleSystemInfo
0x00007fff3b8a9000 	/System/Library/Frameworks/ImageIO.framework/Versions/A/Resources/libJPEG.dylib
0x00007fff3bb68000 	/System/Library/Frameworks/ImageIO.framework/Versions/A/Resources/libTIFF.dylib
0x00007fff3bb4b000 	/System/Library/Frameworks/ImageIO.framework/Versions/A/Resources/libPng.dylib
0x00007fff3b7ea000 	/System/Library/Frameworks/ImageIO.framework/Versions/A/Resources/libGIF.dylib
0x00007fff3b7ee000 	/System/Library/Frameworks/ImageIO.framework/Versions/A/Resources/libJP2.dylib
0x00007fff3bb66000 	/System/Library/Frameworks/ImageIO.framework/Versions/A/Resources/libRadiance.dylib
0x00007fff6da3a000 	/usr/lib/libexpat.1.dylib
0x00007fff4bbc4000 	/System/Library/PrivateFrameworks/AppleJPEG.framework/Versions/A/AppleJPEG
0x00007fff54557000 	/System/Library/PrivateFrameworks/FontServices.framework/libFontParser.dylib
0x00007fff6b40c000 	/System/Library/PrivateFrameworks/WatchdogClient.framework/Versions/A/WatchdogClient
0x00007fff5cab2000 	/System/Library/PrivateFrameworks/IOAccelerator.framework/Versions/A/IOAccelerator
0x00007fff3df27000 	/System/Library/Frameworks/MetalPerformanceShaders.framework/Versions/A/MetalPerformanceShaders
0x00007fff592a5000 	/System/Library/PrivateFrameworks/GPUWrangler.framework/Versions/A/GPUWrangler
0x00007fff5cabd000 	/System/Library/PrivateFrameworks/IOPresentment.framework/Versions/A/IOPresentment
0x00007fff51fc5000 	/System/Library/PrivateFrameworks/DSExternalDisplay.framework/Versions/A/DSExternalDisplay
0x00007fff423c6000 	/System/Library/Frameworks/OpenGL.framework/Versions/A/Libraries/libCoreFSCache.dylib
0x00007fff3dc79000 	/System/Library/Frameworks/MetalPerformanceShaders.framework/Frameworks/MPSCore.framework/Versions/A/MPSCore
0x00007fff3dcb6000 	/System/Library/Frameworks/MetalPerformanceShaders.framework/Frameworks/MPSImage.framework/Versions/A/MPSImage
0x00007fff3dd78000 	/System/Library/Frameworks/MetalPerformanceShaders.framework/Frameworks/MPSNeuralNetwork.framework/Versions/A/MPSNeuralNetwork
0x00007fff3dd3d000 	/System/Library/Frameworks/MetalPerformanceShaders.framework/Frameworks/MPSMatrix.framework/Versions/A/MPSMatrix
0x00007fff3ded8000 	/System/Library/Frameworks/MetalPerformanceShaders.framework/Frameworks/MPSRayIntersector.framework/Versions/A/MPSRayIntersector
0x00007fff3dd62000 	/System/Library/Frameworks/MetalPerformanceShaders.framework/Frameworks/MPSNDArray.framework/Versions/A/MPSNDArray
0x00007fff5e8ef000 	/System/Library/PrivateFrameworks/MetalTools.framework/Versions/A/MetalTools
0x00007fff4aeef000 	/System/Library/PrivateFrameworks/AggregateDictionary.framework/Versions/A/AggregateDictionary
0x00007fff4fa7a000 	/System/Library/PrivateFrameworks/CoreAnalytics.framework/Versions/A/CoreAnalytics
0x00007fff4bfec000 	/System/Library/PrivateFrameworks/AppleSauce.framework/Versions/A/AppleSauce
0x00007fff6ca0c000 	/usr/lib/libIOReport.dylib
0x00007fff3a777000 	/System/Library/Frameworks/CoreVideo.framework/Versions/A/CoreVideo
0x00007fff5a713000 	/System/Library/PrivateFrameworks/GraphVisualizer.framework/Versions/A/GraphVisualizer
0x00007fff53ad8000 	/System/Library/PrivateFrameworks/FaceCore.framework/Versions/A/FaceCore
0x00007fff419e7000 	/System/Library/Frameworks/OpenCL.framework/Versions/A/OpenCL
0x00007fff6c82e000 	/usr/lib/libFosl_dynamic.dylib
0x00007fff5fd9d000 	/System/Library/PrivateFrameworks/OTSVG.framework/Versions/A/OTSVG
0x00007fff36874000 	/System/Library/Frameworks/ApplicationServices.framework/Versions/A/Frameworks/ATS.framework/Versions/A/Resources/libFontRegistry.dylib
0x00007fff54728000 	/System/Library/PrivateFrameworks/FontServices.framework/libhvf.dylib
0x00007fff423d1000 	/System/Library/Frameworks/OpenGL.framework/Versions/A/Libraries/libGFXShared.dylib
0x00007fff425ae000 	/System/Library/Frameworks/OpenGL.framework/Versions/A/Libraries/libGLU.dylib
0x00007fff423da000 	/System/Library/Frameworks/OpenGL.framework/Versions/A/Libraries/libGL.dylib
0x00007fff423e5000 	/System/Library/Frameworks/OpenGL.framework/Versions/A/Libraries/libGLImage.dylib
0x00007fff423c3000 	/System/Library/Frameworks/OpenGL.framework/Versions/A/Libraries/libCVMSPluginSupport.dylib
0x00007fff423cc000 	/System/Library/Frameworks/OpenGL.framework/Versions/A/Libraries/libCoreVMClient.dylib
0x00007fff6e491000 	/usr/lib/libncurses.5.4.dylib
0x00007fff36770000 	/System/Library/Frameworks/ApplicationServices.framework/Versions/A/Frameworks/ATS.framework/Versions/A/ATS
0x00007fff3693d000 	/System/Library/Frameworks/ApplicationServices.framework/Versions/A/Frameworks/ColorSyncLegacy.framework/Versions/A/ColorSyncLegacy
0x00007fff369dc000 	/System/Library/Frameworks/ApplicationServices.framework/Versions/A/Frameworks/HIServices.framework/Versions/A/HIServices
0x00007fff36a33000 	/System/Library/Frameworks/ApplicationServices.framework/Versions/A/Frameworks/LangAnalysis.framework/Versions/A/LangAnalysis
0x00007fff36a42000 	/System/Library/Frameworks/ApplicationServices.framework/Versions/A/Frameworks/PrintCore.framework/Versions/A/PrintCore
0x00007fff36a88000 	/System/Library/Frameworks/ApplicationServices.framework/Versions/A/Frameworks/QD.framework/Versions/A/QD
0x00007fff36a93000 	/System/Library/Frameworks/ApplicationServices.framework/Versions/A/Frameworks/SpeechSynthesis.framework/Versions/A/SpeechSynthesis
0x00007fff3690d000 	/System/Library/Frameworks/ApplicationServices.framework/Versions/A/Frameworks/ATSUI.framework/Versions/A/ATSUI
0x00007fff6d8ce000 	/usr/lib/libcups.2.dylib
0x00007fff3cfd6000 	/System/Library/Frameworks/Kerberos.framework/Versions/A/Kerberos
0x00007fff3b256000 	/System/Library/Frameworks/GSS.framework/Versions/A/GSS
0x00007fff6ec07000 	/usr/lib/libresolv.9.dylib
0x00007fff5a8b4000 	/System/Library/PrivateFrameworks/Heimdal.framework/Versions/A/Heimdal
0x00007fff3cfe9000 	/System/Library/Frameworks/Kerberos.framework/Versions/A/Libraries/libHeimdalProxy.dylib
0x00007fff6da78000 	/usr/lib/libheimdal-asn1.dylib
0x00007fff4ef20000 	/System/Library/PrivateFrameworks/CommonAuth.framework/Versions/A/CommonAuth
0x00007fff4c16b000 	/System/Library/PrivateFrameworks/AssertionServices.framework/Versions/A/AssertionServices
0x00007fff4cd0e000 	/System/Library/PrivateFrameworks/AudioToolboxCore.framework/Versions/A/AudioToolboxCore
0x00007fff6c066000 	/System/Library/PrivateFrameworks/caulk.framework/Versions/A/caulk
0x00007fff4d2cc000 	/System/Library/PrivateFrameworks/BaseBoard.framework/Versions/A/BaseBoard
0x00007fff63ec2000 	/System/Library/PrivateFrameworks/RunningBoardServices.framework/Versions/A/RunningBoardServices
0x00007fff60f8b000 	/System/Library/PrivateFrameworks/PersistentConnection.framework/Versions/A/PersistentConnection
0x00007fff63911000 	/System/Library/PrivateFrameworks/ProtocolBuffer.framework/Versions/A/ProtocolBuffer
0x00007fff4ef45000 	/System/Library/PrivateFrameworks/CommonUtilities.framework/Versions/A/CommonUtilities
0x00007fff4d44f000 	/System/Library/PrivateFrameworks/Bom.framework/Versions/A/Bom
0x00007fff6c6db000 	/usr/lib/libAudioToolboxUtility.dylib
0x00007fff4d22a000 	/System/Library/PrivateFrameworks/Backup.framework/Versions/A/Backup
0x00007fff51d35000 	/System/Library/PrivateFrameworks/CrashReporterSupport.framework/Versions/A/CrashReporterSupport
0x00007fff659be000 	/System/Library/PrivateFrameworks/Sharing.framework/Versions/A/Sharing
0x00007fff4b90f000 	/System/Library/PrivateFrameworks/Apple80211.framework/Versions/A/Apple80211
0x00007fff4cf4c000 	/System/Library/PrivateFrameworks/AuthKit.framework/Versions/A/AuthKit
0x00007fff51a65000 	/System/Library/PrivateFrameworks/CoreUtils.framework/Versions/A/CoreUtils
0x00007fff3a7bc000 	/System/Library/Frameworks/CoreWLAN.framework/Versions/A/CoreWLAN
0x00007fff3b3e2000 	/System/Library/Frameworks/IOBluetooth.framework/Versions/A/IOBluetooth
0x00007fff5ebed000 	/System/Library/PrivateFrameworks/MobileKeyBag.framework/Versions/A/MobileKeyBag
0x00007fff50b30000 	/System/Library/PrivateFrameworks/CorePhoneNumbers.framework/Versions/A/CorePhoneNumbers
0x00007fff4bb77000 	/System/Library/PrivateFrameworks/AppleIDAuthSupport.framework/Versions/A/AppleIDAuthSupport
0x00007fff3ee7b000 	/System/Library/Frameworks/Network.framework/Versions/A/Network
0x00007fff5d2ad000 	/System/Library/PrivateFrameworks/KeychainCircle.framework/Versions/A/KeychainCircle
0x00007fff38230000 	/System/Library/Frameworks/CoreBluetooth.framework/Versions/A/CoreBluetooth
0x00007fff6763a000 	/System/Library/PrivateFrameworks/SpeechRecognitionCore.framework/Versions/A/SpeechRecognitionCore
0x0000000107200000 	/Library/Java/JavaVirtualMachines/jdk1.8.0_202.jdk/Contents/Home/jre/lib/server/libjvm.dylib
0x00007fff6ef8c000 	/usr/lib/libstdc++.6.dylib
0x0000000106801000 	/Library/Java/JavaVirtualMachines/jdk1.8.0_202.jdk/Contents/Home/jre/lib/libverify.dylib
0x000000010680f000 	/Library/Java/JavaVirtualMachines/jdk1.8.0_202.jdk/Contents/Home/jre/lib/libjava.dylib
0x000000010688f000 	/Library/Java/JavaVirtualMachines/jdk1.8.0_202.jdk/Contents/Home/jre/lib/libzip.dylib
0x00000001101dd000 	/Library/Java/JavaVirtualMachines/jdk1.8.0_202.jdk/Contents/Home/jre/lib/libmanagement.dylib
0x00000001102a0000 	/Library/Java/JavaVirtualMachines/jdk1.8.0_202.jdk/Contents/Home/jre/lib/libnet.dylib
0x00000001101c4000 	/Library/Java/JavaVirtualMachines/jdk1.8.0_202.jdk/Contents/Home/jre/lib/libnio.dylib
0x0000000110316000 	/private/var/folders/p7/2xxnlnpx4s19k1t1y5m8jkc40000gn/T/lwjglcalmbit/3.2.2-build-10/liblwjgl.dylib
0x00000001103d6000 	/private/var/folders/p7/2xxnlnpx4s19k1t1y5m8jkc40000gn/T/lwjglcalmbit/3.2.2-build-10/libglfw.dylib
0x00007fff512a9000 	/System/Library/PrivateFrameworks/CoreServicesInternal.framework/Versions/A/CoreServicesInternal
0x00007fff3ace3000 	/System/Library/Frameworks/FileProvider.framework/Versions/A/FileProvider
0x00007fff357bf000 	/System/Library/Frameworks/Accounts.framework/Versions/A/Accounts
0x00007fff595c9000 	/System/Library/PrivateFrameworks/GenerationalStorage.framework/Versions/A/GenerationalStorage
0x00007fff51819000 	/System/Library/PrivateFrameworks/CoreSymbolication.framework/Versions/A/CoreSymbolication
0x00007fff67e75000 	/System/Library/PrivateFrameworks/SymptomDiagnosticReporter.framework/Versions/A/SymptomDiagnosticReporter
0x00007fff4b400000 	/System/Library/PrivateFrameworks/AppContainer.framework/Versions/A/AppContainer
0x00007fff6ec21000 	/usr/lib/libsandbox.1.dylib
0x00007fff6a3a5000 	/System/Library/PrivateFrameworks/UserManagement.framework/Versions/A/UserManagement
0x00007fff4e011000 	/System/Library/PrivateFrameworks/ChunkingLibrary.framework/Versions/A/ChunkingLibrary
0x00007fff520fa000 	/System/Library/PrivateFrameworks/DebugSymbols.framework/Versions/A/DebugSymbols
0x00007fff4b472000 	/System/Library/PrivateFrameworks/AppSandbox.framework/Versions/A/AppSandbox
0x00007fff65848000 	/System/Library/PrivateFrameworks/SecCodeWrapper.framework/Versions/A/SecCodeWrapper
0x00007fff6caf2000 	/usr/lib/libMatch.1.dylib
0x00007fff34504000 	/System/Library/Frameworks/Accelerate.framework/Versions/A/Frameworks/vImage.framework/Versions/A/Libraries/libCGInterfaces.dylib
0x00007fff5468f000 	/System/Library/PrivateFrameworks/FontServices.framework/libTrueTypeScaler.dylib
0x00007fff30568000 	/System/Library/Extensions/AppleIntelHD5000GraphicsMTLDriver.bundle/Contents/MacOS/AppleIntelHD5000GraphicsMTLDriver
0x00007fff57bfd000 	/System/Library/PrivateFrameworks/GPUCompiler.framework/Versions/3902/Libraries/libmetal_timestamp.dylib
0x00007fff53f03000 	/System/Library/PrivateFrameworks/FamilyControls.framework/Versions/A/FamilyControls
0x00007fff4ef14000 	/System/Library/PrivateFrameworks/CommerceKit.framework/Versions/A/Frameworks/CommerceCore.framework/Versions/A/CommerceCore
0x00007fff67ef0000 	/System/Library/PrivateFrameworks/SystemAdministration.framework/Versions/A/SystemAdministration
0x00007fff524a2000 	/System/Library/PrivateFrameworks/DiskManagement.framework/Versions/A/DiskManagement
0x00007fff3aa0d000 	/System/Library/Frameworks/DirectoryService.framework/Versions/A/DirectoryService
0x00007fff523d9000 	/System/Library/PrivateFrameworks/DiskImages.framework/Versions/A/DiskImages
0x00007fff5d5eb000 	/System/Library/PrivateFrameworks/LoginUIKit.framework/Versions/A/Frameworks/LoginUICore.framework/Versions/A/LoginUICore
0x00007fff6c75b000 	/usr/lib/libCoreStorage.dylib
0x00007fff6d8bb000 	/usr/lib/libcsfde.dylib
0x00007fff6eb36000 	/usr/lib/libodfde.dylib
0x00007fff5e0d9000 	/System/Library/PrivateFrameworks/MediaKit.framework/Versions/A/MediaKit
0x00007fff3aa19000 	/System/Library/Frameworks/DiscRecording.framework/Versions/A/DiscRecording
0x00007fff52651000 	/System/Library/PrivateFrameworks/EFILogin.framework/Versions/A/EFILogin
0x00007fff638b6000 	/System/Library/PrivateFrameworks/ProtectedCloudStorage.framework/Versions/A/ProtectedCloudStorage
0x00007fff6d92f000 	/usr/lib/libcurl.4.dylib
0x00007fff6d7b4000 	/usr/lib/libcrypto.44.dylib
0x00007fff6ef5c000 	/usr/lib/libssl.46.dylib
0x00007fff3cfea000 	/System/Library/Frameworks/LDAP.framework/Versions/A/LDAP
0x00007fff6887d000 	/System/Library/PrivateFrameworks/TrustEvaluationAgent.framework/Versions/A/TrustEvaluationAgent
0x00007fff6ec66000 	/usr/lib/libsasl2.2.dylib
0x00007fff4fd64000 	/System/Library/PrivateFrameworks/CoreDaemon.framework/Versions/B/CoreDaemon
0x00007fff4bfe7000 	/System/Library/PrivateFrameworks/AppleSRP.framework/Versions/A/AppleSRP
0x00007fff6b17b000 	/System/Library/PrivateFrameworks/ViewBridge.framework/Versions/A/ViewBridge
0x0000000112992000 	/usr/lib/libobjc-trampolines.dylib
0x00007fff6c3b8000 	/System/Library/PrivateFrameworks/login.framework/Versions/A/login
0x00007fff4302a000 	/System/Library/Frameworks/OpenGL.framework/Versions/A/Resources/GLEngine.bundle/GLEngine
0x00007fff4241b000 	/System/Library/Frameworks/OpenGL.framework/Versions/A/Libraries/libGLProgrammability.dylib
0x00007fff30056000 	/System/Library/Extensions/AppleIntelHD5000GraphicsGLDriver.bundle/Contents/MacOS/AppleIntelHD5000GraphicsGLDriver
0x00007fff59299000 	/System/Library/PrivateFrameworks/GPUSupport.framework/Versions/A/Libraries/libGPUSupportMercury.dylib
0x00007fff431a4000 	/System/Library/Frameworks/OpenGL.framework/Versions/A/Resources/GLRendererFloat.bundle/GLRendererFloat
0x00007fff419de000 	/System/Library/Frameworks/OpenCL.framework/Versions/A/Libraries/libcldcpuengine.dylib
0x00007fff6d4b3000 	/usr/lib/libcrypto.35.dylib
0x000000011282a000 	/private/var/folders/p7/2xxnlnpx4s19k1t1y5m8jkc40000gn/T/lwjglcalmbit/3.2.2-build-10/liblwjgl_opengl.dylib
0x00000001220b6000 	/private/var/folders/p7/2xxnlnpx4s19k1t1y5m8jkc40000gn/T/lwjglcalmbit/3.2.2-build-10/liblwjgl_stb.dylib

VM Arguments:
jvm_args: -XX:+UnlockExperimentalVMOptions -XX:+UseG1GC -XX:G1NewSizePercent=20 -XX:G1ReservePercent=20 -XX:MaxGCPauseMillis=50 -XX:G1HeapRegionSize=32M -XX:+UnlockExperimentalVMOptions -XX:+UseG1GC -XX:G1NewSizePercent=20 -XX:G1ReservePercent=20 -XX:MaxGCPauseMillis=50 -XX:G1HeapRegionSize=32M -Xms1152m -Xmx1152m -Dfile.encoding=UTF-8 -Duser.country=US -Duser.language=en -Duser.variant 
java_command: blockgame.Blockgame
java_class_path (initial): /Users/calmbit/blockgame/build/classes/java/main:/Users/calmbit/.gradle/caches/modules-2/files-2.1/org.apache.logging.log4j/log4j-core/2.11.2/6c2fb3f5b7cd27504726aef1b674b542a0c9cf53/log4j-core-2.11.2.jar:/Users/calmbit/.gradle/caches/modules-2/files-2.1/org.apache.logging.log4j/log4j-api/2.11.2/f5e9a2ffca496057d6891a3de65128efc636e26e/log4j-api-2.11.2.jar:/Users/calmbit/.gradle/caches/modules-2/files-2.1/org.jetbrains/annotations/16.0.1/c1a6655cebcac68e63e4c24d23f573035032eb2a/annotations-16.0.1.jar:/Users/calmbit/.gradle/caches/modules-2/files-2.1/org.lwjgl/lwjgl-assimp/3.2.2/d4128312444099cea3c4dbb77f5098d19e340d/lwjgl-assimp-3.2.2.jar:/Users/calmbit/.gradle/caches/modules-2/files-2.1/org.lwjgl/lwjgl-assimp/3.2.2/d9864c9010b1b2357037cd53aff1f2333ce0997e/lwjgl-assimp-3.2.2-natives-macos.jar:/Users/calmbit/.gradle/caches/modules-2/files-2.1/org.lwjgl/lwjgl-bgfx/3.2.2/9dcb34f1b257957296bbc8d97d683cc163a760fc/lwjgl-bgfx-3.2.2.jar:/Users/calmbit/.gradle/caches/modules-2/files-2.1/org.lwjgl/lwjgl-bgfx/3.2.2/a9f48d7c8c199178e03f41092261b2e1b715e565/lwjgl-bgfx-3.2.2-natives-macos.jar:/Users/calmbit/.gradle/caches/modules-2/files-2.1/org.lwjgl/lwjgl-glfw/3.2.2/d3ad4df38e400b8afba1de63f84338809399df5b/lwjgl-glfw-3.2.2.jar:/Users/calmbit/.gradle/caches/modules-2/files-2.1/org.lwjgl/lwjgl-glfw/3.2.2/98f745038d17ac3192fcd01dc44126b03ec1570d/lwjgl-glfw-3.2.2-natives-macos.jar:/Users/calmbit/.gradle/caches/modules-2/files-2.1/org.lwjgl/lwjgl-nanovg/3.2.2/7dc8f7782e93c80e5e0c299ec8174547c501f56b/lwjgl-nanovg-3.2.2.jar:/Users/calmbit/.gradle/caches/modules-2/files-2.1/org.lwjgl/lwjgl-nanovg/3.2.2/524dfc173d52a6f8f7466ee31a548ffc3e12551/lwjgl-nanovg-3.2.2-natives-macos.jar:/Users/calmbit/.gradle/caches/modules-2/files-2.1/org.lwjgl/lwjgl-nuklear/3.2.2/3948ab49e55aae665277b8c3e2a5e46e3d8e2e8/lwjgl-nuklear-3.2.2.jar:/Users/calmbit/.gradle/caches/modules-2/files-2.1/org.lwjgl/lwjgl-nuklear/3.2.2/b1dd2a9c7b3e7e44b64f16e51ba13a665a88b87/lwjgl-nuklear-3.2.2-
Launcher Type: SUN_STANDARD

Environment Variables:
PATH=/usr/local/bin:/usr/bin:/bin:/usr/sbin:/sbin:/Library/TeX/texbin:/usr/local/MacGPG2/bin:/usr/local/share/dotnet:/opt/X11/bin:~/.dotnet/tools:/Library/Apple/usr/bin:/Library/Ballerina/ballerina-1.0.4/bin:/Library/Frameworks/Mono.framework/Versions/Current/Commands:/Applications/Wireshark.app/Contents/MacOS
SHELL=/bin/zsh
DISPLAY=/private/tmp/com.apple.launchd.RZGddPD0ub/org.macosforge.xquartz:0

Signal Handlers:
SIGSEGV: [libjvm.dylib+0x5b719d], sa_mask[0]=11111111011111110111111111111111, sa_flags=SA_ONSTACK|SA_RESTART|SA_SIGINFO
SIGBUS: [libjvm.dylib+0x5b719d], sa_mask[0]=11111111011111110111111111111111, sa_flags=SA_RESTART|SA_SIGINFO
SIGFPE: [libjvm.dylib+0x48c8fc], sa_mask[0]=11111111011111110111111111111111, sa_flags=SA_RESTART|SA_SIGINFO
SIGPIPE: [libjvm.dylib+0x48c8fc], sa_mask[0]=11111111011111110111111111111111, sa_flags=SA_RESTART|SA_SIGINFO
SIGXFSZ: [libjvm.dylib+0x48c8fc], sa_mask[0]=11111111011111110111111111111111, sa_flags=SA_RESTART|SA_SIGINFO
SIGILL: [libjvm.dylib+0x48c8fc], sa_mask[0]=11111111011111110111111111111111, sa_flags=SA_RESTART|SA_SIGINFO
SIGUSR1: SIG_DFL, sa_mask[0]=00000000000000000000000000000000, sa_flags=none
SIGUSR2: [libjvm.dylib+0x48c41a], sa_mask[0]=00100000000000000000000000000000, sa_flags=SA_RESTART|SA_SIGINFO
SIGHUP: [libjvm.dylib+0x48a9a5], sa_mask[0]=11111111011111110111111111111111, sa_flags=SA_RESTART|SA_SIGINFO
SIGINT: [libjvm.dylib+0x48a9a5], sa_mask[0]=11111111011111110111111111111111, sa_flags=SA_RESTART|SA_SIGINFO
SIGTERM: [libjvm.dylib+0x48a9a5], sa_mask[0]=11111111011111110111111111111111, sa_flags=SA_RESTART|SA_SIGINFO
SIGQUIT: [libjvm.dylib+0x48a9a5], sa_mask[0]=11111111011111110111111111111111, sa_flags=SA_RESTART|SA_SIGINFO


---------------  S Y S T E M  ---------------

OS:Bsduname:Darwin 19.3.0 Darwin Kernel Version 19.3.0: Thu Jan  9 20:58:23 PST 2020; root:xnu-6153.81.5~1/RELEASE_X86_64 x86_64
rlimit: STACK 8192k, CORE 0k, NPROC 2784, NOFILE 10240, AS infinity
load average:3.48 3.21 3.17

CPU:total 4 (initial active 4) (2 cores per cpu, 2 threads per core) family 6 model 69 stepping 1, cmov, cx8, fxsr, mmx, sse, sse2, sse3, ssse3, sse4.1, sse4.2, popcnt, avx, avx2, aes, clmul, erms, lzcnt, ht, tsc, tscinvbit, bmi1, bmi2

Memory: 4k page, physical 16777216k(18684k free)

/proc/meminfo:


vm_info: Java HotSpot(TM) 64-Bit Server VM (25.202-b08) for bsd-amd64 JRE (1.8.0_202-b08), built on Dec 15 2018 20:16:16 by "java_re" with gcc 4.2.1 (Based on Apple Inc. build 5658) (LLVM build 2336.11.00)

time: Thu Jul  2 22:59:48 2020
timezone: EDT
elapsed time: 2 seconds (0d 0h 0m 2s)

